Log file open, 03/20/20 23:29:08
LogWindows: Failed to load 'aqProf.dll' (GetLastError=126)
LogWindows: File 'aqProf.dll' does not exist
LogWindows: Failed to load 'VtuneApi.dll' (GetLastError=126)
LogWindows: File 'VtuneApi.dll' does not exist
LogWindows: Failed to load 'VtuneApi32e.dll' (GetLastError=126)
LogWindows: File 'VtuneApi32e.dll' does not exist
LogConsoleResponse: Display: Failed to find resolution value strings in scalability ini. Falling back to default.
LogInit: Display: Running engine for game: MyProject
LogPakFile: Registered encryption key '00000000000000000000000000000000': 0 pak files mounted, 0 remain pending
LogPlatformFile: Not using cached read wrapper
LogTaskGraph: Started task graph with 5 named threads and 23 total threads with 3 sets of task threads.
LogStats: Stats thread started at 0.392056
LogD3D11RHI: Loaded GFSDK_Aftermath_Lib.x64.dll
LogICUInternationalization: ICU TimeZone Detection - Raw Offset: +0:00, Platform Override: ''
LogPluginManager: Mounting plugin Paper2D
LogPluginManager: Mounting plugin AISupport
LogPluginManager: Mounting plugin LightPropagationVolume
LogPluginManager: Mounting plugin ActorLayerUtilities
LogPluginManager: Mounting plugin CLionSourceCodeAccess
LogPluginManager: Mounting plugin CodeLiteSourceCodeAccess
LogPluginManager: Mounting plugin GitSourceControl
LogPluginManager: Mounting plugin KDevelopSourceCodeAccess
LogPluginManager: Mounting plugin NullSourceCodeAccess
LogPluginManager: Mounting plugin PerforceSourceControl
LogPluginManager: Mounting plugin SubversionSourceControl
LogPluginManager: Mounting plugin UObjectPlugin
LogPluginManager: Mounting plugin VisualStudioCodeSourceCodeAccess
LogPluginManager: Mounting plugin VisualStudioSourceCodeAccess
LogPluginManager: Mounting plugin XCodeSourceCodeAccess
LogPluginManager: Mounting plugin AssetManagerEditor
LogPluginManager: Mounting plugin CryptoKeys
LogPluginManager: Mounting plugin DataValidation
LogPluginManager: Mounting plugin FacialAnimation
LogPluginManager: Mounting plugin GameplayTagsEditor
LogPluginManager: Mounting plugin MacGraphicsSwitching
LogPluginManager: Mounting plugin MeshEditor
LogPluginManager: Mounting plugin MobileLauncherProfileWizard
LogPluginManager: Mounting plugin PluginBrowser
LogPluginManager: Mounting plugin SpeedTreeImporter
LogPluginManager: Mounting plugin DatasmithContent
LogPluginManager: Mounting plugin VariantManagerContent
LogPluginManager: Mounting plugin AlembicImporter
LogPluginManager: Mounting plugin AppleImageUtils
LogPluginManager: Mounting plugin AppleVision
LogPluginManager: Mounting plugin BackChannel
LogPluginManager: Mounting plugin CharacterAI
LogPluginManager: Mounting plugin GeometryCache
LogPluginManager: Mounting plugin HTML5Networking
LogPluginManager: Mounting plugin ProxyLODPlugin
LogPluginManager: Mounting plugin MagicLeap
LogPluginManager: Mounting plugin MagicLeapMedia
LogPluginManager: Mounting plugin AndroidMedia
LogPluginManager: Mounting plugin AvfMedia
LogPluginManager: Mounting plugin ImgMedia
LogPluginManager: Mounting plugin LinearTimecode
LogPluginManager: Mounting plugin MediaCompositing
LogPluginManager: Mounting plugin MediaPlayerEditor
LogPluginManager: Mounting plugin WebMMedia
LogPluginManager: Mounting plugin WmfMedia
LogPluginManager: Mounting plugin TcpMessaging
LogPluginManager: Mounting plugin UdpMessaging
LogPluginManager: Mounting plugin ActorSequence
LogPluginManager: Mounting plugin LevelSequenceEditor
LogPluginManager: Mounting plugin MatineeToLevelSequence
LogPluginManager: Mounting plugin NetcodeUnitTest
LogPluginManager: Mounting plugin NUTUnrealEngine4
LogPluginManager: Mounting plugin OnlineSubsystemGooglePlay
LogPluginManager: Mounting plugin OnlineSubsystemIOS
LogPluginManager: Mounting plugin OnlineSubsystem
LogPluginManager: Mounting plugin OnlineSubsystemNull
LogPluginManager: Mounting plugin OnlineSubsystemUtils
LogPluginManager: Mounting plugin LauncherChunkInstaller
LogPluginManager: Mounting plugin AndroidDeviceProfileSelector
LogPluginManager: Mounting plugin AndroidMoviePlayer
LogPluginManager: Mounting plugin AndroidPermission
LogPluginManager: Mounting plugin ApexDestruction
LogPluginManager: Mounting plugin AppleMoviePlayer
LogPluginManager: Mounting plugin ArchVisCharacter
LogPluginManager: Mounting plugin AudioCapture
LogPluginManager: Mounting plugin CableComponent
LogPluginManager: Mounting plugin CustomMeshComponent
LogPluginManager: Mounting plugin EditableMesh
LogPluginManager: Mounting plugin ExampleDeviceProfileSelector
LogPluginManager: Mounting plugin Firebase
LogPluginManager: Mounting plugin GoogleCloudMessaging
LogPluginManager: Mounting plugin IOSDeviceProfileSelector
LogPluginManager: Mounting plugin LinuxDeviceProfileSelector
LogPluginManager: Mounting plugin LocationServicesBPLibrary
LogPluginManager: Mounting plugin MobilePatchingUtils
LogPluginManager: Mounting plugin OculusVR
LogPluginManager: Mounting plugin PhysXVehicles
LogPluginManager: Mounting plugin ProceduralMeshComponent
LogPluginManager: Mounting plugin RuntimePhysXCooking
LogPluginManager: Mounting plugin SteamVR
LogPluginManager: Mounting plugin WebMMoviePlayer
LogPluginManager: Mounting plugin WindowsMoviePlayer
LogPluginManager: Mounting plugin UnrealEnginePython
LogStreaming: Display: Took  0.543s to configure plugins.
LogInit: Using libcurl 7.55.1-DEV
LogInit:  - built for x86_64-pc-win32
LogInit:  - supports SSL with OpenSSL/1.0.2h
LogInit:  - supports HTTP deflate (compression) using libz 1.2.8
LogInit:  - other features:
LogInit:      CURL_VERSION_SSL
LogInit:      CURL_VERSION_LIBZ
LogInit:      CURL_VERSION_IPV6
LogInit:      CURL_VERSION_ASYNCHDNS
LogInit:      CURL_VERSION_LARGEFILE
LogInit:      CURL_VERSION_IDN
LogInit:  CurlRequestOptions (configurable via config and command line):
LogInit:  - bVerifyPeer = true  - Libcurl will verify peer certificate
LogInit:  - bUseHttpProxy = false  - Libcurl will NOT use HTTP proxy
LogInit:  - bDontReuseConnections = false  - Libcurl will reuse connections
LogInit:  - MaxHostConnections = 16  - Libcurl will limit the number of connections to a host
LogInit:  - LocalHostAddr = Default
LogInit:  - BufferSize = 65536
LogInit: WinSock: version 1.1 (2.2), MaxSocks=32767, MaxUdp=65467
LogInit: Build: ++UE4+Release-4.21-CL-4753647
LogInit: Engine Version: 4.21.2-4753647+++UE4+Release-4.21
LogInit: Compatible Engine Version: 4.21.0-4541578+++UE4+Release-4.21
LogInit: Net CL: 4541578
LogInit: OS: Windows 10 (), CPU: Intel(R) Core(TM) i7-7700HQ CPU @ 2.80GHz, GPU: Intel(R) HD Graphics 630
LogInit: Compiled (64-bit): Jan 19 2019 02:07:31
LogInit: Compiled with Visual C++: 19.13.26129.00
LogInit: Build Configuration: Development
LogInit: Branch Name: ++UE4+Release-4.21
LogInit: Command Line:  -EpicPortal -epicusername=RestInPieces_OA -epicuserid=674008105e2c46018e799e951aa7eaa7 -epiclocale=en
LogInit: Base Directory: E:/UE_4.21/Engine/Binaries/Win64/
LogInit: Installed Engine Build: 1
LogDevObjectVersion: Number of dev versions registered: 22
LogDevObjectVersion:   Dev-Blueprints (B0D832E4-1F89-4F0D-ACCF-7EB736FD4AA2): 10
LogDevObjectVersion:   Dev-Build (E1C64328-A22C-4D53-A36C-8E866417BD8C): 0
LogDevObjectVersion:   Dev-Core (375EC13C-06E4-48FB-B500-84F0262A717E): 2
LogDevObjectVersion:   Dev-Editor (E4B068ED-F494-42E9-A231-DA0B2E46BB41): 26
LogDevObjectVersion:   Dev-Framework (CFFC743F-43B0-4480-9391-14DF171D2073): 34
LogDevObjectVersion:   Dev-Mobile (B02B49B5-BB20-44E9-A304-32B752E40360): 2
LogDevObjectVersion:   Dev-Networking (A4E4105C-59A1-49B5-A7C5-40C4547EDFEE): 0
LogDevObjectVersion:   Dev-Online (39C831C9-5AE6-47DC-9A44-9C173E1C8E7C): 0
LogDevObjectVersion:   Dev-Physics (78F01B33-EBEA-4F98-B9B4-84EACCB95AA2): 0
LogDevObjectVersion:   Dev-Platform (6631380F-2D4D-43E0-8009-CF276956A95A): 0
LogDevObjectVersion:   Dev-Rendering (12F88B9F-8875-4AFC-A67C-D90C383ABD29): 27
LogDevObjectVersion:   Dev-Sequencer (7B5AE74C-D270-4C10-A958-57980B212A5A): 9
LogDevObjectVersion:   Dev-VR (D7296918-1DD6-4BDD-9DE2-64A83CC13884): 2
LogDevObjectVersion:   Dev-LoadTimes (C2A15278-BFE7-4AFE-6C17-90FF531DF755): 1
LogDevObjectVersion:   Private-Geometry (6EACA3D4-40EC-4CC1-B786-8BED09428FC5): 3
LogDevObjectVersion:   Dev-AnimPhys (29E575DD-E0A3-4627-9D10-D276232CDCEA): 17
LogDevObjectVersion:   Dev-Anim (AF43A65D-7FD3-4947-9873-3E8ED9C1BB05): 2
LogDevObjectVersion:   Dev-ReflectionCapture (6B266CEC-1EC7-4B8F-A30B-E4D90942FC07): 1
LogDevObjectVersion:   Dev-Automation (0DF73D61-A23F-47EA-B727-89E90C41499A): 1
LogDevObjectVersion:   FortniteMain (601D1886-AC64-4F84-AA16-D3DE0DEAC7D6): 17
LogDevObjectVersion:   Dev-Enterprise (9DFFBCD6-494F-0158-E221-12823C92A888): 4
LogDevObjectVersion:   Dev-Niagara (F2AED0AC-9AFE-416F-8664-AA7FFA26D6FC): 1
LogStreaming: Display: Took  0.031s to delete old logs.
LogInit: Presizing for max 8388607 objects, including 0 objects not considered by GC, pre-allocating 0 bytes for permanent pool.
LogInit: Object subsystem initialized
LogConfig: Setting CVar [[con.DebugEarlyDefault:1]]
LogConfig: Setting CVar [[r.setres:1280x720]]
[2020.03.20-23.29.11:211][  0]LogConfig: Setting CVar [[r.VSync:0]]
[2020.03.20-23.29.11:211][  0]LogConfig: Setting CVar [[r.RHICmdBypass:0]]
[2020.03.20-23.29.11:211][  0]LogConfig: Applying CVar settings from Section [/Script/Engine.RendererSettings] File [E:/Journeyman/Team-8-BIOMIX/Saved/Config/Windows/Engine.ini]
[2020.03.20-23.29.11:211][  0]LogConfig: Setting CVar [[r.GPUCrashDebugging:0]]
[2020.03.20-23.29.11:211][  0]LogConfig: Setting CVar [[r.GenerateMeshDistanceFields:1]]
[2020.03.20-23.29.11:211][  0]LogConfig: Applying CVar settings from Section [/Script/Engine.RendererOverrideSettings] File [E:/Journeyman/Team-8-BIOMIX/Saved/Config/Windows/Engine.ini]
[2020.03.20-23.29.11:211][  0]LogConfig: Applying CVar settings from Section [/Script/Engine.StreamingSettings] File [E:/Journeyman/Team-8-BIOMIX/Saved/Config/Windows/Engine.ini]
[2020.03.20-23.29.11:211][  0]LogConfig: Setting CVar [[s.MinBulkDataSizeForAsyncLoading:131072]]
[2020.03.20-23.29.11:211][  0]LogConfig: Setting CVar [[s.AsyncLoadingThreadEnabled:0]]
[2020.03.20-23.29.11:211][  0]LogConfig: Setting CVar [[s.EventDrivenLoaderEnabled:1]]
[2020.03.20-23.29.11:211][  0]LogConfig: Setting CVar [[s.WarnIfTimeLimitExceeded:0]]
[2020.03.20-23.29.11:211][  0]LogConfig: Setting CVar [[s.TimeLimitExceededMultiplier:1.5]]
[2020.03.20-23.29.11:211][  0]LogConfig: Setting CVar [[s.TimeLimitExceededMinTime:0.005]]
[2020.03.20-23.29.11:211][  0]LogConfig: Setting CVar [[s.UseBackgroundLevelStreaming:1]]
[2020.03.20-23.29.11:211][  0]LogConfig: Setting CVar [[s.PriorityAsyncLoadingExtraTime:15.0]]
[2020.03.20-23.29.11:211][  0]LogConfig: Setting CVar [[s.LevelStreamingActorsUpdateTimeLimit:5.0]]
[2020.03.20-23.29.11:211][  0]LogConfig: Setting CVar [[s.PriorityLevelStreamingActorsUpdateExtraTime:5.0]]
[2020.03.20-23.29.11:211][  0]LogConfig: Setting CVar [[s.LevelStreamingComponentsRegistrationGranularity:10]]
[2020.03.20-23.29.11:211][  0]LogConfig: Setting CVar [[s.UnregisterComponentsTimeLimit:1.0]]
[2020.03.20-23.29.11:211][  0]LogConfig: Setting CVar [[s.LevelStreamingComponentsUnregistrationGranularity:5]]
[2020.03.20-23.29.11:212][  0]LogConfig: Applying CVar settings from Section [/Script/Engine.GarbageCollectionSettings] File [E:/Journeyman/Team-8-BIOMIX/Saved/Config/Windows/Engine.ini]
[2020.03.20-23.29.11:212][  0]LogConfig: Setting CVar [[gc.MaxObjectsNotConsideredByGC:1]]
[2020.03.20-23.29.11:212][  0]LogConfig: Setting CVar [[gc.SizeOfPermanentObjectPool:0]]
[2020.03.20-23.29.11:212][  0]LogConfig: Setting CVar [[gc.FlushStreamingOnGC:0]]
[2020.03.20-23.29.11:212][  0]LogConfig: Setting CVar [[gc.NumRetriesBeforeForcingGC:10]]
[2020.03.20-23.29.11:212][  0]LogConfig: Setting CVar [[gc.AllowParallelGC:1]]
[2020.03.20-23.29.11:212][  0]LogConfig: Setting CVar [[gc.TimeBetweenPurgingPendingKillObjects:61.1]]
[2020.03.20-23.29.11:212][  0]LogConfig: Setting CVar [[gc.MaxObjectsInEditor:8388607]]
[2020.03.20-23.29.11:212][  0]LogConfig: Setting CVar [[gc.IncrementalBeginDestroyEnabled:1]]
[2020.03.20-23.29.11:212][  0]LogConfig: Setting CVar [[gc.CreateGCClusters:1]]
[2020.03.20-23.29.11:212][  0]LogConfig: Setting CVar [[gc.MergeGCClusters:0]]
[2020.03.20-23.29.11:212][  0]LogConfig: Setting CVar [[gc.MinGCClusterSize:5]]
[2020.03.20-23.29.11:212][  0]LogConfig: Setting CVar [[gc.ActorClusteringEnabled:0]]
[2020.03.20-23.29.11:212][  0]LogConfig: Setting CVar [[gc.BlueprintClusteringEnabled:0]]
[2020.03.20-23.29.11:212][  0]LogConfig: Setting CVar [[gc.UseDisregardForGCOnDedicatedServers:0]]
[2020.03.20-23.29.11:212][  0]LogConfig: Applying CVar settings from Section [/Script/Engine.NetworkSettings] File [E:/Journeyman/Team-8-BIOMIX/Saved/Config/Windows/Engine.ini]
[2020.03.20-23.29.11:212][  0]LogConfig: Applying CVar settings from Section [/Script/UnrealEd.CookerSettings] File [E:/Journeyman/Team-8-BIOMIX/Saved/Config/Windows/Engine.ini]
[2020.03.20-23.29.11:216][  0]LogConfig: Applying CVar settings from Section [ViewDistanceQuality@3] File [E:/Journeyman/Team-8-BIOMIX/Saved/Config/Windows/Scalability.ini]
[2020.03.20-23.29.11:216][  0]LogConfig: Setting CVar [[r.SkeletalMeshLODBias:0]]
[2020.03.20-23.29.11:216][  0]LogConfig: Setting CVar [[r.ViewDistanceScale:1.0]]
[2020.03.20-23.29.11:216][  0]LogConfig: Applying CVar settings from Section [AntiAliasingQuality@3] File [E:/Journeyman/Team-8-BIOMIX/Saved/Config/Windows/Scalability.ini]
[2020.03.20-23.29.11:216][  0]LogConfig: Setting CVar [[r.PostProcessAAQuality:4]]
[2020.03.20-23.29.11:216][  0]LogConfig: Applying CVar settings from Section [ShadowQuality@3] File [E:/Journeyman/Team-8-BIOMIX/Saved/Config/Windows/Scalability.ini]
[2020.03.20-23.29.11:216][  0]LogConfig: Setting CVar [[r.LightFunctionQuality:1]]
[2020.03.20-23.29.11:216][  0]LogConfig: Setting CVar [[r.ShadowQuality:5]]
[2020.03.20-23.29.11:216][  0]LogConfig: Setting CVar [[r.Shadow.CSM.MaxCascades:10]]
[2020.03.20-23.29.11:216][  0]LogConfig: Setting CVar [[r.Shadow.MaxResolution:2048]]
[2020.03.20-23.29.11:216][  0]LogConfig: Setting CVar [[r.Shadow.MaxCSMResolution:2048]]
[2020.03.20-23.29.11:216][  0]LogConfig: Setting CVar [[r.Shadow.RadiusThreshold:0.01]]
[2020.03.20-23.29.11:216][  0]LogConfig: Setting CVar [[r.Shadow.DistanceScale:1.0]]
[2020.03.20-23.29.11:216][  0]LogConfig: Setting CVar [[r.Shadow.CSM.TransitionScale:1.0]]
[2020.03.20-23.29.11:216][  0]LogConfig: Setting CVar [[r.Shadow.PreShadowResolutionFactor:1.0]]
[2020.03.20-23.29.11:216][  0]LogConfig: Setting CVar [[r.DistanceFieldShadowing:1]]
[2020.03.20-23.29.11:216][  0]LogConfig: Setting CVar [[r.DistanceFieldAO:1]]
[2020.03.20-23.29.11:216][  0]LogConfig: Setting CVar [[r.AOQuality:2]]
[2020.03.20-23.29.11:216][  0]LogConfig: Setting CVar [[r.VolumetricFog:1]]
[2020.03.20-23.29.11:216][  0]LogConfig: Setting CVar [[r.VolumetricFog.GridPixelSize:8]]
[2020.03.20-23.29.11:216][  0]LogConfig: Setting CVar [[r.VolumetricFog.GridSizeZ:128]]
[2020.03.20-23.29.11:217][  0]LogConfig: Setting CVar [[r.VolumetricFog.HistoryMissSupersampleCount:4]]
[2020.03.20-23.29.11:217][  0]LogConfig: Setting CVar [[r.LightMaxDrawDistanceScale:1]]
[2020.03.20-23.29.11:217][  0]LogConfig: Setting CVar [[r.CapsuleShadows:1]]
[2020.03.20-23.29.11:217][  0]LogConfig: Applying CVar settings from Section [PostProcessQuality@3] File [E:/Journeyman/Team-8-BIOMIX/Saved/Config/Windows/Scalability.ini]
[2020.03.20-23.29.11:217][  0]LogConfig: Setting CVar [[r.MotionBlurQuality:4]]
[2020.03.20-23.29.11:217][  0]LogConfig: Setting CVar [[r.AmbientOcclusionMipLevelFactor:0.4]]
[2020.03.20-23.29.11:217][  0]LogConfig: Setting CVar [[r.AmbientOcclusionMaxQuality:100]]
[2020.03.20-23.29.11:217][  0]LogConfig: Setting CVar [[r.AmbientOcclusionLevels:-1]]
[2020.03.20-23.29.11:217][  0]LogConfig: Setting CVar [[r.AmbientOcclusionRadiusScale:1.0]]
[2020.03.20-23.29.11:217][  0]LogConfig: Setting CVar [[r.DepthOfFieldQuality:2]]
[2020.03.20-23.29.11:217][  0]LogConfig: Setting CVar [[r.RenderTargetPoolMin:400]]
[2020.03.20-23.29.11:217][  0]LogConfig: Setting CVar [[r.LensFlareQuality:2]]
[2020.03.20-23.29.11:217][  0]LogConfig: Setting CVar [[r.SceneColorFringeQuality:1]]
[2020.03.20-23.29.11:217][  0]LogConfig: Setting CVar [[r.EyeAdaptationQuality:2]]
[2020.03.20-23.29.11:217][  0]LogConfig: Setting CVar [[r.BloomQuality:5]]
[2020.03.20-23.29.11:217][  0]LogConfig: Setting CVar [[r.FastBlurThreshold:100]]
[2020.03.20-23.29.11:217][  0]LogConfig: Setting CVar [[r.Upscale.Quality:3]]
[2020.03.20-23.29.11:217][  0]LogConfig: Setting CVar [[r.Tonemapper.GrainQuantization:1]]
[2020.03.20-23.29.11:217][  0]LogConfig: Setting CVar [[r.LightShaftQuality:1]]
[2020.03.20-23.29.11:217][  0]LogConfig: Setting CVar [[r.Filter.SizeScale:1]]
[2020.03.20-23.29.11:217][  0]LogConfig: Setting CVar [[r.Tonemapper.Quality:5]]
[2020.03.20-23.29.11:217][  0]LogConfig: Setting CVar [[r.DOF.Gather.AccumulatorQuality:1        ; higher gathering accumulator quality]]
[2020.03.20-23.29.11:217][  0]LogConfig: Setting CVar [[r.DOF.Gather.PostfilterMethod:1          ; Median3x3 postfilering method]]
[2020.03.20-23.29.11:217][  0]LogConfig: Setting CVar [[r.DOF.Gather.EnableBokehSettings:0       ; no bokeh simulation when gathering]]
[2020.03.20-23.29.11:217][  0]LogConfig: Setting CVar [[r.DOF.Gather.RingCount:4                 ; medium number of samples when gathering]]
[2020.03.20-23.29.11:217][  0]LogConfig: Setting CVar [[r.DOF.Scatter.ForegroundCompositing:1    ; additive foreground scattering]]
[2020.03.20-23.29.11:217][  0]LogConfig: Setting CVar [[r.DOF.Scatter.BackgroundCompositing:2    ; additive background scattering]]
[2020.03.20-23.29.11:217][  0]LogConfig: Setting CVar [[r.DOF.Scatter.EnableBokehSettings:1      ; bokeh simulation when scattering]]
[2020.03.20-23.29.11:217][  0]LogConfig: Setting CVar [[r.DOF.Scatter.MaxSpriteRatio:0.1         ; only a maximum of 10% of scattered bokeh]]
[2020.03.20-23.29.11:217][  0]LogConfig: Setting CVar [[r.DOF.Recombine.Quality:1                ; cheap slight out of focus]]
[2020.03.20-23.29.11:217][  0]LogConfig: Setting CVar [[r.DOF.Recombine.EnableBokehSettings:0    ; no bokeh simulation on slight out of focus]]
[2020.03.20-23.29.11:217][  0]LogConfig: Setting CVar [[r.DOF.TemporalAAQuality:1                ; more stable temporal accumulation]]
[2020.03.20-23.29.11:217][  0]LogConfig: Setting CVar [[r.DOF.Kernel.MaxForegroundRadius:0.025]]
[2020.03.20-23.29.11:217][  0]LogConfig: Setting CVar [[r.DOF.Kernel.MaxBackgroundRadius:0.025]]
[2020.03.20-23.29.11:217][  0]LogConfig: Applying CVar settings from Section [TextureQuality@3] File [E:/Journeyman/Team-8-BIOMIX/Saved/Config/Windows/Scalability.ini]
[2020.03.20-23.29.11:217][  0]LogConfig: Setting CVar [[r.Streaming.MipBias:0]]
[2020.03.20-23.29.11:217][  0]LogConfig: Setting CVar [[r.Streaming.AmortizeCPUToGPUCopy:0]]
[2020.03.20-23.29.11:217][  0]LogConfig: Setting CVar [[r.Streaming.MaxNumTexturesToStreamPerFrame:0]]
[2020.03.20-23.29.11:217][  0]LogConfig: Setting CVar [[r.Streaming.Boost:1]]
[2020.03.20-23.29.11:217][  0]LogConfig: Setting CVar [[r.MaxAnisotropy:8]]
[2020.03.20-23.29.11:217][  0]LogConfig: Setting CVar [[r.Streaming.LimitPoolSizeToVRAM:0]]
[2020.03.20-23.29.11:217][  0]LogConfig: Setting CVar [[r.Streaming.PoolSize:1000]]
[2020.03.20-23.29.11:217][  0]LogConfig: Setting CVar [[r.Streaming.MaxEffectiveScreenSize:0]]
[2020.03.20-23.29.11:217][  0]LogConfig: Applying CVar settings from Section [EffectsQuality@3] File [E:/Journeyman/Team-8-BIOMIX/Saved/Config/Windows/Scalability.ini]
[2020.03.20-23.29.11:218][  0]LogConfig: Setting CVar [[r.TranslucencyLightingVolumeDim:64]]
[2020.03.20-23.29.11:218][  0]LogConfig: Setting CVar [[r.RefractionQuality:2]]
[2020.03.20-23.29.11:218][  0]LogConfig: Setting CVar [[r.SSR.Quality:3]]
[2020.03.20-23.29.11:218][  0]LogConfig: Setting CVar [[r.SceneColorFormat:4]]
[2020.03.20-23.29.11:218][  0]LogConfig: Setting CVar [[r.DetailMode:2]]
[2020.03.20-23.29.11:218][  0]LogConfig: Setting CVar [[r.TranslucencyVolumeBlur:1]]
[2020.03.20-23.29.11:218][  0]LogConfig: Setting CVar [[r.MaterialQualityLevel:1 ; High quality]]
[2020.03.20-23.29.11:218][  0]LogConfig: Setting CVar [[r.SSS.Scale:1]]
[2020.03.20-23.29.11:218][  0]LogConfig: Setting CVar [[r.SSS.SampleSet:2]]
[2020.03.20-23.29.11:218][  0]LogConfig: Setting CVar [[r.SSS.Quality:1]]
[2020.03.20-23.29.11:218][  0]LogConfig: Setting CVar [[r.SSS.HalfRes:1]]
[2020.03.20-23.29.11:218][  0]LogConfig: Setting CVar [[r.EmitterSpawnRateScale:1.0]]
[2020.03.20-23.29.11:218][  0]LogConfig: Setting CVar [[r.ParticleLightQuality:2]]
[2020.03.20-23.29.11:218][  0]LogConfig: Applying CVar settings from Section [FoliageQuality@3] File [E:/Journeyman/Team-8-BIOMIX/Saved/Config/Windows/Scalability.ini]
[2020.03.20-23.29.11:218][  0]LogConfig: Setting CVar [[foliage.DensityScale:1.0]]
[2020.03.20-23.29.11:218][  0]LogConfig: Setting CVar [[grass.DensityScale:1.0]]
[2020.03.20-23.29.11:218][  0]LogInit: Selected Device Profile: [Windows]
[2020.03.20-23.29.11:218][  0]LogInit: Applying CVar settings loaded from the selected device profile: [Windows]
[2020.03.20-23.29.11:318][  0]LogHAL: Display: Platform has ~ 16 GB [17057812480 / 17179869184 / 16], which maps to Larger [LargestMinGB=32, LargerMinGB=12, DefaultMinGB=8, SmallerMinGB=6, SmallestMinGB=0)
[2020.03.20-23.29.11:318][  0]LogConfig: Setting CVar [[r.Vulkan.UseRealUBs:1]]
[2020.03.20-23.29.11:318][  0]LogInit: Going up to parent DeviceProfile []
[2020.03.20-23.29.11:319][  0]LogConfig: Applying CVar settings from Section [ViewDistanceQuality@3] File [E:/Journeyman/Team-8-BIOMIX/Saved/Config/Windows/Scalability.ini]
[2020.03.20-23.29.11:319][  0]LogConfig: Setting CVar [[r.SkeletalMeshLODBias:0]]
[2020.03.20-23.29.11:319][  0]LogConfig: Setting CVar [[r.ViewDistanceScale:1.0]]
[2020.03.20-23.29.11:319][  0]LogConfig: Applying CVar settings from Section [AntiAliasingQuality@3] File [E:/Journeyman/Team-8-BIOMIX/Saved/Config/Windows/Scalability.ini]
[2020.03.20-23.29.11:319][  0]LogConfig: Setting CVar [[r.PostProcessAAQuality:4]]
[2020.03.20-23.29.11:319][  0]LogConfig: Applying CVar settings from Section [ShadowQuality@3] File [E:/Journeyman/Team-8-BIOMIX/Saved/Config/Windows/Scalability.ini]
[2020.03.20-23.29.11:319][  0]LogConfig: Setting CVar [[r.LightFunctionQuality:1]]
[2020.03.20-23.29.11:319][  0]LogConfig: Setting CVar [[r.ShadowQuality:5]]
[2020.03.20-23.29.11:319][  0]LogConfig: Setting CVar [[r.Shadow.CSM.MaxCascades:10]]
[2020.03.20-23.29.11:319][  0]LogConfig: Setting CVar [[r.Shadow.MaxResolution:2048]]
[2020.03.20-23.29.11:320][  0]LogConfig: Setting CVar [[r.Shadow.MaxCSMResolution:2048]]
[2020.03.20-23.29.11:320][  0]LogConfig: Setting CVar [[r.Shadow.RadiusThreshold:0.01]]
[2020.03.20-23.29.11:320][  0]LogConfig: Setting CVar [[r.Shadow.DistanceScale:1.0]]
[2020.03.20-23.29.11:320][  0]LogConfig: Setting CVar [[r.Shadow.CSM.TransitionScale:1.0]]
[2020.03.20-23.29.11:320][  0]LogConfig: Setting CVar [[r.Shadow.PreShadowResolutionFactor:1.0]]
[2020.03.20-23.29.11:320][  0]LogConfig: Setting CVar [[r.DistanceFieldShadowing:1]]
[2020.03.20-23.29.11:320][  0]LogConfig: Setting CVar [[r.DistanceFieldAO:1]]
[2020.03.20-23.29.11:320][  0]LogConfig: Setting CVar [[r.AOQuality:2]]
[2020.03.20-23.29.11:320][  0]LogConfig: Setting CVar [[r.VolumetricFog:1]]
[2020.03.20-23.29.11:320][  0]LogConfig: Setting CVar [[r.VolumetricFog.GridPixelSize:8]]
[2020.03.20-23.29.11:320][  0]LogConfig: Setting CVar [[r.VolumetricFog.GridSizeZ:128]]
[2020.03.20-23.29.11:320][  0]LogConfig: Setting CVar [[r.VolumetricFog.HistoryMissSupersampleCount:4]]
[2020.03.20-23.29.11:320][  0]LogConfig: Setting CVar [[r.LightMaxDrawDistanceScale:1]]
[2020.03.20-23.29.11:320][  0]LogConfig: Setting CVar [[r.CapsuleShadows:1]]
[2020.03.20-23.29.11:321][  0]LogConfig: Applying CVar settings from Section [PostProcessQuality@3] File [E:/Journeyman/Team-8-BIOMIX/Saved/Config/Windows/Scalability.ini]
[2020.03.20-23.29.11:321][  0]LogConfig: Setting CVar [[r.MotionBlurQuality:4]]
[2020.03.20-23.29.11:321][  0]LogConfig: Setting CVar [[r.AmbientOcclusionMipLevelFactor:0.4]]
[2020.03.20-23.29.11:321][  0]LogConfig: Setting CVar [[r.AmbientOcclusionMaxQuality:100]]
[2020.03.20-23.29.11:321][  0]LogConfig: Setting CVar [[r.AmbientOcclusionLevels:-1]]
[2020.03.20-23.29.11:321][  0]LogConfig: Setting CVar [[r.AmbientOcclusionRadiusScale:1.0]]
[2020.03.20-23.29.11:321][  0]LogConfig: Setting CVar [[r.DepthOfFieldQuality:2]]
[2020.03.20-23.29.11:321][  0]LogConfig: Setting CVar [[r.RenderTargetPoolMin:400]]
[2020.03.20-23.29.11:321][  0]LogConfig: Setting CVar [[r.LensFlareQuality:2]]
[2020.03.20-23.29.11:321][  0]LogConfig: Setting CVar [[r.SceneColorFringeQuality:1]]
[2020.03.20-23.29.11:321][  0]LogConfig: Setting CVar [[r.EyeAdaptationQuality:2]]
[2020.03.20-23.29.11:321][  0]LogConfig: Setting CVar [[r.BloomQuality:5]]
[2020.03.20-23.29.11:321][  0]LogConfig: Setting CVar [[r.FastBlurThreshold:100]]
[2020.03.20-23.29.11:321][  0]LogConfig: Setting CVar [[r.Upscale.Quality:3]]
[2020.03.20-23.29.11:321][  0]LogConfig: Setting CVar [[r.Tonemapper.GrainQuantization:1]]
[2020.03.20-23.29.11:321][  0]LogConfig: Setting CVar [[r.LightShaftQuality:1]]
[2020.03.20-23.29.11:321][  0]LogConfig: Setting CVar [[r.Filter.SizeScale:1]]
[2020.03.20-23.29.11:321][  0]LogConfig: Setting CVar [[r.Tonemapper.Quality:5]]
[2020.03.20-23.29.11:321][  0]LogConfig: Setting CVar [[r.DOF.Gather.AccumulatorQuality:1        ; higher gathering accumulator quality]]
[2020.03.20-23.29.11:322][  0]LogConfig: Setting CVar [[r.DOF.Gather.PostfilterMethod:1          ; Median3x3 postfilering method]]
[2020.03.20-23.29.11:322][  0]LogConfig: Setting CVar [[r.DOF.Gather.EnableBokehSettings:0       ; no bokeh simulation when gathering]]
[2020.03.20-23.29.11:322][  0]LogConfig: Setting CVar [[r.DOF.Gather.RingCount:4                 ; medium number of samples when gathering]]
[2020.03.20-23.29.11:322][  0]LogConfig: Setting CVar [[r.DOF.Scatter.ForegroundCompositing:1    ; additive foreground scattering]]
[2020.03.20-23.29.11:322][  0]LogConfig: Setting CVar [[r.DOF.Scatter.BackgroundCompositing:2    ; additive background scattering]]
[2020.03.20-23.29.11:322][  0]LogConfig: Setting CVar [[r.DOF.Scatter.EnableBokehSettings:1      ; bokeh simulation when scattering]]
[2020.03.20-23.29.11:322][  0]LogConfig: Setting CVar [[r.DOF.Scatter.MaxSpriteRatio:0.1         ; only a maximum of 10% of scattered bokeh]]
[2020.03.20-23.29.11:322][  0]LogConfig: Setting CVar [[r.DOF.Recombine.Quality:1                ; cheap slight out of focus]]
[2020.03.20-23.29.11:322][  0]LogConfig: Setting CVar [[r.DOF.Recombine.EnableBokehSettings:0    ; no bokeh simulation on slight out of focus]]
[2020.03.20-23.29.11:322][  0]LogConfig: Setting CVar [[r.DOF.TemporalAAQuality:1                ; more stable temporal accumulation]]
[2020.03.20-23.29.11:322][  0]LogConfig: Setting CVar [[r.DOF.Kernel.MaxForegroundRadius:0.025]]
[2020.03.20-23.29.11:322][  0]LogConfig: Setting CVar [[r.DOF.Kernel.MaxBackgroundRadius:0.025]]
[2020.03.20-23.29.11:322][  0]LogConfig: Applying CVar settings from Section [TextureQuality@3] File [E:/Journeyman/Team-8-BIOMIX/Saved/Config/Windows/Scalability.ini]
[2020.03.20-23.29.11:322][  0]LogConfig: Setting CVar [[r.Streaming.MipBias:0]]
[2020.03.20-23.29.11:322][  0]LogConfig: Setting CVar [[r.Streaming.AmortizeCPUToGPUCopy:0]]
[2020.03.20-23.29.11:322][  0]LogConfig: Setting CVar [[r.Streaming.MaxNumTexturesToStreamPerFrame:0]]
[2020.03.20-23.29.11:322][  0]LogConfig: Setting CVar [[r.Streaming.Boost:1]]
[2020.03.20-23.29.11:322][  0]LogConfig: Setting CVar [[r.MaxAnisotropy:8]]
[2020.03.20-23.29.11:322][  0]LogConfig: Setting CVar [[r.Streaming.LimitPoolSizeToVRAM:0]]
[2020.03.20-23.29.11:322][  0]LogConfig: Setting CVar [[r.Streaming.PoolSize:1000]]
[2020.03.20-23.29.11:322][  0]LogConfig: Setting CVar [[r.Streaming.MaxEffectiveScreenSize:0]]
[2020.03.20-23.29.11:322][  0]LogConfig: Applying CVar settings from Section [EffectsQuality@3] File [E:/Journeyman/Team-8-BIOMIX/Saved/Config/Windows/Scalability.ini]
[2020.03.20-23.29.11:322][  0]LogConfig: Setting CVar [[r.TranslucencyLightingVolumeDim:64]]
[2020.03.20-23.29.11:322][  0]LogConfig: Setting CVar [[r.RefractionQuality:2]]
[2020.03.20-23.29.11:322][  0]LogConfig: Setting CVar [[r.SSR.Quality:3]]
[2020.03.20-23.29.11:322][  0]LogConfig: Setting CVar [[r.SceneColorFormat:4]]
[2020.03.20-23.29.11:322][  0]LogConfig: Setting CVar [[r.DetailMode:2]]
[2020.03.20-23.29.11:322][  0]LogConfig: Setting CVar [[r.TranslucencyVolumeBlur:1]]
[2020.03.20-23.29.11:322][  0]LogConfig: Setting CVar [[r.MaterialQualityLevel:1 ; High quality]]
[2020.03.20-23.29.11:322][  0]LogConfig: Setting CVar [[r.SSS.Scale:1]]
[2020.03.20-23.29.11:322][  0]LogConfig: Setting CVar [[r.SSS.SampleSet:2]]
[2020.03.20-23.29.11:322][  0]LogConfig: Setting CVar [[r.SSS.Quality:1]]
[2020.03.20-23.29.11:322][  0]LogConfig: Setting CVar [[r.SSS.HalfRes:1]]
[2020.03.20-23.29.11:322][  0]LogConfig: Setting CVar [[r.EmitterSpawnRateScale:1.0]]
[2020.03.20-23.29.11:322][  0]LogConfig: Setting CVar [[r.ParticleLightQuality:2]]
[2020.03.20-23.29.11:322][  0]LogConfig: Applying CVar settings from Section [FoliageQuality@3] File [E:/Journeyman/Team-8-BIOMIX/Saved/Config/Windows/Scalability.ini]
[2020.03.20-23.29.11:322][  0]LogConfig: Setting CVar [[foliage.DensityScale:1.0]]
[2020.03.20-23.29.11:323][  0]LogConfig: Setting CVar [[grass.DensityScale:1.0]]
[2020.03.20-23.29.11:323][  0]LogConfig: Applying CVar settings from Section [Startup] File [../../../Engine/Config/ConsoleVariables.ini]
[2020.03.20-23.29.11:328][  0]LogConfig: Setting CVar [[net.UseAdaptiveNetUpdateFrequency:0]]
[2020.03.20-23.29.11:328][  0]LogConfig: Applying CVar settings from Section [ConsoleVariables] File [E:/Journeyman/Team-8-BIOMIX/Saved/Config/Windows/Engine.ini]
[2020.03.20-23.29.11:328][  0]LogInit: Computer: NIALL
[2020.03.20-23.29.11:328][  0]LogInit: User: niall
[2020.03.20-23.29.11:328][  0]LogInit: CPU Page size=4096, Cores=4
[2020.03.20-23.29.11:328][  0]LogInit: High frequency timer resolution =10.000000 MHz
[2020.03.20-23.29.11:329][  0]LogMemory: Memory total: Physical=15.9GB (16GB approx)
[2020.03.20-23.29.11:329][  0]LogMemory: Platform Memory Stats for Windows
[2020.03.20-23.29.11:329][  0]LogMemory: Process Physical Memory: 105.59 MB used, 105.59 MB peak
[2020.03.20-23.29.11:329][  0]LogMemory: Process Virtual Memory: 88.75 MB used, 88.75 MB peak
[2020.03.20-23.29.11:329][  0]LogMemory: Physical Memory: 10355.01 MB used,  5912.59 MB free, 16267.60 MB total
[2020.03.20-23.29.11:329][  0]LogMemory: Virtual Memory: 4633.40 MB used,  134213096.00 MB free, 134217728.00 MB total
[2020.03.20-23.29.11:876][  0]LogInit: Using OS detected language (en-GB).
[2020.03.20-23.29.11:877][  0]LogInit: Using OS detected locale (en-GB).
[2020.03.20-23.29.11:877][  0]LogTextLocalizationManager: No specific localization for 'en-GB' exists, so the 'en' localization will be used.
[2020.03.20-23.29.12:430][  0]LogStreaming: Display: Took  0.554s to InitEngineTextLocalization.
[2020.03.20-23.29.12:430][  0]LogInit: Setting process to per monitor DPI aware
[2020.03.20-23.29.12:572][  0]LogSlate: New Slate User Created.  User Index 0, Is Virtual User: 0
[2020.03.20-23.29.12:572][  0]LogSlate: Slate User Registered.  User Index 0, Is Virtual User: 0
[2020.03.20-23.29.20:728][  0]LogHMD: Failed to initialize OpenVR with code 108
[2020.03.20-23.29.20:729][  0]LogD3D11RHI: D3D11 adapters:
[2020.03.20-23.29.20:843][  0]LogD3D11RHI:    0. 'NVIDIA GeForce GTX 1060' (Feature Level 11_0)
[2020.03.20-23.29.20:843][  0]LogD3D11RHI:       6052/0/8133 MB DedicatedVideo/DedicatedSystem/SharedSystem, Outputs:1, VendorId:0x10de
[2020.03.20-23.29.20:856][  0]LogD3D11RHI:    1. 'Intel(R) HD Graphics 630' (Feature Level 11_0)
[2020.03.20-23.29.20:856][  0]LogD3D11RHI:       128/0/8133 MB DedicatedVideo/DedicatedSystem/SharedSystem, Outputs:0, VendorId:0x8086
[2020.03.20-23.29.20:858][  0]LogD3D11RHI:    2. 'Microsoft Basic Render Driver' (Feature Level 11_0)
[2020.03.20-23.29.20:859][  0]LogD3D11RHI:       0/0/8133 MB DedicatedVideo/DedicatedSystem/SharedSystem, Outputs:0, VendorId:0x1414
[2020.03.20-23.29.20:859][  0]LogD3D11RHI: Chosen D3D11 Adapter: 0
[2020.03.20-23.29.20:894][  0]LogD3D11RHI: Creating new Direct3DDevice
[2020.03.20-23.29.20:894][  0]LogD3D11RHI:     GPU DeviceId: 0x1c20 (for the marketing name, search the web for "GPU Device Id")
[2020.03.20-23.29.20:894][  0]LogWindows: EnumDisplayDevices:
[2020.03.20-23.29.20:894][  0]LogWindows:    0. 'Intel(R) HD Graphics 630' (P:1 D:1)
[2020.03.20-23.29.20:895][  0]LogWindows:    1. 'Intel(R) HD Graphics 630' (P:0 D:0)
[2020.03.20-23.29.20:895][  0]LogWindows:    2. 'Intel(R) HD Graphics 630' (P:0 D:0)
[2020.03.20-23.29.20:895][  0]LogWindows:    3. 'NVIDIA GeForce GTX 1060' (P:0 D:0)
[2020.03.20-23.29.20:895][  0]LogWindows:    4. 'NVIDIA GeForce GTX 1060' (P:0 D:0)
[2020.03.20-23.29.20:896][  0]LogWindows:    5. 'NVIDIA GeForce GTX 1060' (P:0 D:0)
[2020.03.20-23.29.20:896][  0]LogWindows:    6. 'NVIDIA GeForce GTX 1060' (P:0 D:0)
[2020.03.20-23.29.20:896][  0]LogWindows: DebugString: PrimaryIsNotTheChoosenAdapter PrimaryIsNotTheChoosenAdapter PrimaryIsNotTheChoosenAdapter FoundDriverCount:4 
[2020.03.20-23.29.20:896][  0]LogD3D11RHI:     Adapter Name: NVIDIA GeForce GTX 1060
[2020.03.20-23.29.20:896][  0]LogD3D11RHI:   Driver Version: 442.50 (internal:26.21.14.4250, unified:442.50)
[2020.03.20-23.29.20:896][  0]LogD3D11RHI:      Driver Date: 2-24-2020
[2020.03.20-23.29.20:896][  0]LogRHI: Texture pool is 4236 MB (70% of 6052 MB)
[2020.03.20-23.29.20:949][  0]LogD3D11RHI: Async texture creation enabled
[2020.03.20-23.29.20:982][  0]LogD3D11RHI: GPU Timing Frequency: 1000.000000 (Debug: 2 1)
[2020.03.20-23.29.21:673][  0]LogTemp: Display: Loaded TP AllDesktopTargetPlatform
[2020.03.20-23.29.21:727][  0]LogTemp: Display: Loaded TP MacClientTargetPlatform
[2020.03.20-23.29.21:774][  0]LogTemp: Display: Loaded TP MacNoEditorTargetPlatform
[2020.03.20-23.29.21:830][  0]LogTemp: Display: Loaded TP MacServerTargetPlatform
[2020.03.20-23.29.21:868][  0]LogTemp: Display: Loaded TP MacTargetPlatform
[2020.03.20-23.29.21:931][  0]LogTemp: Display: Loaded TP WindowsClientTargetPlatform
[2020.03.20-23.29.21:966][  0]LogTemp: Display: Loaded TP WindowsNoEditorTargetPlatform
[2020.03.20-23.29.22:005][  0]LogTemp: Display: Loaded TP WindowsServerTargetPlatform
[2020.03.20-23.29.22:037][  0]LogTemp: Display: Loaded TP WindowsTargetPlatform
[2020.03.20-23.29.22:188][  0]LogTemp: Display: Loaded TP AndroidTargetPlatform
[2020.03.20-23.29.22:188][  0]LogTemp: Display: Loaded TP AndroidTargetPlatform
[2020.03.20-23.29.22:188][  0]LogTemp: Display: Loaded TP AndroidTargetPlatform
[2020.03.20-23.29.22:188][  0]LogTemp: Display: Loaded TP AndroidTargetPlatform
[2020.03.20-23.29.22:188][  0]LogTemp: Display: Loaded TP AndroidTargetPlatform
[2020.03.20-23.29.22:188][  0]LogTemp: Display: Loaded TP AndroidTargetPlatform
[2020.03.20-23.29.22:188][  0]LogTemp: Display: Loaded TP AndroidTargetPlatform
[2020.03.20-23.29.22:188][  0]LogTemp: Display: Loaded TP AndroidTargetPlatform
[2020.03.20-23.29.22:188][  0]LogTemp: Display: Loaded TP AndroidTargetPlatform
[2020.03.20-23.29.22:188][  0]LogTemp: Display: Loaded TP AndroidTargetPlatform
[2020.03.20-23.29.22:188][  0]LogTemp: Display: Loaded TP AndroidTargetPlatform
[2020.03.20-23.29.22:188][  0]LogTemp: Display: Loaded TP AndroidTargetPlatform
[2020.03.20-23.29.22:189][  0]LogTemp: Display: Loaded TP AndroidTargetPlatform
[2020.03.20-23.29.22:189][  0]LogTemp: Display: Loaded TP AndroidTargetPlatform
[2020.03.20-23.29.22:189][  0]LogTemp: Display: Loaded TP AndroidTargetPlatform
[2020.03.20-23.29.22:189][  0]LogTemp: Display: Loaded TP AndroidTargetPlatform
[2020.03.20-23.29.22:189][  0]LogTemp: Display: Loaded TP AndroidTargetPlatform
[2020.03.20-23.29.22:189][  0]LogTemp: Display: Loaded TP AndroidTargetPlatform
[2020.03.20-23.29.22:232][  0]LogTemp: Display: Loaded TP HTML5TargetPlatform
[2020.03.20-23.29.22:446][  0]LogTemp: Display: Loaded TP IOSTargetPlatform
[2020.03.20-23.29.22:446][  0]LogTemp: Display: Loaded TP IOSTargetPlatform
[2020.03.20-23.29.22:546][  0]LogTemp: Display: Loaded TP TVOSTargetPlatform
[2020.03.20-23.29.22:546][  0]LogTemp: Display: Loaded TP TVOSTargetPlatform
[2020.03.20-23.29.22:609][  0]LogTemp: Display: Loaded TP LinuxClientTargetPlatform
[2020.03.20-23.29.22:653][  0]LogTemp: Display: Loaded TP LinuxNoEditorTargetPlatform
[2020.03.20-23.29.22:688][  0]LogTemp: Display: Loaded TP LinuxServerTargetPlatform
[2020.03.20-23.29.22:739][  0]LogTemp: Display: Loaded TP LinuxTargetPlatform
[2020.03.20-23.29.22:826][  0]LogTemp: Display: Loaded TP LuminTargetPlatform
[2020.03.20-23.29.22:826][  0]LogTemp: Display: Loaded TP LuminTargetPlatform
[2020.03.20-23.29.22:826][  0]LogTargetPlatformManager: Display: Building Assets For Windows
[2020.03.20-23.29.23:809][  0]LogShaderCompilers: Guid format shader working directory is 10 characters bigger than the processId version (../../../../Journeyman/Team-8-BIOMIX/Intermediate/Shaders/WorkingDirectory/5100/).
[2020.03.20-23.29.23:809][  0]LogShaderCompilers: Cleaned the shader compiler working directory 'C:/Users/niall/AppData/Local/Temp/UnrealShaderWorkingDir/CB759C8343DE35A85888D6A4E758972E/'.
[2020.03.20-23.29.23:811][  0]LogXGEController: Cannot use XGE Controller as Incredibuild is not installed on this machine.
[2020.03.20-23.29.23:811][  0]LogShaderCompilers: Cannot use XGE Shader Compiler as Incredibuild is not installed on this machine.
[2020.03.20-23.29.23:811][  0]LogShaderCompilers: Display: Using Local Shader Compiler.
[2020.03.20-23.29.26:321][  0]LogDerivedDataCache: Display: Max Cache Size: 512 MB
[2020.03.20-23.29.26:404][  0]LogDerivedDataCache: Loaded boot cache 0.08s 71MB C:/Users/niall/AppData/Local/UnrealEngine/4.21/DerivedDataCache/Boot.ddc.
[2020.03.20-23.29.26:404][  0]LogDerivedDataCache: Display: Loaded Boot cache: C:/Users/niall/AppData/Local/UnrealEngine/4.21/DerivedDataCache/Boot.ddc
[2020.03.20-23.29.26:404][  0]LogDerivedDataCache: FDerivedDataBackendGraph:  Pak pak cache file ../../../../Journeyman/Team-8-BIOMIX/DerivedDataCache/DDC.ddp not found, will not use a pak cache.
[2020.03.20-23.29.26:404][  0]LogDerivedDataCache: Unable to find inner node Pak for hierarchical cache Hierarchy.
[2020.03.20-23.29.26:404][  0]LogDerivedDataCache: FDerivedDataBackendGraph:  CompressedPak pak cache file ../../../../Journeyman/Team-8-BIOMIX/DerivedDataCache/Compressed.ddp not found, will not use a pak cache.
[2020.03.20-23.29.26:404][  0]LogDerivedDataCache: Unable to find inner node CompressedPak for hierarchical cache Hierarchy.
[2020.03.20-23.29.26:599][  0]LogDerivedDataCache: Display: Pak cache opened for reading ../../../Engine/DerivedDataCache/Compressed.ddp.
[2020.03.20-23.29.26:600][  0]LogDerivedDataCache: FDerivedDataBackendGraph:  EnterprisePak pak cache file ../../../Enterprise/DerivedDataCache/Compressed.ddp not found, will not use a pak cache.
[2020.03.20-23.29.26:600][  0]LogDerivedDataCache: Unable to find inner node EnterprisePak for hierarchical cache Hierarchy.
[2020.03.20-23.29.26:615][  0]LogDerivedDataCache: Using Local data cache path C:/Users/niall/AppData/Local/UnrealEngine/Common/DerivedDataCache: Writable
[2020.03.20-23.29.26:615][  0]LogDerivedDataCache: Shared data cache path not found in *engine.ini, will not use an Shared cache.
[2020.03.20-23.29.26:615][  0]LogDerivedDataCache: Unable to find inner node Shared for hierarchical cache Hierarchy.
[2020.03.20-23.29.26:646][  0]LogMaterial: Verifying Global Shaders for PCD3D_SM5
[2020.03.20-23.29.26:648][  0]LogSlate: Using FreeType 2.6.0
[2020.03.20-23.29.26:665][  0]LogSlate: SlateFontServices - WITH_FREETYPE: 1, WITH_HARFBUZZ: 1
[2020.03.20-23.29.26:777][  0]LogAssetRegistry: FAssetRegistry took 0.0376 seconds to start up
[2020.03.20-23.29.27:221][  0]LogInit: Selected Device Profile: [Windows]
[2020.03.20-23.29.27:693][  0]LogSimplygon: Simplygon DLL not present - disabling.
[2020.03.20-23.29.27:727][  0]LogMeshReduction: Using SimplygonSwarm for distributed automatic mesh merging
[2020.03.20-23.29.27:727][  0]LogMeshReduction: Using ProxyLODMeshReduction for automatic mesh merging
[2020.03.20-23.29.27:727][  0]LogMeshReduction: Using QuadricMeshReduction for automatic static mesh reduction
[2020.03.20-23.29.27:727][  0]LogMeshReduction: No automatic skeletal mesh reduction module available
[2020.03.20-23.29.27:803][  0]LogNetVersion: MyProject 1.0.0, NetCL: 4541578, EngineNetVer: 5, GameNetVer: 0 (Checksum: 1637960414)
[2020.03.20-23.29.30:338][  0]LogPackageLocalizationCache: Processed 12 localized package path(s) for 2 prioritized culture(s) in 1.253877 seconds
[2020.03.20-23.29.30:344][  0]LogUObjectArray: 39775 objects as part of root set at end of initial load.
[2020.03.20-23.29.30:345][  0]LogUObjectAllocator: 6914656 out of 0 bytes used by permanent object pool.
[2020.03.20-23.29.30:345][  0]LogUObjectArray: CloseDisregardForGC: 0/0 objects in disregard for GC pool
[2020.03.20-23.29.31:824][  0]LogTcpMessaging: Initializing TcpMessaging bridge
[2020.03.20-23.29.31:838][  0]LogUdpMessaging: Initializing bridge on interface 0.0.0.0:0 to multicast group 230.0.0.1:6666.
[2020.03.20-23.29.32:959][  0]SourceControl: Source control is disabled
[2020.03.20-23.29.32:959][  0]SourceControl: Source control is disabled
[2020.03.20-23.29.32:960][  0]SourceControl: Source control is disabled
[2020.03.20-23.29.32:961][  0]SourceControl: Source control is disabled
[2020.03.20-23.29.33:131][  0]LogAndroidPermission: UAndroidPermissionCallbackProxy::GetInstance
[2020.03.20-23.29.33:326][  0]LogOcInput: OculusInput pre-init called
[2020.03.20-23.29.33:341][  0]LogPython: Python Scripts search path: ../../../../Journeyman/Team-8-BIOMIX/Content/Scripts
[2020.03.20-23.29.33:341][  0]LogPython: Python Scripts search path: ../../../Engine/Plugins/UnrealEnginePython
[2020.03.20-23.29.33:341][  0]LogPython: Python VM initialized: 3.6.2 (v3.6.2:5fd33b5, Jul  8 2017, 04:57:36) [MSC v.1900 64 bit (AMD64)]
[2020.03.20-23.29.33:521][  0]LogPython: ####################----------Python Integration for Megascans Initialized----------####################
[2020.03.20-23.29.33:521][  0]LogPython: 

[2020.03.20-23.29.33:522][  0]LogPython: E:\UE_4.21\Engine\Plugins\UnrealEnginePython\
[2020.03.20-23.29.33:522][  0]LogPython: 

[2020.03.20-23.29.33:583][  0]LogPython: Megascans Integration - LiveLink Initialized...
[2020.03.20-23.29.33:583][  0]LogPython: 

[2020.03.20-23.29.33:585][  0]LogPython: ue_site Python module successfully imported
[2020.03.20-23.29.33:725][  0]LogEngine: Initializing Engine...
[2020.03.20-23.29.39:069][  0]LogHMD: Failed to initialize OpenVR with code 108
[2020.03.20-23.29.39:070][  0]LogStats: UGameplayTagsManager::ConstructGameplayTagTree: ImportINI prefixes -  0.000 s
[2020.03.20-23.29.39:070][  0]LogStats: UGameplayTagsManager::ConstructGameplayTagTree: Construct from data asset -  0.000 s
[2020.03.20-23.29.39:071][  0]LogStats: UGameplayTagsManager::ConstructGameplayTagTree: ImportINI -  0.000 s
[2020.03.20-23.29.39:071][  0]LogStats: UGameplayTagsManager::ConstructGameplayTagTree: GameplayTagTreeChangedEvent.Broadcast -  0.000 s
[2020.03.20-23.29.39:335][  0]LogInit: Initializing FReadOnlyCVARCache
[2020.03.20-23.29.39:349][  0]LogAIModule: Creating AISystem for world Untitled
[2020.03.20-23.29.39:442][  0]LogInit: XAudio2 using 'Speakers (Realtek High Definition Audio(SST))' : 2 channels at 48 kHz using 16 bits per sample (channel mask 0x3)
[2020.03.20-23.29.39:943][  0]LogInit: FAudioDevice initialized.
[2020.03.20-23.29.39:944][  0]LogNetVersion: Set ProjectVersion to 1.0.0.0. Version Checksum will be recalculated on next use.
[2020.03.20-23.29.40:058][  0]LogDerivedDataCache: Saved boot cache 0.11s 72MB C:/Users/niall/AppData/Local/UnrealEngine/4.21/DerivedDataCache/Boot.ddc.
[2020.03.20-23.29.40:065][  0]LogInit: Texture streaming: Enabled
[2020.03.20-23.29.40:091][  0]LogEngineSessionManager: EngineSessionManager initialized
[2020.03.20-23.29.40:120][  0]LogInit: Transaction tracking system initialized
[2020.03.20-23.29.40:156][  0]BlueprintLog: New page: Editor Load
[2020.03.20-23.29.40:267][  0]LocalizationService: Localization service is disabled
[2020.03.20-23.29.40:845][  0]LogFileCache: Scanning file cache for directory 'E:/Journeyman/Team-8-BIOMIX/Content/' took 0.02s
[2020.03.20-23.29.40:845][  0]LogCook: Display: Max memory allowance for cook 16384mb min free memory 0mb
[2020.03.20-23.29.40:845][  0]LogCook: Display: Mobile HDR setting 1
[2020.03.20-23.29.40:845][  0]LogGameplayTags: Display: UGameplayTagsManager::DoneAddingNativeTags. DelegateIsBound: 0
[2020.03.20-23.29.40:845][  0]LogStats: UGameplayTagsManager::ConstructGameplayTagTree: ImportINI prefixes -  0.000 s
[2020.03.20-23.29.40:845][  0]LogStats: UGameplayTagsManager::ConstructGameplayTagTree: Construct from data asset -  0.000 s
[2020.03.20-23.29.40:845][  0]LogStats: UGameplayTagsManager::ConstructGameplayTagTree: ImportINI -  0.000 s
[2020.03.20-23.29.40:845][  0]LogStats: UGameplayTagsManager::ConstructGameplayTagTree: GameplayTagTreeChangedEvent.Broadcast -  0.000 s
[2020.03.20-23.29.41:027][  0]SourceControl: Source control is disabled
[2020.03.20-23.29.41:027][  0]Cmd: MAP LOAD FILE="../../../../Journeyman/Team-8-BIOMIX/Content/SynthvaniaContent/Levels/SideScrollerExampleMap.umap" TEMPLATE=0 SHOWPROGRESS=1 FEATURELEVEL=3
[2020.03.20-23.29.41:080][  0]LightingResults: New page: Lighting Build
[2020.03.20-23.29.41:083][  0]MapCheck: New page: Map Check
[2020.03.20-23.29.41:083][  0]LightingResults: New page: Lighting Build
[2020.03.20-23.29.47:382][  0]LogAIModule: Creating AISystem for world SideScrollerExampleMap
[2020.03.20-23.29.47:460][  0]LogEditorServer: Finished looking for orphan Actors (0.000 secs)
[2020.03.20-23.29.47:492][  0]Cmd: MAP CHECKDEP NOCLEARLOG
[2020.03.20-23.29.47:492][  0]MapCheck: Map check complete: 0 Error(s), 0 Warning(s), took 0.093ms to complete.
[2020.03.20-23.29.47:492][  0]LogFileHelpers: Loading map 'SideScrollerExampleMap' took 6.465
[2020.03.20-23.29.47:625][  0]LogSlate: Updating window title bar state: overlay mode, drag disabled, window buttons hidden, title bar hidden
[2020.03.20-23.29.47:633][  0]LogSlate: Updating window title bar state: overlay mode, drag disabled, window buttons hidden, title bar hidden
[2020.03.20-23.29.47:641][  0]LogSlate: Updating window title bar state: overlay mode, drag disabled, window buttons hidden, title bar hidden
[2020.03.20-23.29.47:651][  0]LogSlate: Updating window title bar state: overlay mode, drag disabled, window buttons hidden, title bar hidden
[2020.03.20-23.29.47:661][  0]LogCollectionManager: Loaded 0 collections in 0.001530 seconds
[2020.03.20-23.29.47:676][  0]LogFileCache: Scanning file cache for directory 'E:/Journeyman/Team-8-BIOMIX/Saved/Collections/' took 0.01s
[2020.03.20-23.29.47:676][  0]LogFileCache: Scanning file cache for directory 'E:/Journeyman/Team-8-BIOMIX/Content/Developers/niall/Collections/' took 0.00s
[2020.03.20-23.29.47:676][  0]LogFileCache: Scanning file cache for directory 'E:/Journeyman/Team-8-BIOMIX/Content/Collections/' took 0.00s
[2020.03.20-23.29.47:676][  0]LogCollectionManager: Rebuilt the GUID cache for 0 collections in 0.000000 seconds
[2020.03.20-23.29.47:687][  0]LogContentBrowser: Native class hierarchy populated in 0.0125 seconds. Added 2679 classes and 632 folders.
[2020.03.20-23.29.47:697][  0]LogContentBrowser: Native class hierarchy updated for 'WidgetCarousel' in 0.0003 seconds. Added 0 classes and 0 folders.
[2020.03.20-23.29.47:702][  0]LogPakFile: Registered encryption key '00000000000000000000000000000000': 0 pak files mounted, 0 remain pending
[2020.03.20-23.29.47:708][  0]LogPakFile: Registered encryption key '00000000000000000000000000000000': 0 pak files mounted, 0 remain pending
[2020.03.20-23.29.47:734][  0]LogPakFile: Registered encryption key '00000000000000000000000000000000': 0 pak files mounted, 0 remain pending
[2020.03.20-23.29.47:739][  0]LogPakFile: Registered encryption key '00000000000000000000000000000000': 0 pak files mounted, 0 remain pending
[2020.03.20-23.29.47:747][  0]LogPakFile: Registered encryption key '00000000000000000000000000000000': 0 pak files mounted, 0 remain pending
[2020.03.20-23.29.47:754][  0]LogPakFile: Registered encryption key '00000000000000000000000000000000': 0 pak files mounted, 0 remain pending
[2020.03.20-23.29.47:758][  0]LogPakFile: Registered encryption key '00000000000000000000000000000000': 0 pak files mounted, 0 remain pending
[2020.03.20-23.29.47:764][  0]LogPakFile: Registered encryption key '00000000000000000000000000000000': 0 pak files mounted, 0 remain pending
[2020.03.20-23.29.47:769][  0]LogPakFile: Registered encryption key '00000000000000000000000000000000': 0 pak files mounted, 0 remain pending
[2020.03.20-23.29.47:777][  0]LogPakFile: Registered encryption key '00000000000000000000000000000000': 0 pak files mounted, 0 remain pending
[2020.03.20-23.29.47:783][  0]LogPakFile: Registered encryption key '00000000000000000000000000000000': 0 pak files mounted, 0 remain pending
[2020.03.20-23.29.47:788][  0]LogPakFile: Registered encryption key '00000000000000000000000000000000': 0 pak files mounted, 0 remain pending
[2020.03.20-23.29.47:793][  0]LogPakFile: Registered encryption key '00000000000000000000000000000000': 0 pak files mounted, 0 remain pending
[2020.03.20-23.29.47:800][  0]LogPakFile: Registered encryption key '00000000000000000000000000000000': 0 pak files mounted, 0 remain pending
[2020.03.20-23.29.47:805][  0]LogPakFile: Registered encryption key '00000000000000000000000000000000': 0 pak files mounted, 0 remain pending
[2020.03.20-23.29.47:812][  0]LogPakFile: Registered encryption key '00000000000000000000000000000000': 0 pak files mounted, 0 remain pending
[2020.03.20-23.29.47:841][  0]LogPakFile: Registered encryption key '00000000000000000000000000000000': 0 pak files mounted, 0 remain pending
[2020.03.20-23.29.47:848][  0]LogPakFile: Registered encryption key '00000000000000000000000000000000': 0 pak files mounted, 0 remain pending
[2020.03.20-23.29.47:854][  0]LogPakFile: Registered encryption key '00000000000000000000000000000000': 0 pak files mounted, 0 remain pending
[2020.03.20-23.29.47:862][  0]LogPakFile: Registered encryption key '00000000000000000000000000000000': 0 pak files mounted, 0 remain pending
[2020.03.20-23.29.47:893][  0]LogPakFile: Registered encryption key '00000000000000000000000000000000': 0 pak files mounted, 0 remain pending
[2020.03.20-23.29.47:897][  0]LogPakFile: Registered encryption key '00000000000000000000000000000000': 0 pak files mounted, 0 remain pending
[2020.03.20-23.29.47:903][  0]LogPakFile: Registered encryption key '00000000000000000000000000000000': 0 pak files mounted, 0 remain pending
[2020.03.20-23.29.47:910][  0]LogPakFile: Registered encryption key '00000000000000000000000000000000': 0 pak files mounted, 0 remain pending
[2020.03.20-23.29.47:914][  0]LogPakFile: Registered encryption key '00000000000000000000000000000000': 0 pak files mounted, 0 remain pending
[2020.03.20-23.29.47:921][  0]LogPakFile: Registered encryption key '00000000000000000000000000000000': 0 pak files mounted, 0 remain pending
[2020.03.20-23.29.48:038][  0]LogContentBrowser: Native class hierarchy updated for 'AddContentDialog' in 0.0003 seconds. Added 0 classes and 0 folders.
[2020.03.20-23.29.48:113][  0]LogContentBrowser: Native class hierarchy updated for 'SceneOutliner' in 0.0003 seconds. Added 1 classes and 2 folders.
[2020.03.20-23.29.48:257][  0]LogSlate: Took 0.000178 seconds to synchronously load lazily loaded font '../../../Engine/Content/Slate/Fonts/Roboto-Regular.ttf' (155K)
[2020.03.20-23.29.48:260][  0]LogSlate: Took 0.000216 seconds to synchronously load lazily loaded font '../../../Engine/Content/Slate/Fonts/Roboto-Bold.ttf' (160K)
[2020.03.20-23.29.48:275][  0]LogSlate: Took 0.006353 seconds to synchronously load lazily loaded font '../../../Engine/Content/Editor/Slate/Fonts/FontAwesome.ttf' (139K)
[2020.03.20-23.29.48:481][  0]LogRenderer: Reallocating scene render targets to support 1208x572 Format 10 NumSamples 1 (Frame:1).
[2020.03.20-23.29.48:672][  0]LogContentBrowser: Native class hierarchy updated for 'HierarchicalLODOutliner' in 0.0003 seconds. Added 0 classes and 0 folders.
[2020.03.20-23.29.48:672][  0]LogLoad: (Engine Initialization) Total time: 43.42 seconds
[2020.03.20-23.29.48:672][  0]LogLoad: (Engine Initialization) Total Blueprint compile time: 0.00 seconds
[2020.03.20-23.29.48:755][  0]LogContentStreaming: Texture pool size now 1000 MB
[2020.03.20-23.29.48:813][  1]LogFileCache: Retrieving MD5 hashes for directory 'E:/Journeyman/Team-8-BIOMIX/Content/' took 0.10s
[2020.03.20-23.29.49:328][  4]LogPython: tcp server spawned on 127.0.0.1:13428
[2020.03.20-23.29.49:624][  8]LogAssetRegistry: Asset discovery search completed in 22.8700 seconds
[2020.03.20-23.29.49:626][  8]LogCollectionManager: Rebuilt the object cache for 0 collections in 0.000000 seconds (found 0 objects)
[2020.03.20-23.29.49:626][  8]LogCollectionManager: Fixed up redirectors for 0 collections in 0.000057 seconds (updated 0 objects)
[2020.03.20-23.29.50:265][ 10]LogSlate: Took 0.004999 seconds to synchronously load lazily loaded font '../../../Engine/Content/Slate/Fonts/Roboto-Light.ttf' (167K)
[2020.03.20-23.29.53:619][ 20]LogSlate: Took 0.000120 seconds to synchronously load lazily loaded font '../../../Engine/Content/Slate/Fonts/Roboto-Light.ttf' (167K)
[2020.03.21-01.36.50:472][853]LogSlate: FSceneViewport::OnFocusLost() reason 0
[2020.03.21-01.37.06:092][110]LogAIModule: Creating AISystem for world Graveyard-Catacomb_FINALART
[2020.03.21-01.37.06:165][110]LogAssetEditorManager: Opening Asset editor for World /Game/SynthvaniaContent/Levels/Graveyard-Catacomb_FINALART.Graveyard-Catacomb_FINALART
[2020.03.21-01.37.06:200][110]Cmd: MAP LOAD FILE="../../../../Journeyman/Team-8-BIOMIX/Content/SynthvaniaContent/Levels/Graveyard-Catacomb_FINALART.umap" TEMPLATE=0 SHOWPROGRESS=1 FEATURELEVEL=3
[2020.03.21-01.37.06:200][110]LightingResults: New page: Lighting Build
[2020.03.21-01.37.06:200][110]LoadErrors: New page: Loading map: Graveyard-Catacomb_FINALART.umap
[2020.03.21-01.37.06:202][110]MapCheck: New page: Map Check
[2020.03.21-01.37.06:202][110]LightingResults: New page: Lighting Build
[2020.03.21-01.37.06:656][110]LogEditorServer: Finished looking for orphan Actors (0.000 secs)
[2020.03.21-01.37.06:813][110]Cmd: MAP CHECKDEP NOCLEARLOG
[2020.03.21-01.37.06:813][110]MapCheck: Map check complete: 0 Error(s), 0 Warning(s), took 0.246ms to complete.
[2020.03.21-01.37.06:813][110]LogFileHelpers: Loading map 'Graveyard-Catacomb_FINALART' took 0.615
[2020.03.21-01.37.57:118][  3]LogEditorViewport: Clicking on Actor (LMB): Enemy_Character_C (Enemy_Character6)
[2020.03.21-01.37.59:852][141]LogSlate: FSceneViewport::OnFocusLost() reason 0
[2020.03.21-01.38.02:360][289]LogSlate: FSceneViewport::OnFocusLost() reason 0
[2020.03.21-01.38.02:471][295]LogAssetEditorManager: Opening Asset editor for Blueprint /Game/SynthvaniaContent/Blueprints/AI/NPC/Basic_Enemy/Enemy_Character.Enemy_Character
[2020.03.21-01.38.03:186][295]LogEnum: Warning: Enum name collision: 'Enum_Elements::NewEnumerator0' is in both '/Game/SideScrollerBP/Blueprints/Enum_Elements.Enum_Elements' and '/Game/SynthvaniaContent/Blueprints/Enums/Enum_Elements.Enum_Elements'
[2020.03.21-01.38.03:186][295]LogEnum: Warning: Enum name collision: 'Enum_Elements::NewEnumerator1' is in both '/Game/SideScrollerBP/Blueprints/Enum_Elements.Enum_Elements' and '/Game/SynthvaniaContent/Blueprints/Enums/Enum_Elements.Enum_Elements'
[2020.03.21-01.38.03:186][295]LogEnum: Warning: Enum name collision: 'Enum_Elements::NewEnumerator2' is in both '/Game/SideScrollerBP/Blueprints/Enum_Elements.Enum_Elements' and '/Game/SynthvaniaContent/Blueprints/Enums/Enum_Elements.Enum_Elements'
[2020.03.21-01.38.03:186][295]LogEnum: Warning: Enum name collision: 'Enum_Elements::NewEnumerator3' is in both '/Game/SideScrollerBP/Blueprints/Enum_Elements.Enum_Elements' and '/Game/SynthvaniaContent/Blueprints/Enums/Enum_Elements.Enum_Elements'
[2020.03.21-01.38.03:186][295]LogEnum: Warning: Enum name collision: 'Enum_Elements::Enum_MAX' is in both '/Game/SideScrollerBP/Blueprints/Enum_Elements.Enum_Elements' and '/Game/SynthvaniaContent/Blueprints/Enums/Enum_Elements.Enum_Elements'
[2020.03.21-01.38.03:186][295]LogEnum: Warning: Enum name collision: 'Enum_Elements::NewEnumerator0' is in both '/Game/SideScrollerBP/Blueprints/Enum_Elements.Enum_Elements' and '/Game/SynthvaniaContent/Blueprints/Enums/Enum_Elements.Enum_Elements'
[2020.03.21-01.38.03:186][295]LogEnum: Warning: Enum name collision: 'Enum_Elements::NewEnumerator1' is in both '/Game/SideScrollerBP/Blueprints/Enum_Elements.Enum_Elements' and '/Game/SynthvaniaContent/Blueprints/Enums/Enum_Elements.Enum_Elements'
[2020.03.21-01.38.03:186][295]LogEnum: Warning: Enum name collision: 'Enum_Elements::NewEnumerator2' is in both '/Game/SideScrollerBP/Blueprints/Enum_Elements.Enum_Elements' and '/Game/SynthvaniaContent/Blueprints/Enums/Enum_Elements.Enum_Elements'
[2020.03.21-01.38.03:186][295]LogEnum: Warning: Enum name collision: 'Enum_Elements::NewEnumerator3' is in both '/Game/SideScrollerBP/Blueprints/Enum_Elements.Enum_Elements' and '/Game/SynthvaniaContent/Blueprints/Enums/Enum_Elements.Enum_Elements'
[2020.03.21-01.38.03:361][295]LogContentBrowser: Native class hierarchy updated for 'BlueprintGraph' in 0.0006 seconds. Added 117 classes and 0 folders.
[2020.03.21-01.38.04:547][295]LogSlate: Took 0.006378 seconds to synchronously load lazily loaded font '../../../Engine/Content/Slate/Fonts/Roboto-BoldCondensed.ttf' (158K)
[2020.03.21-01.38.04:907][296]LogSlate: Took 0.006450 seconds to synchronously load lazily loaded font '../../../Engine/Content/Slate/Fonts/Roboto-Italic.ttf' (157K)
[2020.03.21-01.38.16:406][738]LogSlate: Window 'Enemy_Character' being destroyed
[2020.03.21-01.38.16:421][738]LogSlate: Window 'Enemy_Character' being destroyed
[2020.03.21-01.41.18:204][621]LogSlate: FSceneViewport::OnFocusLost() reason 0
[2020.03.21-01.41.18:287][626]LogTemp: Repeating last play command: New Editor Window (PIE)
[2020.03.21-01.41.18:358][626]LogBlueprintUserMessages: Early PlayInEditor Detection: Level '/Game/SynthvaniaContent/Levels/Graveyard-Catacomb_FINALART.Graveyard-Catacomb_FINALART:PersistentLevel' has LevelScriptBlueprint '/Game/SynthvaniaContent/Levels/Graveyard-Catacomb_FINALART.Graveyard-Catacomb_FINALART:PersistentLevel.Graveyard-Catacomb_FINALART' with GeneratedClass '/Game/SynthvaniaContent/Levels/Graveyard-Catacomb_FINALART.Graveyard-Catacomb_FINALART_C' with ClassGeneratedBy '/Game/SynthvaniaContent/Levels/Graveyard-Catacomb_FINALART.Graveyard-Catacomb_FINALART:PersistentLevel.Graveyard-Catacomb_FINALART'
[2020.03.21-01.41.18:358][626]LogPlayLevel: PlayLevel: No blueprints needed recompiling
[2020.03.21-01.41.18:358][626]PIE: New page: PIE session: Graveyard-Catacomb_FINALART (21 Mar 2020 01:41:18)
[2020.03.21-01.41.18:370][626]LogPlayLevel: Creating play world package: /Game/SynthvaniaContent/Levels/UEDPIE_0_Graveyard-Catacomb_FINALART
[2020.03.21-01.41.18:503][626]LogPlayLevel: PIE: StaticDuplicateObject took: (0.132376s)
[2020.03.21-01.41.18:503][626]LogAIModule: Creating AISystem for world Graveyard-Catacomb_FINALART
[2020.03.21-01.41.18:504][626]LogPlayLevel: PIE: World Init took: (0.000709s)
[2020.03.21-01.41.18:504][626]LogPlayLevel: PIE: Created PIE world by copying editor world from /Game/SynthvaniaContent/Levels/Graveyard-Catacomb_FINALART.Graveyard-Catacomb_FINALART to /Game/SynthvaniaContent/Levels/UEDPIE_0_Graveyard-Catacomb_FINALART.Graveyard-Catacomb_FINALART (0.133680s)
[2020.03.21-01.41.18:603][626]LogInit: XAudio2 using 'Speakers (Realtek High Definition Audio(SST))' : 2 channels at 48 kHz using 16 bits per sample (channel mask 0x3)
[2020.03.21-01.41.18:625][626]LogInit: FAudioDevice initialized.
[2020.03.21-01.41.18:641][626]LogSlate: Updating window title bar state: overlay mode, drag disabled, window buttons hidden, title bar hidden
[2020.03.21-01.41.18:690][626]LogLoad: Game class is 'SideScrollerGameMode_C'
[2020.03.21-01.41.18:734][626]LogWorld: Bringing World /Game/SynthvaniaContent/Levels/UEDPIE_0_Graveyard-Catacomb_FINALART.Graveyard-Catacomb_FINALART up for play (max tick rate 60) at 2020.03.21-01.41.18
[2020.03.21-01.41.18:743][626]LogWorld: Bringing up level for play took: 0.051597
[2020.03.21-01.41.19:160][626]LogContentBrowser: Native class hierarchy updated for 'MovieSceneCapture' in 0.0003 seconds. Added 20 classes and 0 folders.
[2020.03.21-01.41.19:174][626]PIE: Play in editor start time for /Game/SynthvaniaContent/Levels/UEDPIE_0_Graveyard-Catacomb_FINALART 1.066
[2020.03.21-01.41.19:175][626]LogBlueprintUserMessages: Late PlayInEditor Detection: Level '/Game/SynthvaniaContent/Levels/Graveyard-Catacomb_FINALART.Graveyard-Catacomb_FINALART:PersistentLevel' has LevelScriptBlueprint '/Game/SynthvaniaContent/Levels/Graveyard-Catacomb_FINALART.Graveyard-Catacomb_FINALART:PersistentLevel.Graveyard-Catacomb_FINALART' with GeneratedClass '/Game/SynthvaniaContent/Levels/Graveyard-Catacomb_FINALART.Graveyard-Catacomb_FINALART_C' with ClassGeneratedBy '/Game/SynthvaniaContent/Levels/Graveyard-Catacomb_FINALART.Graveyard-Catacomb_FINALART:PersistentLevel.Graveyard-Catacomb_FINALART'
[2020.03.21-01.41.19:378][626]LogRenderer: Reallocating scene render targets to support 1292x756 Format 10 NumSamples 1 (Frame:1).
[2020.03.21-01.41.19:378][626]LogSlate: Took 0.185041 seconds to synchronously load lazily loaded font '../../../Engine/Content/SlateDebug/Fonts/LastResort.ttf' (5269K)
[2020.03.21-01.41.20:391][661]LogSlate: Took 0.151259 seconds to synchronously load lazily loaded font '../../../Engine/Content/Slate/Fonts/DroidSansFallback.ttf' (3848K)
[2020.03.21-01.41.27:166][ 45]LogBlueprintUserMessages: Early EndPlayMap Detection: Level '/Game/SynthvaniaContent/Levels/Graveyard-Catacomb_FINALART.Graveyard-Catacomb_FINALART:PersistentLevel' has LevelScriptBlueprint '/Game/SynthvaniaContent/Levels/Graveyard-Catacomb_FINALART.Graveyard-Catacomb_FINALART:PersistentLevel.Graveyard-Catacomb_FINALART' with GeneratedClass '/Game/SynthvaniaContent/Levels/Graveyard-Catacomb_FINALART.Graveyard-Catacomb_FINALART_C' with ClassGeneratedBy '/Game/SynthvaniaContent/Levels/Graveyard-Catacomb_FINALART.Graveyard-Catacomb_FINALART:PersistentLevel.Graveyard-Catacomb_FINALART'
[2020.03.21-01.41.27:166][ 45]LogSlate: Updating window title bar state: overlay mode, drag disabled, window buttons hidden, title bar hidden
[2020.03.21-01.41.27:238][ 45]LogSlate: Window 'MyProject Game Preview Standalone (64-bit/PCD3D_SM5)' being destroyed
[2020.03.21-01.41.27:291][ 45]LogPlayLevel: Display: Shutting down PIE online subsystems
[2020.03.21-01.41.27:291][ 45]LogBlueprintUserMessages: Late EndPlayMap Detection: Level '/Game/SynthvaniaContent/Levels/Graveyard-Catacomb_FINALART.Graveyard-Catacomb_FINALART:PersistentLevel' has LevelScriptBlueprint '/Game/SynthvaniaContent/Levels/Graveyard-Catacomb_FINALART.Graveyard-Catacomb_FINALART:PersistentLevel.Graveyard-Catacomb_FINALART' with GeneratedClass '/Game/SynthvaniaContent/Levels/Graveyard-Catacomb_FINALART.Graveyard-Catacomb_FINALART_C' with ClassGeneratedBy '/Game/SynthvaniaContent/Levels/Graveyard-Catacomb_FINALART.Graveyard-Catacomb_FINALART:PersistentLevel.Graveyard-Catacomb_FINALART'
[2020.03.21-01.41.27:465][ 46]LogPlayLevel: Display: Destroying online subsystem :Context_4
[2020.03.21-01.43.40:727][837]LogEditorViewport: Clicking on Actor (LMB): LightmassImportanceVolume (LightmassImportanceVolume)
[2020.03.21-01.43.41:096][837]Cmd: CAMERA ALIGN ACTIVEVIEWPORTONLY
[2020.03.21-01.43.42:697][923]LogEditorViewport: Clicking on Actor (LMB): PostProcessVolume (PostProcessVolume)
[2020.03.21-01.43.43:030][937]Cmd: CAMERA ALIGN ACTIVEVIEWPORTONLY
[2020.03.21-01.43.44:205][  3]LogEditorViewport: Clicking on Actor (LMB): StaticMeshActor (SM__Tree_JS5)
[2020.03.21-01.43.44:581][  7]Cmd: CAMERA ALIGN ACTIVEVIEWPORTONLY
[2020.03.21-01.44.30:682][693]LogSlate: FSceneViewport::OnFocusLost() reason 0
[2020.03.21-01.44.31:110][696]LogSlate: Window 'MyProject - Unreal Editor' being destroyed
[2020.03.21-01.44.31:422][697]Cmd: QUIT_EDITOR
[2020.03.21-01.44.31:960][697]LogWindowsTextInputMethodSystem: Display: IME system now deactivated.
[2020.03.21-01.44.31:977][697]LogExit: Preparing to exit.
[2020.03.21-01.44.32:414][697]LogExit: Editor shut down
[2020.03.21-01.44.32:415][697]LogExit: Transaction tracking system shut down
[2020.03.21-01.44.33:416][697]LogExit: Object subsystem successfully closed.
[2020.03.21-01.44.33:440][697]LogShaderCompilers: Display: Shaders left to compile 0
[2020.03.21-01.44.33:444][697]LogD3D11RHI: Shutdown
[2020.03.21-01.44.33:444][697]LogD3D11RHI: CleanupD3DDevice
[2020.03.21-01.44.33:447][697]LogD3D11RHI: ~FD3D11DynamicRHI
[2020.03.21-01.44.33:456][697]LogModuleManager: Shutting down and abandoning module MovieSceneCapture (638)
[2020.03.21-01.44.33:456][697]LogModuleManager: Shutting down and abandoning module Voice (636)
[2020.03.21-01.44.33:456][697]LogModuleManager: Shutting down and abandoning module BlueprintGraph (634)
[2020.03.21-01.44.33:456][697]LogModuleManager: Shutting down and abandoning module HierarchicalLODOutliner (632)
[2020.03.21-01.44.33:456][697]LogModuleManager: Shutting down and abandoning module SceneOutliner (630)
[2020.03.21-01.44.33:456][697]LogModuleManager: Shutting down and abandoning module AddContentDialog (628)
[2020.03.21-01.44.33:456][697]LogModuleManager: Shutting down and abandoning module WidgetCarousel (627)
[2020.03.21-01.44.33:456][697]LogModuleManager: Shutting down and abandoning module EditorWidgets (624)
[2020.03.21-01.44.33:456][697]LogModuleManager: Shutting down and abandoning module CollectionManager (622)
[2020.03.21-01.44.33:457][697]LogModuleManager: Shutting down and abandoning module StatsViewer (620)
[2020.03.21-01.44.33:457][697]LogModuleManager: Shutting down and abandoning module FoliageEdit (618)
[2020.03.21-01.44.33:457][697]LogModuleManager: Shutting down and abandoning module LandscapeEditor (616)
[2020.03.21-01.44.33:457][697]LogModuleManager: Shutting down and abandoning module MeshPaintMode (614)
[2020.03.21-01.44.33:457][697]LogModuleManager: Shutting down and abandoning module SceneDepthPickerMode (612)
[2020.03.21-01.44.33:457][697]LogModuleManager: Shutting down and abandoning module ActorPickerMode (610)
[2020.03.21-01.44.33:457][697]LogModuleManager: Shutting down and abandoning module GeometryMode (608)
[2020.03.21-01.44.33:457][697]LogModuleManager: Shutting down and abandoning module TextureAlignMode (606)
[2020.03.21-01.44.33:457][697]LogModuleManager: Shutting down and abandoning module BspMode (604)
[2020.03.21-01.44.33:457][697]LogModuleManager: Shutting down and abandoning module PIEPreviewDeviceProfileSelector (602)
[2020.03.21-01.44.33:457][697]LogModuleManager: Shutting down and abandoning module SequenceRecorderSections (600)
[2020.03.21-01.44.33:457][697]LogModuleManager: Shutting down and abandoning module AutomationWorker (598)
[2020.03.21-01.44.33:457][697]LogModuleManager: Shutting down and abandoning module AudioCaptureEditor (596)
[2020.03.21-01.44.33:457][697]LogModuleManager: Shutting down and abandoning module MatineeToLevelSequence (594)
[2020.03.21-01.44.33:457][697]LogModuleManager: Shutting down and abandoning module LevelSequenceEditor (592)
[2020.03.21-01.44.33:457][697]LogModuleManager: Shutting down and abandoning module PlacementMode (591)
[2020.03.21-01.44.33:457][697]LogModuleManager: Shutting down and abandoning module MaterialEditor (590)
[2020.03.21-01.44.33:457][697]LogModuleManager: Shutting down and abandoning module WmfMediaFactory (586)
[2020.03.21-01.44.33:457][697]LogModuleManager: Shutting down and abandoning module WmfMediaEditor (584)
[2020.03.21-01.44.33:457][697]LogModuleManager: Shutting down and abandoning module WebMMediaFactory (582)
[2020.03.21-01.44.33:457][697]LogModuleManager: Shutting down and abandoning module WebMMediaEditor (580)
[2020.03.21-01.44.33:457][697]LogModuleManager: Shutting down and abandoning module WebMMedia (578)
[2020.03.21-01.44.33:457][697]LogModuleManager: Shutting down and abandoning module MediaPlayerEditor (576)
[2020.03.21-01.44.33:457][697]LogModuleManager: Shutting down and abandoning module MediaCompositingEditor (574)
[2020.03.21-01.44.33:457][697]LogModuleManager: Shutting down and abandoning module SequenceRecorder (573)
[2020.03.21-01.44.33:457][697]LogModuleManager: Shutting down and abandoning module OpenExrWrapper (570)
[2020.03.21-01.44.33:457][697]LogModuleManager: Shutting down and abandoning module ImgMediaFactory (568)
[2020.03.21-01.44.33:457][697]LogModuleManager: Shutting down and abandoning module ImgMediaEditor (566)
[2020.03.21-01.44.33:457][697]LogModuleManager: Shutting down and abandoning module AvfMediaFactory (564)
[2020.03.21-01.44.33:457][697]LogModuleManager: Shutting down and abandoning module AvfMediaEditor (562)
[2020.03.21-01.44.33:457][697]LogModuleManager: Shutting down and abandoning module AndroidMediaFactory (560)
[2020.03.21-01.44.33:457][697]LogModuleManager: Shutting down and abandoning module AndroidMediaEditor (558)
[2020.03.21-01.44.33:457][697]LogModuleManager: Shutting down and abandoning module MagicLeapCameraPreviewFactory (556)
[2020.03.21-01.44.33:457][697]LogModuleManager: Shutting down and abandoning module MagicLeapMediaFactory (554)
[2020.03.21-01.44.33:458][697]LogModuleManager: Shutting down and abandoning module MagicLeapMediaEditor (552)
[2020.03.21-01.44.33:458][697]LogModuleManager: Shutting down and abandoning module CharacterAI (550)
[2020.03.21-01.44.33:458][697]LogModuleManager: Shutting down and abandoning module SmartSnapping (548)
[2020.03.21-01.44.33:458][697]LogModuleManager: Shutting down and abandoning module SessionServices (546)
[2020.03.21-01.44.33:458][697]LogModuleManager: Shutting down and abandoning module ViewportSnapping (544)
[2020.03.21-01.44.33:458][697]LogModuleManager: Shutting down and abandoning module ViewportInteraction (542)
[2020.03.21-01.44.33:458][697]LogModuleManager: Shutting down and abandoning module ClothPainter (540)
[2020.03.21-01.44.33:458][697]LogModuleManager: Shutting down and abandoning module SkeletalMeshEditor (539)
[2020.03.21-01.44.33:458][697]LogModuleManager: Shutting down and abandoning module LogVisualizer (536)
[2020.03.21-01.44.33:458][697]LogModuleManager: Shutting down and abandoning module IntroTutorials (534)
[2020.03.21-01.44.33:458][697]LogModuleManager: Shutting down and abandoning module GameProjectGeneration (533)
[2020.03.21-01.44.33:458][697]LogModuleManager: Shutting down and abandoning module LuminPlatformEditor (530)
[2020.03.21-01.44.33:458][697]LogModuleManager: Shutting down and abandoning module IOSPlatformEditor (528)
[2020.03.21-01.44.33:458][697]LogModuleManager: Shutting down and abandoning module HTML5PlatformEditor (526)
[2020.03.21-01.44.33:458][697]LogModuleManager: Shutting down and abandoning module AndroidPlatformEditor (524)
[2020.03.21-01.44.33:458][697]LogModuleManager: Shutting down and abandoning module AndroidDeviceDetection (523)
[2020.03.21-01.44.33:517][697]LogModuleManager: Shutting down and abandoning module WindowsPlatformEditor (520)
[2020.03.21-01.44.33:517][697]LogModuleManager: Shutting down and abandoning module LuminRuntimeSettings (518)
[2020.03.21-01.44.33:517][697]LogModuleManager: Shutting down and abandoning module IOSRuntimeSettings (516)
[2020.03.21-01.44.33:517][697]LogModuleManager: Shutting down and abandoning module AndroidRuntimeSettings (514)
[2020.03.21-01.44.33:517][697]LogModuleManager: Shutting down and abandoning module TimeManagementEditor (512)
[2020.03.21-01.44.33:517][697]LogModuleManager: Shutting down and abandoning module InputBindingEditor (510)
[2020.03.21-01.44.33:517][697]LogModuleManager: Shutting down and abandoning module MergeActors (508)
[2020.03.21-01.44.33:517][697]LogModuleManager: Shutting down and abandoning module LocalizationDashboard (506)
[2020.03.21-01.44.33:518][697]LogModuleManager: Shutting down and abandoning module LocalizationService (505)
[2020.03.21-01.44.33:518][697]LogModuleManager: Shutting down and abandoning module HardwareTargeting (502)
[2020.03.21-01.44.33:518][697]LogModuleManager: Shutting down and abandoning module DeviceProfileEditor (500)
[2020.03.21-01.44.33:518][697]LogModuleManager: Shutting down and abandoning module UndoHistory (498)
[2020.03.21-01.44.33:518][697]LogModuleManager: Shutting down and abandoning module XmlParser (496)
[2020.03.21-01.44.33:518][697]LogModuleManager: Shutting down and abandoning module Blutility (494)
[2020.03.21-01.44.33:518][697]LogModuleManager: Shutting down and abandoning module ProjectSettingsViewer (492)
[2020.03.21-01.44.33:518][697]LogModuleManager: Shutting down and abandoning module ProjectTargetPlatformEditor (491)
[2020.03.21-01.44.33:518][697]LogModuleManager: Shutting down and abandoning module EditorSettingsViewer (488)
[2020.03.21-01.44.33:518][697]LogModuleManager: Shutting down and abandoning module SettingsEditor (486)
[2020.03.21-01.44.33:518][697]LogModuleManager: Shutting down and abandoning module ProjectLauncher (484)
[2020.03.21-01.44.33:518][697]LogModuleManager: Shutting down and abandoning module SessionFrontend (482)
[2020.03.21-01.44.33:518][697]LogModuleManager: Shutting down and abandoning module ProfilerClient (480)
[2020.03.21-01.44.33:518][697]LogModuleManager: Shutting down and abandoning module DeviceManager (478)
[2020.03.21-01.44.33:518][697]LogModuleManager: Shutting down and abandoning module TargetDeviceServices (477)
[2020.03.21-01.44.33:573][697]LogModuleManager: Shutting down and abandoning module AutomationController (474)
[2020.03.21-01.44.33:573][697]LogModuleManager: Shutting down and abandoning module AutomationWindow (472)
[2020.03.21-01.44.33:573][697]LogModuleManager: Shutting down and abandoning module Layers (470)
[2020.03.21-01.44.33:573][697]LogModuleManager: Shutting down and abandoning module ComponentVisualizers (468)
[2020.03.21-01.44.33:573][697]LogModuleManager: Shutting down and abandoning module DetailCustomizations (466)
[2020.03.21-01.44.33:573][697]LogModuleManager: Shutting down and abandoning module PackagesDialog (464)
[2020.03.21-01.44.33:573][697]LogModuleManager: Shutting down and abandoning module Persona (462)
[2020.03.21-01.44.33:573][697]LogModuleManager: Shutting down and abandoning module AdvancedPreviewScene (461)
[2020.03.21-01.44.33:573][697]LogModuleManager: Shutting down and abandoning module AnimGraph (459)
[2020.03.21-01.44.33:573][697]LogModuleManager: Shutting down and abandoning module Kismet (456)
[2020.03.21-01.44.33:578][697]LogModuleManager: Shutting down and abandoning module GraphEditor (454)
[2020.03.21-01.44.33:578][697]LogModuleManager: Shutting down and abandoning module ClassViewer (452)
[2020.03.21-01.44.33:578][697]LogModuleManager: Shutting down and abandoning module Toolbox (450)
[2020.03.21-01.44.33:578][697]LogModuleManager: Shutting down and abandoning module ModuleUI (448)
[2020.03.21-01.44.33:578][697]LogModuleManager: Shutting down and abandoning module MovieSceneTools (446)
[2020.03.21-01.44.33:578][697]LogModuleManager: Shutting down and abandoning module OutputLog (444)
[2020.03.21-01.44.33:578][697]LogModuleManager: Shutting down and abandoning module GammaUI (442)
[2020.03.21-01.44.33:578][697]LogModuleManager: Shutting down and abandoning module Documentation (440)
[2020.03.21-01.44.33:578][697]LogModuleManager: Shutting down and abandoning module MovieSceneTracks (438)
[2020.03.21-01.44.33:578][697]LogModuleManager: Shutting down and abandoning module MovieScene (436)
[2020.03.21-01.44.33:578][697]LogModuleManager: Shutting down and abandoning module StreamingPauseRendering (434)
[2020.03.21-01.44.33:578][697]LogModuleManager: Shutting down and abandoning module LauncherPlatform (432)
[2020.03.21-01.44.33:578][697]LogModuleManager: Shutting down and abandoning module AnalyticsET (430)
[2020.03.21-01.44.33:578][697]LogModuleManager: Shutting down and abandoning module PortalServices (428)
[2020.03.21-01.44.33:578][697]LogModuleManager: Shutting down and abandoning module PortalRpc (426)
[2020.03.21-01.44.33:578][697]LogModuleManager: Shutting down and abandoning module MessagingRpc (424)
[2020.03.21-01.44.33:578][697]LogModuleManager: Shutting down and abandoning module AIModule (422)
[2020.03.21-01.44.33:578][697]LogModuleManager: Shutting down and abandoning module GameplayDebugger (421)
[2020.03.21-01.44.33:578][697]LogModuleManager: Shutting down and abandoning module AITestSuite (419)
[2020.03.21-01.44.33:578][697]LogModuleManager: Shutting down and abandoning module NavigationSystem (417)
[2020.03.21-01.44.33:578][697]LogModuleManager: Shutting down and abandoning module DesktopPlatform (414)
[2020.03.21-01.44.33:578][697]LogModuleManager: Shutting down and abandoning module ImageWriteQueue (412)
[2020.03.21-01.44.33:582][697]LogModuleManager: Shutting down and abandoning module ProfilerService (410)
[2020.03.21-01.44.33:818][697]LogModuleManager: Shutting down and abandoning module TaskGraph (408)
[2020.03.21-01.44.33:818][697]LogModuleManager: Shutting down and abandoning module PythonEditor (406)
[2020.03.21-01.44.33:818][697]LogModuleManager: Shutting down and abandoning module UnrealEnginePython (404)
[2020.03.21-01.44.33:818][697]LogPython: Goodbye Python
[2020.03.21-01.44.33:837][697]LogModuleManager: Shutting down and abandoning module SteamVRController (402)
[2020.03.21-01.44.33:837][697]LogModuleManager: Shutting down and abandoning module ProceduralMeshComponentEditor (400)
[2020.03.21-01.44.33:837][697]LogModuleManager: Shutting down and abandoning module ProceduralMeshComponent (398)
[2020.03.21-01.44.33:837][697]LogModuleManager: Shutting down and abandoning module OculusInput (396)
[2020.03.21-01.44.33:837][697]LogModuleManager: Shutting down and abandoning module MobilePatchingUtils (394)
[2020.03.21-01.44.33:837][697]LogModuleManager: Shutting down and abandoning module EditableMesh (392)
[2020.03.21-01.44.33:837][697]LogModuleManager: Shutting down and abandoning module CustomMeshComponent (390)
[2020.03.21-01.44.33:837][697]LogModuleManager: Shutting down and abandoning module CableComponent (388)
[2020.03.21-01.44.33:837][697]LogModuleManager: Shutting down and abandoning module AudioCapture (386)
[2020.03.21-01.44.33:837][697]LogModuleManager: Shutting down and abandoning module ArchVisCharacter (384)
[2020.03.21-01.44.33:837][697]LogModuleManager: Shutting down and abandoning module AndroidPermission (382)
[2020.03.21-01.44.33:837][697]LogModuleManager: Shutting down and abandoning module NUTUnrealEngine4 (380)
[2020.03.21-01.44.33:837][697]LogModuleManager: Shutting down and abandoning module NetcodeUnitTest (378)
[2020.03.21-01.44.33:837][697]LogModuleManager: Shutting down and abandoning module MediaCompositing (376)
[2020.03.21-01.44.33:837][697]LogModuleManager: Shutting down and abandoning module LinearTimecode (374)
[2020.03.21-01.44.33:837][697]LogModuleManager: Shutting down and abandoning module ImgMedia (372)
[2020.03.21-01.44.33:841][697]LogModuleManager: Shutting down and abandoning module HTML5Networking (370)
[2020.03.21-01.44.33:842][697]LogModuleManager: Shutting down and abandoning module GeometryCacheTracks (368)
[2020.03.21-01.44.33:842][697]LogModuleManager: Shutting down and abandoning module GeometryCacheSequencer (366)
[2020.03.21-01.44.33:842][697]LogModuleManager: Shutting down and abandoning module BackChannel (364)
[2020.03.21-01.44.33:842][697]LogModuleManager: Shutting down and abandoning module AppleVision (362)
[2020.03.21-01.44.33:842][697]LogModuleManager: Shutting down and abandoning module AppleImageUtilsBlueprintSupport (360)
[2020.03.21-01.44.33:842][697]LogModuleManager: Shutting down and abandoning module AppleImageUtils (358)
[2020.03.21-01.44.33:842][697]LogModuleManager: Shutting down and abandoning module AlembicImporter (356)
[2020.03.21-01.44.33:842][697]LogModuleManager: Shutting down and abandoning module AlembicLibrary (355)
[2020.03.21-01.44.33:842][697]LogModuleManager: Shutting down and abandoning module GeometryCache (354)
[2020.03.21-01.44.33:842][697]LogModuleManager: Shutting down and abandoning module GeometryCacheEd (353)
[2020.03.21-01.44.33:842][697]LogModuleManager: Shutting down and abandoning module VariantManagerContent (348)
[2020.03.21-01.44.33:842][697]LogModuleManager: Shutting down and abandoning module DatasmithContentEditor (346)
[2020.03.21-01.44.33:842][697]LogModuleManager: Shutting down and abandoning module SpeedTreeImporter (344)
[2020.03.21-01.44.33:842][697]LogModuleManager: Shutting down and abandoning module PluginBrowser (342)
[2020.03.21-01.44.33:842][697]LogModuleManager: Shutting down and abandoning module MobileLauncherProfileWizard (340)
[2020.03.21-01.44.33:842][697]LogModuleManager: Shutting down and abandoning module PolygonModeling (338)
[2020.03.21-01.44.33:842][697]LogModuleManager: Shutting down and abandoning module MeshEditor (336)
[2020.03.21-01.44.33:842][697]LogModuleManager: Shutting down and abandoning module CryptoKeysOpenSSL (334)
[2020.03.21-01.44.33:842][697]LogModuleManager: Shutting down and abandoning module CryptoKeys (332)
[2020.03.21-01.44.33:842][697]LogModuleManager: Shutting down and abandoning module VisualStudioSourceCodeAccess (330)
[2020.03.21-01.44.33:842][697]LogModuleManager: Shutting down and abandoning module VisualStudioCodeSourceCodeAccess (328)
[2020.03.21-01.44.33:842][697]LogModuleManager: Shutting down and abandoning module UObjectPlugin (326)
[2020.03.21-01.44.33:842][697]LogModuleManager: Shutting down and abandoning module SubversionSourceControl (324)
[2020.03.21-01.44.33:842][697]LogModuleManager: Shutting down and abandoning module PerforceSourceControl (322)
[2020.03.21-01.44.33:842][697]LogModuleManager: Shutting down and abandoning module GitSourceControl (320)
[2020.03.21-01.44.33:842][697]LogModuleManager: Shutting down and abandoning module SourceControl (319)
[2020.03.21-01.44.33:842][697]LogModuleManager: Shutting down and abandoning module CLionSourceCodeAccess (316)
[2020.03.21-01.44.33:842][697]LogModuleManager: Shutting down and abandoning module ActorLayerUtilitiesEditor (314)
[2020.03.21-01.44.33:842][697]LogModuleManager: Shutting down and abandoning module ActorLayerUtilities (312)
[2020.03.21-01.44.33:842][697]LogModuleManager: Shutting down and abandoning module LightPropagationVolumeEditor (310)
[2020.03.21-01.44.33:842][697]LogModuleManager: Shutting down and abandoning module PaperTiledImporter (308)
[2020.03.21-01.44.33:842][697]LogModuleManager: Shutting down and abandoning module PaperSpriteSheetImporter (306)
[2020.03.21-01.44.33:842][697]LogModuleManager: Shutting down and abandoning module Paper2DEditor (304)
[2020.03.21-01.44.33:842][697]LogModuleManager: Shutting down and abandoning module MeshPaint (303)
[2020.03.21-01.44.33:843][697]LogModuleManager: Shutting down and abandoning module PythonConsole (300)
[2020.03.21-01.44.33:843][697]LogModuleManager: Shutting down and abandoning module RuntimePhysXCooking (298)
[2020.03.21-01.44.33:843][697]LogModuleManager: Shutting down and abandoning module PhysXVehiclesEditor (296)
[2020.03.21-01.44.33:843][697]LogModuleManager: Shutting down and abandoning module PhysXVehicles (294)
[2020.03.21-01.44.33:843][697]LogModuleManager: Shutting down and abandoning module OculusEditor (292)
[2020.03.21-01.44.33:843][697]LogModuleManager: Shutting down and abandoning module LocationServicesBPLibrary (290)
[2020.03.21-01.44.33:843][697]LogModuleManager: Shutting down and abandoning module ApexDestructionEditor (288)
[2020.03.21-01.44.33:843][697]LogModuleManager: Shutting down and abandoning module ApexDestruction (286)
[2020.03.21-01.44.33:843][697]LogModuleManager: Shutting down and abandoning module ActorSequence (284)
[2020.03.21-01.44.33:843][697]LogModuleManager: Shutting down and abandoning module UdpMessaging (282)
[2020.03.21-01.44.33:944][697]LogModuleManager: Shutting down and abandoning module TcpMessaging (280)
[2020.03.21-01.44.34:044][697]LogModuleManager: Shutting down and abandoning module MagicLeapAudio (278)
[2020.03.21-01.44.34:044][697]LogModuleManager: Shutting down and abandoning module GameplayTagsEditor (276)
[2020.03.21-01.44.34:044][697]LogModuleManager: Shutting down and abandoning module FacialAnimationEditor (274)
[2020.03.21-01.44.34:044][697]LogModuleManager: Shutting down and abandoning module FacialAnimation (272)
[2020.03.21-01.44.34:044][697]LogModuleManager: Shutting down and abandoning module DataValidation (270)
[2020.03.21-01.44.34:044][697]LogModuleManager: Shutting down and abandoning module AssetManagerEditor (268)
[2020.03.21-01.44.34:044][697]LogModuleManager: Shutting down and abandoning module LevelEditor (267)
[2020.03.21-01.44.34:045][697]LogModuleManager: Shutting down and abandoning module PixelInspectorModule (266)
[2020.03.21-01.44.34:045][697]LogModuleManager: Shutting down and abandoning module CommonMenuExtensions (264)
[2020.03.21-01.44.34:045][697]LogModuleManager: Shutting down and abandoning module MainFrame (262)
[2020.03.21-01.44.34:045][697]LogModuleManager: Shutting down and abandoning module HotReload (261)
[2020.03.21-01.44.34:046][697]LogModuleManager: Shutting down and abandoning module ContentBrowser (257)
[2020.03.21-01.44.34:047][697]LogModuleManager: Shutting down and abandoning module TreeMap (255)
[2020.03.21-01.44.34:047][697]LogModuleManager: Shutting down and abandoning module LightPropagationVolumeRuntime (252)
[2020.03.21-01.44.34:047][697]LogModuleManager: Shutting down and abandoning module AISupportModule (250)
[2020.03.21-01.44.34:047][697]LogModuleManager: Shutting down and abandoning module Paper2D (248)
[2020.03.21-01.44.34:047][697]LogModuleManager: Shutting down and abandoning module WindowsMoviePlayer (246)
[2020.03.21-01.44.34:047][697]LogModuleManager: Shutting down and abandoning module WebMMoviePlayer (244)
[2020.03.21-01.44.34:047][697]LogModuleManager: Shutting down and abandoning module WmfMedia (242)
[2020.03.21-01.44.34:049][697]LogModuleManager: Shutting down and abandoning module Media (241)
[2020.03.21-01.44.34:055][697]LogModuleManager: Shutting down and abandoning module PacketHandler (238)
[2020.03.21-01.44.34:055][697]LogModuleManager: Shutting down and abandoning module ClothingSystemEditor (236)
[2020.03.21-01.44.34:055][697]LogModuleManager: Shutting down and abandoning module ClothingSystemRuntime (234)
[2020.03.21-01.44.34:055][697]LogModuleManager: Shutting down and abandoning module MediaAssets (232)
[2020.03.21-01.44.34:055][697]LogModuleManager: Shutting down and abandoning module Overlay (230)
[2020.03.21-01.44.34:055][697]LogModuleManager: Shutting down and abandoning module OverlayEditor (229)
[2020.03.21-01.44.34:055][697]LogModuleManager: Shutting down and abandoning module VREditor (226)
[2020.03.21-01.44.34:055][697]LogModuleManager: Shutting down and abandoning module StringTableEditor (224)
[2020.03.21-01.44.34:056][697]LogModuleManager: Shutting down and abandoning module GameplayTasksEditor (222)
[2020.03.21-01.44.34:056][697]LogModuleManager: Shutting down and abandoning module BehaviorTreeEditor (220)
[2020.03.21-01.44.34:056][697]LogModuleManager: Shutting down and abandoning module FunctionalTesting (218)
[2020.03.21-01.44.34:056][697]LogModuleManager: Shutting down and abandoning module CollisionAnalyzer (216)
[2020.03.21-01.44.34:056][697]LogModuleManager: Shutting down and abandoning module WorkspaceMenuStructure (215)
[2020.03.21-01.44.34:056][697]LogModuleManager: Shutting down and abandoning module UMG (212)
[2020.03.21-01.44.34:056][697]LogModuleManager: Shutting down and abandoning module UMGEditor (211)
[2020.03.21-01.44.34:056][697]LogModuleManager: Shutting down and abandoning module Sequencer (210)
[2020.03.21-01.44.34:056][697]LogModuleManager: Shutting down and abandoning module MessageLog (207)
[2020.03.21-01.44.34:056][697]LogModuleManager: Shutting down and abandoning module SlateReflector (202)
[2020.03.21-01.44.34:056][697]LogModuleManager: Shutting down and abandoning module Slate (200)
[2020.03.21-01.44.34:056][697]LogModuleManager: Shutting down and abandoning module EditorStyle (198)
[2020.03.21-01.44.34:058][697]LogModuleManager: Shutting down and abandoning module MRMesh (196)
[2020.03.21-01.44.34:058][697]LogModuleManager: Shutting down and abandoning module SourceCodeAccess (194)
[2020.03.21-01.44.34:058][697]LogModuleManager: Shutting down and abandoning module HeadMountedDisplay (192)
[2020.03.21-01.44.34:058][697]LogModuleManager: Shutting down and abandoning module XAudio2 (190)
[2020.03.21-01.44.34:058][697]LogModuleManager: Shutting down and abandoning module Networking (188)
[2020.03.21-01.44.34:058][697]LogModuleManager: Shutting down and abandoning module Core (186)
[2020.03.21-01.44.34:058][697]LogModuleManager: Shutting down and abandoning module LevelSequence (184)
[2020.03.21-01.44.34:058][697]LogModuleManager: Shutting down and abandoning module KismetCompiler (182)
[2020.03.21-01.44.34:058][697]LogModuleManager: Shutting down and abandoning module MeshUtilities (180)
[2020.03.21-01.44.34:058][697]LogModuleManager: Shutting down and abandoning module MeshMergeUtilities (179)
[2020.03.21-01.44.34:058][697]LogModuleManager: Shutting down and abandoning module MeshReductionInterface (178)
[2020.03.21-01.44.34:058][697]LogModuleManager: Shutting down and abandoning module SimplygonSwarm (177)
[2020.03.21-01.44.34:058][697]LogModuleManager: Shutting down and abandoning module ProxyLODMeshReduction (175)
[2020.03.21-01.44.34:058][697]LogModuleManager: Shutting down and abandoning module SimplygonMeshReduction (173)
[2020.03.21-01.44.34:058][697]LogModuleManager: Shutting down and abandoning module QuadricMeshReduction (171)
[2020.03.21-01.44.34:058][697]LogModuleManager: Shutting down and abandoning module MaterialBaking (167)
[2020.03.21-01.44.34:058][697]LogModuleManager: Shutting down and abandoning module DirectoryWatcher (163)
[2020.03.21-01.44.34:058][697]LogModuleManager: Shutting down and abandoning module DerivedDataCache (160)
[2020.03.21-01.44.34:143][697]LogDerivedDataCache: Shutdown
[2020.03.21-01.44.34:143][697]LogModuleManager: Shutting down and abandoning module XGEController (158)
[2020.03.21-01.44.34:143][697]LogModuleManager: Shutting down and abandoning module TargetPlatform (156)
[2020.03.21-01.44.34:143][697]LogModuleManager: Shutting down and abandoning module VulkanShaderFormat (155)
[2020.03.21-01.44.34:143][697]LogModuleManager: Shutting down and abandoning module ShaderFormatVectorVM (153)
[2020.03.21-01.44.34:143][697]LogModuleManager: Shutting down and abandoning module ShaderFormatOpenGL (151)
[2020.03.21-01.44.34:143][697]LogModuleManager: Shutting down and abandoning module ShaderFormatD3D (149)
[2020.03.21-01.44.34:143][697]LogModuleManager: Shutting down and abandoning module MetalShaderFormat (147)
[2020.03.21-01.44.34:143][697]LogModuleManager: Shutting down and abandoning module TextureFormatUncompressed (145)
[2020.03.21-01.44.34:143][697]LogModuleManager: Shutting down and abandoning module TextureFormatPVR (143)
[2020.03.21-01.44.34:143][697]LogModuleManager: Shutting down and abandoning module TextureFormatDXT (141)
[2020.03.21-01.44.34:143][697]LogModuleManager: Shutting down and abandoning module TextureFormatIntelISPCTexComp (139)
[2020.03.21-01.44.34:144][697]LogModuleManager: Shutting down and abandoning module TextureFormatASTC (137)
[2020.03.21-01.44.34:144][697]LogModuleManager: Shutting down and abandoning module ImageWrapper (136)
[2020.03.21-01.44.34:144][697]LogModuleManager: Shutting down and abandoning module TextureFormatAndroid (133)
[2020.03.21-01.44.34:144][697]LogModuleManager: Shutting down and abandoning module AudioFormatOpus (131)
[2020.03.21-01.44.34:144][697]LogModuleManager: Shutting down and abandoning module AudioFormatOgg (129)
[2020.03.21-01.44.34:144][697]LogModuleManager: Shutting down and abandoning module AudioFormatADPCM (127)
[2020.03.21-01.44.34:144][697]LogModuleManager: Shutting down and abandoning module LuminTargetPlatform (125)
[2020.03.21-01.44.34:144][697]LogModuleManager: Shutting down and abandoning module LinuxTargetPlatform (123)
[2020.03.21-01.44.34:144][697]LogModuleManager: Shutting down and abandoning module LinuxServerTargetPlatform (121)
[2020.03.21-01.44.34:144][697]LogModuleManager: Shutting down and abandoning module LinuxNoEditorTargetPlatform (119)
[2020.03.21-01.44.34:144][697]LogModuleManager: Shutting down and abandoning module LinuxClientTargetPlatform (117)
[2020.03.21-01.44.34:144][697]LogModuleManager: Shutting down and abandoning module TVOSTargetPlatform (115)
[2020.03.21-01.44.34:145][697]LogModuleManager: Shutting down and abandoning module Messaging (113)
[2020.03.21-01.44.34:145][697]LogModuleManager: Shutting down and abandoning module IOSTargetPlatform (111)
[2020.03.21-01.44.34:146][697]LogModuleManager: Shutting down and abandoning module HTML5TargetPlatform (109)
[2020.03.21-01.44.34:146][697]LogModuleManager: Shutting down and abandoning module AndroidTargetPlatform (107)
[2020.03.21-01.44.34:151][697]LogModuleManager: Shutting down and abandoning module WindowsTargetPlatform (105)
[2020.03.21-01.44.34:151][697]LogModuleManager: Shutting down and abandoning module WindowsServerTargetPlatform (103)
[2020.03.21-01.44.34:151][697]LogModuleManager: Shutting down and abandoning module WindowsNoEditorTargetPlatform (101)
[2020.03.21-01.44.34:151][697]LogModuleManager: Shutting down and abandoning module WindowsClientTargetPlatform (99)
[2020.03.21-01.44.34:151][697]LogModuleManager: Shutting down and abandoning module MacTargetPlatform (97)
[2020.03.21-01.44.34:151][697]LogModuleManager: Shutting down and abandoning module MacServerTargetPlatform (95)
[2020.03.21-01.44.34:151][697]LogModuleManager: Shutting down and abandoning module MacNoEditorTargetPlatform (93)
[2020.03.21-01.44.34:151][697]LogModuleManager: Shutting down and abandoning module MacClientTargetPlatform (91)
[2020.03.21-01.44.34:151][697]LogModuleManager: Shutting down and abandoning module AllDesktopTargetPlatform (89)
[2020.03.21-01.44.34:151][697]LogModuleManager: Shutting down and abandoning module InputCore (86)
[2020.03.21-01.44.34:151][697]LogModuleManager: Shutting down and abandoning module Settings (84)
[2020.03.21-01.44.34:151][697]LogModuleManager: Shutting down and abandoning module PhysXCooking (82)
[2020.03.21-01.44.34:151][697]LogModuleManager: Shutting down and abandoning module SteamVR (80)
[2020.03.21-01.44.34:151][697]LogHMD: Freeing OpenVRDLLHandle.
[2020.03.21-01.44.34:151][697]LogModuleManager: Shutting down and abandoning module OculusHMD (78)
[2020.03.21-01.44.34:151][697]LogModuleManager: Shutting down and abandoning module ExampleDeviceProfileSelector (76)
[2020.03.21-01.44.34:151][697]LogModuleManager: Shutting down and abandoning module LauncherChunkInstaller (74)
[2020.03.21-01.44.34:151][697]LogModuleManager: Shutting down and abandoning module OnlineBlueprintSupport (72)
[2020.03.21-01.44.34:151][697]LogModuleManager: Shutting down and abandoning module OnlineSubsystem (68)
[2020.03.21-01.44.34:152][697]LogModuleManager: Shutting down and abandoning module XMPP (63)
[2020.03.21-01.44.34:152][697]LogModuleManager: Shutting down and abandoning module WebSockets (62)
[2020.03.21-01.44.34:179][697]LogModuleManager: Shutting down and abandoning module HTTP (59)
[2020.03.21-01.44.34:179][697]LogHttp: Display: Http module shutting down, but needs to wait on 1 outstanding Http requests:
[2020.03.21-01.44.34:179][697]LogHttp: Display: 	verb=[POST] url=[https://datarouter.ol.epicgames.com/datarouter/api/v1/public/data?SessionID=%7BFD2996C3-4A7F-C335-F38A-2E8FB469D9EF%7D&AppID=UEEditor.Rocket.Release&AppVersion=4.21.2-4753647%2B%2B%2BUE4%2BRelease-4.21&UserID=95a239064f79e636f27f96a3c939d589%7C674008105e2c46018e799e951aa7eaa7%7Cee72dc47-a444-4cb8-8b50-bb9903804912&AppEnvironment=datacollector-binary&UploadType=eteventstream] status=Processing
[2020.03.21-01.44.34:186][697]LogModuleManager: Shutting down and abandoning module SSL (58)
[2020.03.21-01.44.34:188][697]LogModuleManager: Shutting down and abandoning module MagicLeapIdentity (54)
[2020.03.21-01.44.34:188][697]LogModuleManager: Shutting down and abandoning module MagicLeapHelperVulkan (52)
[2020.03.21-01.44.34:188][697]LogModuleManager: Shutting down and abandoning module MagicLeapHelperOpenGL (50)
[2020.03.21-01.44.34:188][697]LogModuleManager: Shutting down and abandoning module MagicLeapSecureStorage (48)
[2020.03.21-01.44.34:188][697]LogModuleManager: Shutting down and abandoning module MagicLeapHandTracking (46)
[2020.03.21-01.44.34:188][697]LogModuleManager: Shutting down and abandoning module MagicLeapEyeTracker (44)
[2020.03.21-01.44.34:188][697]LogModuleManager: Shutting down and abandoning module MagicLeapController (42)
[2020.03.21-01.44.34:188][697]LogSlate: Slate User Destroyed.  User Index 0, Is Virtual User: 0
[2020.03.21-01.44.34:188][697]LogModuleManager: Shutting down and abandoning module MagicLeap (40)
[2020.03.21-01.44.34:189][697]LogModuleManager: Shutting down and abandoning module DatasmithContent (38)
[2020.03.21-01.44.34:190][697]LogModuleManager: Shutting down and abandoning module AnimationModifiers (36)
[2020.03.21-01.44.34:190][697]LogModuleManager: Shutting down and abandoning module PropertyEditor (35)
[2020.03.21-01.44.34:190][697]LogModuleManager: Shutting down and abandoning module AudioEditor (32)
[2020.03.21-01.44.34:190][697]LogModuleManager: Shutting down and abandoning module TextureCompressor (30)
[2020.03.21-01.44.34:190][697]LogModuleManager: Shutting down and abandoning module ShaderCore (28)
[2020.03.21-01.44.34:190][697]LogModuleManager: Shutting down and abandoning module Landscape (26)
[2020.03.21-01.44.34:190][697]LogModuleManager: Shutting down and abandoning module SlateRHIRenderer (24)
[2020.03.21-01.44.34:191][697]LogModuleManager: Shutting down and abandoning module OpenGLDrv (22)
[2020.03.21-01.44.34:191][697]LogModuleManager: Shutting down and abandoning module D3D11RHI (20)
[2020.03.21-01.44.34:191][697]LogModuleManager: Shutting down and abandoning module AnimGraphRuntime (18)
[2020.03.21-01.44.34:191][697]LogModuleManager: Shutting down and abandoning module Renderer (16)
[2020.03.21-01.44.34:191][697]LogModuleManager: Shutting down and abandoning module Engine (14)
[2020.03.21-01.44.34:191][697]LogModuleManager: Shutting down and abandoning module CoreUObject (12)
[2020.03.21-01.44.34:191][697]LogModuleManager: Shutting down and abandoning module NetworkFile (10)
[2020.03.21-01.44.34:191][697]LogModuleManager: Shutting down and abandoning module CookedIterativeFile (8)
[2020.03.21-01.44.34:191][697]LogModuleManager: Shutting down and abandoning module StreamingFile (6)
[2020.03.21-01.44.34:191][697]LogModuleManager: Shutting down and abandoning module SandboxFile (4)
[2020.03.21-01.44.34:191][697]LogModuleManager: Shutting down and abandoning module PakFile (2)
[2020.03.21-01.44.34:200][697]LogExit: Exiting.
[2020.03.21-01.44.34:212][697]Log file closed, 03/21/20 01:44:34
