Log file open, 03/17/20 00:27:01
LogWindows: Failed to load 'aqProf.dll' (GetLastError=126)
LogWindows: File 'aqProf.dll' does not exist
LogWindows: Failed to load 'VtuneApi.dll' (GetLastError=126)
LogWindows: File 'VtuneApi.dll' does not exist
LogWindows: Failed to load 'VtuneApi32e.dll' (GetLastError=126)
LogWindows: File 'VtuneApi32e.dll' does not exist
LogConsoleResponse: Display: Failed to find resolution value strings in scalability ini. Falling back to default.
LogInit: Display: Running engine for game: MyProject
LogPakFile: Registered encryption key '00000000000000000000000000000000': 0 pak files mounted, 0 remain pending
LogPlatformFile: Not using cached read wrapper
LogTaskGraph: Started task graph with 5 named threads and 23 total threads with 3 sets of task threads.
LogStats: Stats thread started at 0.315175
LogD3D11RHI: Loaded GFSDK_Aftermath_Lib.x64.dll
LogICUInternationalization: ICU TimeZone Detection - Raw Offset: +0:00, Platform Override: ''
LogPluginManager: Mounting plugin Paper2D
LogPluginManager: Mounting plugin AISupport
LogPluginManager: Mounting plugin LightPropagationVolume
LogPluginManager: Mounting plugin ActorLayerUtilities
LogPluginManager: Mounting plugin CLionSourceCodeAccess
LogPluginManager: Mounting plugin CodeLiteSourceCodeAccess
LogPluginManager: Mounting plugin GitSourceControl
LogPluginManager: Mounting plugin KDevelopSourceCodeAccess
LogPluginManager: Mounting plugin NullSourceCodeAccess
LogPluginManager: Mounting plugin PerforceSourceControl
LogPluginManager: Mounting plugin SubversionSourceControl
LogPluginManager: Mounting plugin UObjectPlugin
LogPluginManager: Mounting plugin VisualStudioCodeSourceCodeAccess
LogPluginManager: Mounting plugin VisualStudioSourceCodeAccess
LogPluginManager: Mounting plugin XCodeSourceCodeAccess
LogPluginManager: Mounting plugin AssetManagerEditor
LogPluginManager: Mounting plugin CryptoKeys
LogPluginManager: Mounting plugin DataValidation
LogPluginManager: Mounting plugin FacialAnimation
LogPluginManager: Mounting plugin GameplayTagsEditor
LogPluginManager: Mounting plugin MacGraphicsSwitching
LogPluginManager: Mounting plugin MeshEditor
LogPluginManager: Mounting plugin MobileLauncherProfileWizard
LogPluginManager: Mounting plugin PluginBrowser
LogPluginManager: Mounting plugin SpeedTreeImporter
LogPluginManager: Mounting plugin DatasmithContent
LogPluginManager: Mounting plugin VariantManagerContent
LogPluginManager: Mounting plugin AlembicImporter
LogPluginManager: Mounting plugin AppleImageUtils
LogPluginManager: Mounting plugin AppleVision
LogPluginManager: Mounting plugin BackChannel
LogPluginManager: Mounting plugin CharacterAI
LogPluginManager: Mounting plugin GeometryCache
LogPluginManager: Mounting plugin HTML5Networking
LogPluginManager: Mounting plugin ProxyLODPlugin
LogPluginManager: Mounting plugin MagicLeap
LogPluginManager: Mounting plugin MagicLeapMedia
LogPluginManager: Mounting plugin AndroidMedia
LogPluginManager: Mounting plugin AvfMedia
LogPluginManager: Mounting plugin ImgMedia
LogPluginManager: Mounting plugin LinearTimecode
LogPluginManager: Mounting plugin MediaCompositing
LogPluginManager: Mounting plugin MediaPlayerEditor
LogPluginManager: Mounting plugin WebMMedia
LogPluginManager: Mounting plugin WmfMedia
LogPluginManager: Mounting plugin TcpMessaging
LogPluginManager: Mounting plugin UdpMessaging
LogPluginManager: Mounting plugin ActorSequence
LogPluginManager: Mounting plugin LevelSequenceEditor
LogPluginManager: Mounting plugin MatineeToLevelSequence
LogPluginManager: Mounting plugin NetcodeUnitTest
LogPluginManager: Mounting plugin NUTUnrealEngine4
LogPluginManager: Mounting plugin OnlineSubsystemGooglePlay
LogPluginManager: Mounting plugin OnlineSubsystemIOS
LogPluginManager: Mounting plugin OnlineSubsystem
LogPluginManager: Mounting plugin OnlineSubsystemNull
LogPluginManager: Mounting plugin OnlineSubsystemUtils
LogPluginManager: Mounting plugin LauncherChunkInstaller
LogPluginManager: Mounting plugin AndroidDeviceProfileSelector
LogPluginManager: Mounting plugin AndroidMoviePlayer
LogPluginManager: Mounting plugin AndroidPermission
LogPluginManager: Mounting plugin ApexDestruction
LogPluginManager: Mounting plugin AppleMoviePlayer
LogPluginManager: Mounting plugin ArchVisCharacter
LogPluginManager: Mounting plugin AudioCapture
LogPluginManager: Mounting plugin CableComponent
LogPluginManager: Mounting plugin CustomMeshComponent
LogPluginManager: Mounting plugin EditableMesh
LogPluginManager: Mounting plugin ExampleDeviceProfileSelector
LogPluginManager: Mounting plugin Firebase
LogPluginManager: Mounting plugin GoogleCloudMessaging
LogPluginManager: Mounting plugin IOSDeviceProfileSelector
LogPluginManager: Mounting plugin LinuxDeviceProfileSelector
LogPluginManager: Mounting plugin LocationServicesBPLibrary
LogPluginManager: Mounting plugin MobilePatchingUtils
LogPluginManager: Mounting plugin OculusVR
LogPluginManager: Mounting plugin PhysXVehicles
LogPluginManager: Mounting plugin ProceduralMeshComponent
LogPluginManager: Mounting plugin RuntimePhysXCooking
LogPluginManager: Mounting plugin SteamVR
LogPluginManager: Mounting plugin WebMMoviePlayer
LogPluginManager: Mounting plugin WindowsMoviePlayer
LogStreaming: Display: Took  0.117s to configure plugins.
LogInit: Using libcurl 7.55.1-DEV
LogInit:  - built for x86_64-pc-win32
LogInit:  - supports SSL with OpenSSL/1.0.2h
LogInit:  - supports HTTP deflate (compression) using libz 1.2.8
LogInit:  - other features:
LogInit:      CURL_VERSION_SSL
LogInit:      CURL_VERSION_LIBZ
LogInit:      CURL_VERSION_IPV6
LogInit:      CURL_VERSION_ASYNCHDNS
LogInit:      CURL_VERSION_LARGEFILE
LogInit:      CURL_VERSION_IDN
LogInit:  CurlRequestOptions (configurable via config and command line):
LogInit:  - bVerifyPeer = true  - Libcurl will verify peer certificate
LogInit:  - bUseHttpProxy = false  - Libcurl will NOT use HTTP proxy
LogInit:  - bDontReuseConnections = false  - Libcurl will reuse connections
LogInit:  - MaxHostConnections = 16  - Libcurl will limit the number of connections to a host
LogInit:  - LocalHostAddr = Default
LogInit:  - BufferSize = 65536
LogInit: WinSock: version 1.1 (2.2), MaxSocks=32767, MaxUdp=65467
LogInit: Build: ++UE4+Release-4.21-CL-4753647
LogInit: Engine Version: 4.21.2-4753647+++UE4+Release-4.21
LogInit: Compatible Engine Version: 4.21.0-4541578+++UE4+Release-4.21
LogInit: Net CL: 4541578
LogInit: OS: Windows 10 (), CPU: Intel(R) Core(TM) i5-9300H CPU @ 2.40GHz, GPU: Intel(R) UHD Graphics 630
LogInit: Compiled (64-bit): Jan 19 2019 02:07:31
LogInit: Compiled with Visual C++: 19.13.26129.00
LogInit: Build Configuration: Development
LogInit: Branch Name: ++UE4+Release-4.21
LogInit: Command Line: 
LogInit: Base Directory: D:/EpicGames/UE_4.21/Engine/Binaries/Win64/
LogInit: Installed Engine Build: 1
LogDevObjectVersion: Number of dev versions registered: 22
LogDevObjectVersion:   Dev-Blueprints (B0D832E4-1F89-4F0D-ACCF-7EB736FD4AA2): 10
LogDevObjectVersion:   Dev-Build (E1C64328-A22C-4D53-A36C-8E866417BD8C): 0
LogDevObjectVersion:   Dev-Core (375EC13C-06E4-48FB-B500-84F0262A717E): 2
LogDevObjectVersion:   Dev-Editor (E4B068ED-F494-42E9-A231-DA0B2E46BB41): 26
LogDevObjectVersion:   Dev-Framework (CFFC743F-43B0-4480-9391-14DF171D2073): 34
LogDevObjectVersion:   Dev-Mobile (B02B49B5-BB20-44E9-A304-32B752E40360): 2
LogDevObjectVersion:   Dev-Networking (A4E4105C-59A1-49B5-A7C5-40C4547EDFEE): 0
LogDevObjectVersion:   Dev-Online (39C831C9-5AE6-47DC-9A44-9C173E1C8E7C): 0
LogDevObjectVersion:   Dev-Physics (78F01B33-EBEA-4F98-B9B4-84EACCB95AA2): 0
LogDevObjectVersion:   Dev-Platform (6631380F-2D4D-43E0-8009-CF276956A95A): 0
LogDevObjectVersion:   Dev-Rendering (12F88B9F-8875-4AFC-A67C-D90C383ABD29): 27
LogDevObjectVersion:   Dev-Sequencer (7B5AE74C-D270-4C10-A958-57980B212A5A): 9
LogDevObjectVersion:   Dev-VR (D7296918-1DD6-4BDD-9DE2-64A83CC13884): 2
LogDevObjectVersion:   Dev-LoadTimes (C2A15278-BFE7-4AFE-6C17-90FF531DF755): 1
LogDevObjectVersion:   Private-Geometry (6EACA3D4-40EC-4CC1-B786-8BED09428FC5): 3
LogDevObjectVersion:   Dev-AnimPhys (29E575DD-E0A3-4627-9D10-D276232CDCEA): 17
LogDevObjectVersion:   Dev-Anim (AF43A65D-7FD3-4947-9873-3E8ED9C1BB05): 2
LogDevObjectVersion:   Dev-ReflectionCapture (6B266CEC-1EC7-4B8F-A30B-E4D90942FC07): 1
LogDevObjectVersion:   Dev-Automation (0DF73D61-A23F-47EA-B727-89E90C41499A): 1
LogDevObjectVersion:   FortniteMain (601D1886-AC64-4F84-AA16-D3DE0DEAC7D6): 17
LogDevObjectVersion:   Dev-Enterprise (9DFFBCD6-494F-0158-E221-12823C92A888): 4
LogDevObjectVersion:   Dev-Niagara (F2AED0AC-9AFE-416F-8664-AA7FFA26D6FC): 1
LogStreaming: Display: Took  0.001s to delete old logs.
LogInit: Presizing for max 8388607 objects, including 0 objects not considered by GC, pre-allocating 0 bytes for permanent pool.
LogInit: Object subsystem initialized
LogConfig: Setting CVar [[con.DebugEarlyDefault:1]]
LogConfig: Setting CVar [[r.setres:1280x720]]
[2020.03.17-00.27.01:900][  0]LogConfig: Setting CVar [[r.VSync:0]]
[2020.03.17-00.27.01:900][  0]LogConfig: Setting CVar [[r.RHICmdBypass:0]]
[2020.03.17-00.27.01:900][  0]LogConfig: Applying CVar settings from Section [/Script/Engine.RendererSettings] File [D:/Uni19-20/Journeyman/Github/Team-8-BIOMIX/Saved/Config/Windows/Engine.ini]
[2020.03.17-00.27.01:900][  0]LogConfig: Setting CVar [[r.GPUCrashDebugging:0]]
[2020.03.17-00.27.01:900][  0]LogConfig: Setting CVar [[r.GenerateMeshDistanceFields:1]]
[2020.03.17-00.27.01:900][  0]LogConfig: Applying CVar settings from Section [/Script/Engine.RendererOverrideSettings] File [D:/Uni19-20/Journeyman/Github/Team-8-BIOMIX/Saved/Config/Windows/Engine.ini]
[2020.03.17-00.27.01:900][  0]LogConfig: Applying CVar settings from Section [/Script/Engine.StreamingSettings] File [D:/Uni19-20/Journeyman/Github/Team-8-BIOMIX/Saved/Config/Windows/Engine.ini]
[2020.03.17-00.27.01:900][  0]LogConfig: Setting CVar [[s.MinBulkDataSizeForAsyncLoading:131072]]
[2020.03.17-00.27.01:900][  0]LogConfig: Setting CVar [[s.AsyncLoadingThreadEnabled:0]]
[2020.03.17-00.27.01:900][  0]LogConfig: Setting CVar [[s.EventDrivenLoaderEnabled:1]]
[2020.03.17-00.27.01:900][  0]LogConfig: Setting CVar [[s.WarnIfTimeLimitExceeded:0]]
[2020.03.17-00.27.01:900][  0]LogConfig: Setting CVar [[s.TimeLimitExceededMultiplier:1.5]]
[2020.03.17-00.27.01:900][  0]LogConfig: Setting CVar [[s.TimeLimitExceededMinTime:0.005]]
[2020.03.17-00.27.01:900][  0]LogConfig: Setting CVar [[s.UseBackgroundLevelStreaming:1]]
[2020.03.17-00.27.01:900][  0]LogConfig: Setting CVar [[s.PriorityAsyncLoadingExtraTime:15.0]]
[2020.03.17-00.27.01:900][  0]LogConfig: Setting CVar [[s.LevelStreamingActorsUpdateTimeLimit:5.0]]
[2020.03.17-00.27.01:900][  0]LogConfig: Setting CVar [[s.PriorityLevelStreamingActorsUpdateExtraTime:5.0]]
[2020.03.17-00.27.01:900][  0]LogConfig: Setting CVar [[s.LevelStreamingComponentsRegistrationGranularity:10]]
[2020.03.17-00.27.01:900][  0]LogConfig: Setting CVar [[s.UnregisterComponentsTimeLimit:1.0]]
[2020.03.17-00.27.01:900][  0]LogConfig: Setting CVar [[s.LevelStreamingComponentsUnregistrationGranularity:5]]
[2020.03.17-00.27.01:900][  0]LogConfig: Applying CVar settings from Section [/Script/Engine.GarbageCollectionSettings] File [D:/Uni19-20/Journeyman/Github/Team-8-BIOMIX/Saved/Config/Windows/Engine.ini]
[2020.03.17-00.27.01:900][  0]LogConfig: Setting CVar [[gc.MaxObjectsNotConsideredByGC:1]]
[2020.03.17-00.27.01:900][  0]LogConfig: Setting CVar [[gc.SizeOfPermanentObjectPool:0]]
[2020.03.17-00.27.01:900][  0]LogConfig: Setting CVar [[gc.FlushStreamingOnGC:0]]
[2020.03.17-00.27.01:900][  0]LogConfig: Setting CVar [[gc.NumRetriesBeforeForcingGC:10]]
[2020.03.17-00.27.01:900][  0]LogConfig: Setting CVar [[gc.AllowParallelGC:1]]
[2020.03.17-00.27.01:900][  0]LogConfig: Setting CVar [[gc.TimeBetweenPurgingPendingKillObjects:61.1]]
[2020.03.17-00.27.01:900][  0]LogConfig: Setting CVar [[gc.MaxObjectsInEditor:8388607]]
[2020.03.17-00.27.01:900][  0]LogConfig: Setting CVar [[gc.IncrementalBeginDestroyEnabled:1]]
[2020.03.17-00.27.01:900][  0]LogConfig: Setting CVar [[gc.CreateGCClusters:1]]
[2020.03.17-00.27.01:900][  0]LogConfig: Setting CVar [[gc.MergeGCClusters:0]]
[2020.03.17-00.27.01:900][  0]LogConfig: Setting CVar [[gc.MinGCClusterSize:5]]
[2020.03.17-00.27.01:900][  0]LogConfig: Setting CVar [[gc.ActorClusteringEnabled:0]]
[2020.03.17-00.27.01:900][  0]LogConfig: Setting CVar [[gc.BlueprintClusteringEnabled:0]]
[2020.03.17-00.27.01:900][  0]LogConfig: Setting CVar [[gc.UseDisregardForGCOnDedicatedServers:0]]
[2020.03.17-00.27.01:900][  0]LogConfig: Applying CVar settings from Section [/Script/Engine.NetworkSettings] File [D:/Uni19-20/Journeyman/Github/Team-8-BIOMIX/Saved/Config/Windows/Engine.ini]
[2020.03.17-00.27.01:900][  0]LogConfig: Applying CVar settings from Section [/Script/UnrealEd.CookerSettings] File [D:/Uni19-20/Journeyman/Github/Team-8-BIOMIX/Saved/Config/Windows/Engine.ini]
[2020.03.17-00.27.01:903][  0]LogConfig: Applying CVar settings from Section [ViewDistanceQuality@3] File [D:/Uni19-20/Journeyman/Github/Team-8-BIOMIX/Saved/Config/Windows/Scalability.ini]
[2020.03.17-00.27.01:903][  0]LogConfig: Setting CVar [[r.SkeletalMeshLODBias:0]]
[2020.03.17-00.27.01:903][  0]LogConfig: Setting CVar [[r.ViewDistanceScale:1.0]]
[2020.03.17-00.27.01:903][  0]LogConfig: Applying CVar settings from Section [AntiAliasingQuality@3] File [D:/Uni19-20/Journeyman/Github/Team-8-BIOMIX/Saved/Config/Windows/Scalability.ini]
[2020.03.17-00.27.01:903][  0]LogConfig: Setting CVar [[r.PostProcessAAQuality:4]]
[2020.03.17-00.27.01:903][  0]LogConfig: Applying CVar settings from Section [ShadowQuality@3] File [D:/Uni19-20/Journeyman/Github/Team-8-BIOMIX/Saved/Config/Windows/Scalability.ini]
[2020.03.17-00.27.01:903][  0]LogConfig: Setting CVar [[r.LightFunctionQuality:1]]
[2020.03.17-00.27.01:903][  0]LogConfig: Setting CVar [[r.ShadowQuality:5]]
[2020.03.17-00.27.01:903][  0]LogConfig: Setting CVar [[r.Shadow.CSM.MaxCascades:10]]
[2020.03.17-00.27.01:903][  0]LogConfig: Setting CVar [[r.Shadow.MaxResolution:2048]]
[2020.03.17-00.27.01:903][  0]LogConfig: Setting CVar [[r.Shadow.MaxCSMResolution:2048]]
[2020.03.17-00.27.01:903][  0]LogConfig: Setting CVar [[r.Shadow.RadiusThreshold:0.01]]
[2020.03.17-00.27.01:903][  0]LogConfig: Setting CVar [[r.Shadow.DistanceScale:1.0]]
[2020.03.17-00.27.01:903][  0]LogConfig: Setting CVar [[r.Shadow.CSM.TransitionScale:1.0]]
[2020.03.17-00.27.01:903][  0]LogConfig: Setting CVar [[r.Shadow.PreShadowResolutionFactor:1.0]]
[2020.03.17-00.27.01:903][  0]LogConfig: Setting CVar [[r.DistanceFieldShadowing:1]]
[2020.03.17-00.27.01:903][  0]LogConfig: Setting CVar [[r.DistanceFieldAO:1]]
[2020.03.17-00.27.01:903][  0]LogConfig: Setting CVar [[r.AOQuality:2]]
[2020.03.17-00.27.01:903][  0]LogConfig: Setting CVar [[r.VolumetricFog:1]]
[2020.03.17-00.27.01:903][  0]LogConfig: Setting CVar [[r.VolumetricFog.GridPixelSize:8]]
[2020.03.17-00.27.01:903][  0]LogConfig: Setting CVar [[r.VolumetricFog.GridSizeZ:128]]
[2020.03.17-00.27.01:903][  0]LogConfig: Setting CVar [[r.VolumetricFog.HistoryMissSupersampleCount:4]]
[2020.03.17-00.27.01:903][  0]LogConfig: Setting CVar [[r.LightMaxDrawDistanceScale:1]]
[2020.03.17-00.27.01:903][  0]LogConfig: Setting CVar [[r.CapsuleShadows:1]]
[2020.03.17-00.27.01:903][  0]LogConfig: Applying CVar settings from Section [PostProcessQuality@3] File [D:/Uni19-20/Journeyman/Github/Team-8-BIOMIX/Saved/Config/Windows/Scalability.ini]
[2020.03.17-00.27.01:903][  0]LogConfig: Setting CVar [[r.MotionBlurQuality:4]]
[2020.03.17-00.27.01:904][  0]LogConfig: Setting CVar [[r.AmbientOcclusionMipLevelFactor:0.4]]
[2020.03.17-00.27.01:904][  0]LogConfig: Setting CVar [[r.AmbientOcclusionMaxQuality:100]]
[2020.03.17-00.27.01:904][  0]LogConfig: Setting CVar [[r.AmbientOcclusionLevels:-1]]
[2020.03.17-00.27.01:904][  0]LogConfig: Setting CVar [[r.AmbientOcclusionRadiusScale:1.0]]
[2020.03.17-00.27.01:904][  0]LogConfig: Setting CVar [[r.DepthOfFieldQuality:2]]
[2020.03.17-00.27.01:904][  0]LogConfig: Setting CVar [[r.RenderTargetPoolMin:400]]
[2020.03.17-00.27.01:904][  0]LogConfig: Setting CVar [[r.LensFlareQuality:2]]
[2020.03.17-00.27.01:904][  0]LogConfig: Setting CVar [[r.SceneColorFringeQuality:1]]
[2020.03.17-00.27.01:904][  0]LogConfig: Setting CVar [[r.EyeAdaptationQuality:2]]
[2020.03.17-00.27.01:904][  0]LogConfig: Setting CVar [[r.BloomQuality:5]]
[2020.03.17-00.27.01:904][  0]LogConfig: Setting CVar [[r.FastBlurThreshold:100]]
[2020.03.17-00.27.01:904][  0]LogConfig: Setting CVar [[r.Upscale.Quality:3]]
[2020.03.17-00.27.01:904][  0]LogConfig: Setting CVar [[r.Tonemapper.GrainQuantization:1]]
[2020.03.17-00.27.01:904][  0]LogConfig: Setting CVar [[r.LightShaftQuality:1]]
[2020.03.17-00.27.01:904][  0]LogConfig: Setting CVar [[r.Filter.SizeScale:1]]
[2020.03.17-00.27.01:904][  0]LogConfig: Setting CVar [[r.Tonemapper.Quality:5]]
[2020.03.17-00.27.01:904][  0]LogConfig: Setting CVar [[r.DOF.Gather.AccumulatorQuality:1        ; higher gathering accumulator quality]]
[2020.03.17-00.27.01:904][  0]LogConfig: Setting CVar [[r.DOF.Gather.PostfilterMethod:1          ; Median3x3 postfilering method]]
[2020.03.17-00.27.01:904][  0]LogConfig: Setting CVar [[r.DOF.Gather.EnableBokehSettings:0       ; no bokeh simulation when gathering]]
[2020.03.17-00.27.01:904][  0]LogConfig: Setting CVar [[r.DOF.Gather.RingCount:4                 ; medium number of samples when gathering]]
[2020.03.17-00.27.01:904][  0]LogConfig: Setting CVar [[r.DOF.Scatter.ForegroundCompositing:1    ; additive foreground scattering]]
[2020.03.17-00.27.01:904][  0]LogConfig: Setting CVar [[r.DOF.Scatter.BackgroundCompositing:2    ; additive background scattering]]
[2020.03.17-00.27.01:904][  0]LogConfig: Setting CVar [[r.DOF.Scatter.EnableBokehSettings:1      ; bokeh simulation when scattering]]
[2020.03.17-00.27.01:904][  0]LogConfig: Setting CVar [[r.DOF.Scatter.MaxSpriteRatio:0.1         ; only a maximum of 10% of scattered bokeh]]
[2020.03.17-00.27.01:904][  0]LogConfig: Setting CVar [[r.DOF.Recombine.Quality:1                ; cheap slight out of focus]]
[2020.03.17-00.27.01:904][  0]LogConfig: Setting CVar [[r.DOF.Recombine.EnableBokehSettings:0    ; no bokeh simulation on slight out of focus]]
[2020.03.17-00.27.01:904][  0]LogConfig: Setting CVar [[r.DOF.TemporalAAQuality:1                ; more stable temporal accumulation]]
[2020.03.17-00.27.01:904][  0]LogConfig: Setting CVar [[r.DOF.Kernel.MaxForegroundRadius:0.025]]
[2020.03.17-00.27.01:904][  0]LogConfig: Setting CVar [[r.DOF.Kernel.MaxBackgroundRadius:0.025]]
[2020.03.17-00.27.01:904][  0]LogConfig: Applying CVar settings from Section [TextureQuality@3] File [D:/Uni19-20/Journeyman/Github/Team-8-BIOMIX/Saved/Config/Windows/Scalability.ini]
[2020.03.17-00.27.01:904][  0]LogConfig: Setting CVar [[r.Streaming.MipBias:0]]
[2020.03.17-00.27.01:904][  0]LogConfig: Setting CVar [[r.Streaming.AmortizeCPUToGPUCopy:0]]
[2020.03.17-00.27.01:904][  0]LogConfig: Setting CVar [[r.Streaming.MaxNumTexturesToStreamPerFrame:0]]
[2020.03.17-00.27.01:904][  0]LogConfig: Setting CVar [[r.Streaming.Boost:1]]
[2020.03.17-00.27.01:904][  0]LogConfig: Setting CVar [[r.MaxAnisotropy:8]]
[2020.03.17-00.27.01:904][  0]LogConfig: Setting CVar [[r.Streaming.LimitPoolSizeToVRAM:0]]
[2020.03.17-00.27.01:904][  0]LogConfig: Setting CVar [[r.Streaming.PoolSize:1000]]
[2020.03.17-00.27.01:904][  0]LogConfig: Setting CVar [[r.Streaming.MaxEffectiveScreenSize:0]]
[2020.03.17-00.27.01:904][  0]LogConfig: Applying CVar settings from Section [EffectsQuality@3] File [D:/Uni19-20/Journeyman/Github/Team-8-BIOMIX/Saved/Config/Windows/Scalability.ini]
[2020.03.17-00.27.01:904][  0]LogConfig: Setting CVar [[r.TranslucencyLightingVolumeDim:64]]
[2020.03.17-00.27.01:904][  0]LogConfig: Setting CVar [[r.RefractionQuality:2]]
[2020.03.17-00.27.01:904][  0]LogConfig: Setting CVar [[r.SSR.Quality:3]]
[2020.03.17-00.27.01:904][  0]LogConfig: Setting CVar [[r.SceneColorFormat:4]]
[2020.03.17-00.27.01:904][  0]LogConfig: Setting CVar [[r.DetailMode:2]]
[2020.03.17-00.27.01:904][  0]LogConfig: Setting CVar [[r.TranslucencyVolumeBlur:1]]
[2020.03.17-00.27.01:904][  0]LogConfig: Setting CVar [[r.MaterialQualityLevel:1 ; High quality]]
[2020.03.17-00.27.01:904][  0]LogConfig: Setting CVar [[r.SSS.Scale:1]]
[2020.03.17-00.27.01:904][  0]LogConfig: Setting CVar [[r.SSS.SampleSet:2]]
[2020.03.17-00.27.01:904][  0]LogConfig: Setting CVar [[r.SSS.Quality:1]]
[2020.03.17-00.27.01:904][  0]LogConfig: Setting CVar [[r.SSS.HalfRes:1]]
[2020.03.17-00.27.01:904][  0]LogConfig: Setting CVar [[r.EmitterSpawnRateScale:1.0]]
[2020.03.17-00.27.01:904][  0]LogConfig: Setting CVar [[r.ParticleLightQuality:2]]
[2020.03.17-00.27.01:904][  0]LogConfig: Applying CVar settings from Section [FoliageQuality@3] File [D:/Uni19-20/Journeyman/Github/Team-8-BIOMIX/Saved/Config/Windows/Scalability.ini]
[2020.03.17-00.27.01:904][  0]LogConfig: Setting CVar [[foliage.DensityScale:1.0]]
[2020.03.17-00.27.01:904][  0]LogConfig: Setting CVar [[grass.DensityScale:1.0]]
[2020.03.17-00.27.01:904][  0]LogInit: Selected Device Profile: [Windows]
[2020.03.17-00.27.01:904][  0]LogInit: Applying CVar settings loaded from the selected device profile: [Windows]
[2020.03.17-00.27.01:918][  0]LogHAL: Display: Platform has ~ 8 GB [8424902656 / 8589934592 / 8], which maps to Default [LargestMinGB=32, LargerMinGB=12, DefaultMinGB=8, SmallerMinGB=6, SmallestMinGB=0)
[2020.03.17-00.27.01:918][  0]LogConfig: Setting CVar [[r.Vulkan.UseRealUBs:1]]
[2020.03.17-00.27.01:918][  0]LogInit: Going up to parent DeviceProfile []
[2020.03.17-00.27.01:918][  0]LogConfig: Applying CVar settings from Section [ViewDistanceQuality@3] File [D:/Uni19-20/Journeyman/Github/Team-8-BIOMIX/Saved/Config/Windows/Scalability.ini]
[2020.03.17-00.27.01:918][  0]LogConfig: Setting CVar [[r.SkeletalMeshLODBias:0]]
[2020.03.17-00.27.01:918][  0]LogConfig: Setting CVar [[r.ViewDistanceScale:1.0]]
[2020.03.17-00.27.01:918][  0]LogConfig: Applying CVar settings from Section [AntiAliasingQuality@3] File [D:/Uni19-20/Journeyman/Github/Team-8-BIOMIX/Saved/Config/Windows/Scalability.ini]
[2020.03.17-00.27.01:918][  0]LogConfig: Setting CVar [[r.PostProcessAAQuality:4]]
[2020.03.17-00.27.01:918][  0]LogConfig: Applying CVar settings from Section [ShadowQuality@3] File [D:/Uni19-20/Journeyman/Github/Team-8-BIOMIX/Saved/Config/Windows/Scalability.ini]
[2020.03.17-00.27.01:918][  0]LogConfig: Setting CVar [[r.LightFunctionQuality:1]]
[2020.03.17-00.27.01:918][  0]LogConfig: Setting CVar [[r.ShadowQuality:5]]
[2020.03.17-00.27.01:918][  0]LogConfig: Setting CVar [[r.Shadow.CSM.MaxCascades:10]]
[2020.03.17-00.27.01:918][  0]LogConfig: Setting CVar [[r.Shadow.MaxResolution:2048]]
[2020.03.17-00.27.01:918][  0]LogConfig: Setting CVar [[r.Shadow.MaxCSMResolution:2048]]
[2020.03.17-00.27.01:918][  0]LogConfig: Setting CVar [[r.Shadow.RadiusThreshold:0.01]]
[2020.03.17-00.27.01:918][  0]LogConfig: Setting CVar [[r.Shadow.DistanceScale:1.0]]
[2020.03.17-00.27.01:918][  0]LogConfig: Setting CVar [[r.Shadow.CSM.TransitionScale:1.0]]
[2020.03.17-00.27.01:918][  0]LogConfig: Setting CVar [[r.Shadow.PreShadowResolutionFactor:1.0]]
[2020.03.17-00.27.01:918][  0]LogConfig: Setting CVar [[r.DistanceFieldShadowing:1]]
[2020.03.17-00.27.01:918][  0]LogConfig: Setting CVar [[r.DistanceFieldAO:1]]
[2020.03.17-00.27.01:918][  0]LogConfig: Setting CVar [[r.AOQuality:2]]
[2020.03.17-00.27.01:918][  0]LogConfig: Setting CVar [[r.VolumetricFog:1]]
[2020.03.17-00.27.01:918][  0]LogConfig: Setting CVar [[r.VolumetricFog.GridPixelSize:8]]
[2020.03.17-00.27.01:918][  0]LogConfig: Setting CVar [[r.VolumetricFog.GridSizeZ:128]]
[2020.03.17-00.27.01:918][  0]LogConfig: Setting CVar [[r.VolumetricFog.HistoryMissSupersampleCount:4]]
[2020.03.17-00.27.01:918][  0]LogConfig: Setting CVar [[r.LightMaxDrawDistanceScale:1]]
[2020.03.17-00.27.01:918][  0]LogConfig: Setting CVar [[r.CapsuleShadows:1]]
[2020.03.17-00.27.01:918][  0]LogConfig: Applying CVar settings from Section [PostProcessQuality@3] File [D:/Uni19-20/Journeyman/Github/Team-8-BIOMIX/Saved/Config/Windows/Scalability.ini]
[2020.03.17-00.27.01:918][  0]LogConfig: Setting CVar [[r.MotionBlurQuality:4]]
[2020.03.17-00.27.01:918][  0]LogConfig: Setting CVar [[r.AmbientOcclusionMipLevelFactor:0.4]]
[2020.03.17-00.27.01:918][  0]LogConfig: Setting CVar [[r.AmbientOcclusionMaxQuality:100]]
[2020.03.17-00.27.01:918][  0]LogConfig: Setting CVar [[r.AmbientOcclusionLevels:-1]]
[2020.03.17-00.27.01:918][  0]LogConfig: Setting CVar [[r.AmbientOcclusionRadiusScale:1.0]]
[2020.03.17-00.27.01:918][  0]LogConfig: Setting CVar [[r.DepthOfFieldQuality:2]]
[2020.03.17-00.27.01:918][  0]LogConfig: Setting CVar [[r.RenderTargetPoolMin:400]]
[2020.03.17-00.27.01:918][  0]LogConfig: Setting CVar [[r.LensFlareQuality:2]]
[2020.03.17-00.27.01:918][  0]LogConfig: Setting CVar [[r.SceneColorFringeQuality:1]]
[2020.03.17-00.27.01:918][  0]LogConfig: Setting CVar [[r.EyeAdaptationQuality:2]]
[2020.03.17-00.27.01:918][  0]LogConfig: Setting CVar [[r.BloomQuality:5]]
[2020.03.17-00.27.01:918][  0]LogConfig: Setting CVar [[r.FastBlurThreshold:100]]
[2020.03.17-00.27.01:918][  0]LogConfig: Setting CVar [[r.Upscale.Quality:3]]
[2020.03.17-00.27.01:918][  0]LogConfig: Setting CVar [[r.Tonemapper.GrainQuantization:1]]
[2020.03.17-00.27.01:918][  0]LogConfig: Setting CVar [[r.LightShaftQuality:1]]
[2020.03.17-00.27.01:918][  0]LogConfig: Setting CVar [[r.Filter.SizeScale:1]]
[2020.03.17-00.27.01:918][  0]LogConfig: Setting CVar [[r.Tonemapper.Quality:5]]
[2020.03.17-00.27.01:919][  0]LogConfig: Setting CVar [[r.DOF.Gather.AccumulatorQuality:1        ; higher gathering accumulator quality]]
[2020.03.17-00.27.01:919][  0]LogConfig: Setting CVar [[r.DOF.Gather.PostfilterMethod:1          ; Median3x3 postfilering method]]
[2020.03.17-00.27.01:919][  0]LogConfig: Setting CVar [[r.DOF.Gather.EnableBokehSettings:0       ; no bokeh simulation when gathering]]
[2020.03.17-00.27.01:919][  0]LogConfig: Setting CVar [[r.DOF.Gather.RingCount:4                 ; medium number of samples when gathering]]
[2020.03.17-00.27.01:919][  0]LogConfig: Setting CVar [[r.DOF.Scatter.ForegroundCompositing:1    ; additive foreground scattering]]
[2020.03.17-00.27.01:919][  0]LogConfig: Setting CVar [[r.DOF.Scatter.BackgroundCompositing:2    ; additive background scattering]]
[2020.03.17-00.27.01:919][  0]LogConfig: Setting CVar [[r.DOF.Scatter.EnableBokehSettings:1      ; bokeh simulation when scattering]]
[2020.03.17-00.27.01:919][  0]LogConfig: Setting CVar [[r.DOF.Scatter.MaxSpriteRatio:0.1         ; only a maximum of 10% of scattered bokeh]]
[2020.03.17-00.27.01:919][  0]LogConfig: Setting CVar [[r.DOF.Recombine.Quality:1                ; cheap slight out of focus]]
[2020.03.17-00.27.01:919][  0]LogConfig: Setting CVar [[r.DOF.Recombine.EnableBokehSettings:0    ; no bokeh simulation on slight out of focus]]
[2020.03.17-00.27.01:919][  0]LogConfig: Setting CVar [[r.DOF.TemporalAAQuality:1                ; more stable temporal accumulation]]
[2020.03.17-00.27.01:919][  0]LogConfig: Setting CVar [[r.DOF.Kernel.MaxForegroundRadius:0.025]]
[2020.03.17-00.27.01:919][  0]LogConfig: Setting CVar [[r.DOF.Kernel.MaxBackgroundRadius:0.025]]
[2020.03.17-00.27.01:919][  0]LogConfig: Applying CVar settings from Section [TextureQuality@3] File [D:/Uni19-20/Journeyman/Github/Team-8-BIOMIX/Saved/Config/Windows/Scalability.ini]
[2020.03.17-00.27.01:919][  0]LogConfig: Setting CVar [[r.Streaming.MipBias:0]]
[2020.03.17-00.27.01:919][  0]LogConfig: Setting CVar [[r.Streaming.AmortizeCPUToGPUCopy:0]]
[2020.03.17-00.27.01:919][  0]LogConfig: Setting CVar [[r.Streaming.MaxNumTexturesToStreamPerFrame:0]]
[2020.03.17-00.27.01:919][  0]LogConfig: Setting CVar [[r.Streaming.Boost:1]]
[2020.03.17-00.27.01:919][  0]LogConfig: Setting CVar [[r.MaxAnisotropy:8]]
[2020.03.17-00.27.01:919][  0]LogConfig: Setting CVar [[r.Streaming.LimitPoolSizeToVRAM:0]]
[2020.03.17-00.27.01:919][  0]LogConfig: Setting CVar [[r.Streaming.PoolSize:1000]]
[2020.03.17-00.27.01:919][  0]LogConfig: Setting CVar [[r.Streaming.MaxEffectiveScreenSize:0]]
[2020.03.17-00.27.01:919][  0]LogConfig: Applying CVar settings from Section [EffectsQuality@3] File [D:/Uni19-20/Journeyman/Github/Team-8-BIOMIX/Saved/Config/Windows/Scalability.ini]
[2020.03.17-00.27.01:919][  0]LogConfig: Setting CVar [[r.TranslucencyLightingVolumeDim:64]]
[2020.03.17-00.27.01:919][  0]LogConfig: Setting CVar [[r.RefractionQuality:2]]
[2020.03.17-00.27.01:919][  0]LogConfig: Setting CVar [[r.SSR.Quality:3]]
[2020.03.17-00.27.01:919][  0]LogConfig: Setting CVar [[r.SceneColorFormat:4]]
[2020.03.17-00.27.01:919][  0]LogConfig: Setting CVar [[r.DetailMode:2]]
[2020.03.17-00.27.01:919][  0]LogConfig: Setting CVar [[r.TranslucencyVolumeBlur:1]]
[2020.03.17-00.27.01:919][  0]LogConfig: Setting CVar [[r.MaterialQualityLevel:1 ; High quality]]
[2020.03.17-00.27.01:919][  0]LogConfig: Setting CVar [[r.SSS.Scale:1]]
[2020.03.17-00.27.01:919][  0]LogConfig: Setting CVar [[r.SSS.SampleSet:2]]
[2020.03.17-00.27.01:919][  0]LogConfig: Setting CVar [[r.SSS.Quality:1]]
[2020.03.17-00.27.01:919][  0]LogConfig: Setting CVar [[r.SSS.HalfRes:1]]
[2020.03.17-00.27.01:919][  0]LogConfig: Setting CVar [[r.EmitterSpawnRateScale:1.0]]
[2020.03.17-00.27.01:919][  0]LogConfig: Setting CVar [[r.ParticleLightQuality:2]]
[2020.03.17-00.27.01:919][  0]LogConfig: Applying CVar settings from Section [FoliageQuality@3] File [D:/Uni19-20/Journeyman/Github/Team-8-BIOMIX/Saved/Config/Windows/Scalability.ini]
[2020.03.17-00.27.01:919][  0]LogConfig: Setting CVar [[foliage.DensityScale:1.0]]
[2020.03.17-00.27.01:919][  0]LogConfig: Setting CVar [[grass.DensityScale:1.0]]
[2020.03.17-00.27.01:919][  0]LogConfig: Applying CVar settings from Section [Startup] File [../../../Engine/Config/ConsoleVariables.ini]
[2020.03.17-00.27.01:919][  0]LogConfig: Setting CVar [[net.UseAdaptiveNetUpdateFrequency:0]]
[2020.03.17-00.27.01:920][  0]LogConfig: Applying CVar settings from Section [ConsoleVariables] File [D:/Uni19-20/Journeyman/Github/Team-8-BIOMIX/Saved/Config/Windows/Engine.ini]
[2020.03.17-00.27.01:920][  0]LogInit: Computer: LAPTOP-F71MJ3F3
[2020.03.17-00.27.01:920][  0]LogInit: User: josep
[2020.03.17-00.27.01:920][  0]LogInit: CPU Page size=4096, Cores=4
[2020.03.17-00.27.01:920][  0]LogInit: High frequency timer resolution =10.000000 MHz
[2020.03.17-00.27.01:921][  0]LogMemory: Memory total: Physical=7.8GB (8GB approx)
[2020.03.17-00.27.01:921][  0]LogMemory: Platform Memory Stats for Windows
[2020.03.17-00.27.01:921][  0]LogMemory: Process Physical Memory: 104.80 MB used, 104.80 MB peak
[2020.03.17-00.27.01:921][  0]LogMemory: Process Virtual Memory: 102.30 MB used, 102.30 MB peak
[2020.03.17-00.27.01:921][  0]LogMemory: Physical Memory: 3866.29 MB used,  4168.32 MB free, 8034.61 MB total
[2020.03.17-00.27.01:921][  0]LogMemory: Virtual Memory: 4661.09 MB used,  134213064.00 MB free, 134217728.00 MB total
[2020.03.17-00.27.01:941][  0]LogInit: Using OS detected language (en-GB).
[2020.03.17-00.27.01:941][  0]LogInit: Using OS detected locale (en-GB).
[2020.03.17-00.27.01:942][  0]LogTextLocalizationManager: No specific localization for 'en-GB' exists, so the 'en' localization will be used.
[2020.03.17-00.27.02:368][  0]LogStreaming: Display: Took  0.427s to InitEngineTextLocalization.
[2020.03.17-00.27.02:368][  0]LogInit: Setting process to per monitor DPI aware
[2020.03.17-00.27.02:549][  0]LogSlate: New Slate User Created.  User Index 0, Is Virtual User: 0
[2020.03.17-00.27.02:549][  0]LogSlate: Slate User Registered.  User Index 0, Is Virtual User: 0
[2020.03.17-00.27.04:466][  0]LogHMD: Failed to initialize OpenVR with code 110
[2020.03.17-00.27.04:466][  0]LogD3D11RHI: D3D11 adapters:
[2020.03.17-00.27.06:035][  0]LogD3D11RHI:    0. 'NVIDIA GeForce GTX 1660 Ti' (Feature Level 11_0)
[2020.03.17-00.27.06:035][  0]LogD3D11RHI:       5991/0/4017 MB DedicatedVideo/DedicatedSystem/SharedSystem, Outputs:1, VendorId:0x10de
[2020.03.17-00.27.06:068][  0]LogD3D11RHI:    1. 'Intel(R) UHD Graphics 630' (Feature Level 11_0)
[2020.03.17-00.27.06:068][  0]LogD3D11RHI:       128/0/4017 MB DedicatedVideo/DedicatedSystem/SharedSystem, Outputs:0, VendorId:0x8086
[2020.03.17-00.27.06:070][  0]LogD3D11RHI:    2. 'Microsoft Basic Render Driver' (Feature Level 11_0)
[2020.03.17-00.27.06:070][  0]LogD3D11RHI:       0/0/4017 MB DedicatedVideo/DedicatedSystem/SharedSystem, Outputs:0, VendorId:0x1414
[2020.03.17-00.27.06:070][  0]LogD3D11RHI: Chosen D3D11 Adapter: 0
[2020.03.17-00.27.06:104][  0]LogD3D11RHI: Creating new Direct3DDevice
[2020.03.17-00.27.06:104][  0]LogD3D11RHI:     GPU DeviceId: 0x2191 (for the marketing name, search the web for "GPU Device Id")
[2020.03.17-00.27.06:104][  0]LogWindows: EnumDisplayDevices:
[2020.03.17-00.27.06:104][  0]LogWindows:    0. 'Intel(R) UHD Graphics 630' (P:1 D:1)
[2020.03.17-00.27.06:189][  0]LogWindows:    1. 'Intel(R) UHD Graphics 630' (P:0 D:0)
[2020.03.17-00.27.06:190][  0]LogWindows:    2. 'Intel(R) UHD Graphics 630' (P:0 D:0)
[2020.03.17-00.27.06:190][  0]LogWindows:    3. 'NVIDIA GeForce GTX 1660 Ti' (P:0 D:0)
[2020.03.17-00.27.06:198][  0]LogWindows: DebugString: PrimaryIsNotTheChoosenAdapter PrimaryIsNotTheChoosenAdapter PrimaryIsNotTheChoosenAdapter 
[2020.03.17-00.27.06:198][  0]LogD3D11RHI:     Adapter Name: NVIDIA GeForce GTX 1660 Ti
[2020.03.17-00.27.06:199][  0]LogD3D11RHI:   Driver Version: 431.90 (internal:26.21.14.3190, unified:431.90)
[2020.03.17-00.27.06:199][  0]LogD3D11RHI:      Driver Date: 9-4-2019
[2020.03.17-00.27.06:199][  0]LogRHI: Texture pool is 4193 MB (70% of 5991 MB)
[2020.03.17-00.27.06:307][  0]LogD3D11RHI: Async texture creation enabled
[2020.03.17-00.27.06:643][  0]LogD3D11RHI: GPU Timing Frequency: 1000.000000 (Debug: 2 1)
[2020.03.17-00.27.07:419][  0]LogTemp: Display: Loaded TP AllDesktopTargetPlatform
[2020.03.17-00.27.07:474][  0]LogTemp: Display: Loaded TP MacClientTargetPlatform
[2020.03.17-00.27.07:536][  0]LogTemp: Display: Loaded TP MacNoEditorTargetPlatform
[2020.03.17-00.27.07:573][  0]LogTemp: Display: Loaded TP MacServerTargetPlatform
[2020.03.17-00.27.07:635][  0]LogTemp: Display: Loaded TP MacTargetPlatform
[2020.03.17-00.27.07:700][  0]LogTemp: Display: Loaded TP WindowsClientTargetPlatform
[2020.03.17-00.27.07:745][  0]LogTemp: Display: Loaded TP WindowsNoEditorTargetPlatform
[2020.03.17-00.27.07:780][  0]LogTemp: Display: Loaded TP WindowsServerTargetPlatform
[2020.03.17-00.27.07:796][  0]LogTemp: Display: Loaded TP WindowsTargetPlatform
[2020.03.17-00.27.08:082][  0]LogTemp: Display: Loaded TP AndroidTargetPlatform
[2020.03.17-00.27.08:082][  0]LogTemp: Display: Loaded TP AndroidTargetPlatform
[2020.03.17-00.27.08:082][  0]LogTemp: Display: Loaded TP AndroidTargetPlatform
[2020.03.17-00.27.08:082][  0]LogTemp: Display: Loaded TP AndroidTargetPlatform
[2020.03.17-00.27.08:082][  0]LogTemp: Display: Loaded TP AndroidTargetPlatform
[2020.03.17-00.27.08:082][  0]LogTemp: Display: Loaded TP AndroidTargetPlatform
[2020.03.17-00.27.08:082][  0]LogTemp: Display: Loaded TP AndroidTargetPlatform
[2020.03.17-00.27.08:082][  0]LogTemp: Display: Loaded TP AndroidTargetPlatform
[2020.03.17-00.27.08:083][  0]LogTemp: Display: Loaded TP AndroidTargetPlatform
[2020.03.17-00.27.08:083][  0]LogTemp: Display: Loaded TP AndroidTargetPlatform
[2020.03.17-00.27.08:083][  0]LogTemp: Display: Loaded TP AndroidTargetPlatform
[2020.03.17-00.27.08:083][  0]LogTemp: Display: Loaded TP AndroidTargetPlatform
[2020.03.17-00.27.08:083][  0]LogTemp: Display: Loaded TP AndroidTargetPlatform
[2020.03.17-00.27.08:083][  0]LogTemp: Display: Loaded TP AndroidTargetPlatform
[2020.03.17-00.27.08:083][  0]LogTemp: Display: Loaded TP AndroidTargetPlatform
[2020.03.17-00.27.08:083][  0]LogTemp: Display: Loaded TP AndroidTargetPlatform
[2020.03.17-00.27.08:083][  0]LogTemp: Display: Loaded TP AndroidTargetPlatform
[2020.03.17-00.27.08:083][  0]LogTemp: Display: Loaded TP AndroidTargetPlatform
[2020.03.17-00.27.08:160][  0]LogTemp: Display: Loaded TP HTML5TargetPlatform
[2020.03.17-00.27.08:407][  0]LogTemp: Display: Loaded TP IOSTargetPlatform
[2020.03.17-00.27.08:407][  0]LogTemp: Display: Loaded TP IOSTargetPlatform
[2020.03.17-00.27.08:470][  0]LogTemp: Display: Loaded TP TVOSTargetPlatform
[2020.03.17-00.27.08:470][  0]LogTemp: Display: Loaded TP TVOSTargetPlatform
[2020.03.17-00.27.08:509][  0]LogTemp: Display: Loaded TP LinuxClientTargetPlatform
[2020.03.17-00.27.08:539][  0]LogTemp: Display: Loaded TP LinuxNoEditorTargetPlatform
[2020.03.17-00.27.08:568][  0]LogTemp: Display: Loaded TP LinuxServerTargetPlatform
[2020.03.17-00.27.08:605][  0]LogTemp: Display: Loaded TP LinuxTargetPlatform
[2020.03.17-00.27.08:729][  0]LogTemp: Display: Loaded TP LuminTargetPlatform
[2020.03.17-00.27.08:729][  0]LogTemp: Display: Loaded TP LuminTargetPlatform
[2020.03.17-00.27.08:729][  0]LogTargetPlatformManager: Display: Building Assets For Windows
[2020.03.17-00.27.09:516][  0]LogShaderCompilers: Guid format shader working directory is -10 characters bigger than the processId version (../../../../../Uni19-20/Journeyman/Github/Team-8-BIOMIX/Intermediate/Shaders/WorkingDirectory/15532/).
[2020.03.17-00.27.09:517][  0]LogShaderCompilers: Cleaned the shader compiler working directory 'C:/Users/josep/AppData/Local/Temp/UnrealShaderWorkingDir/940F732E488F8350819170A4B066BBB1/'.
[2020.03.17-00.27.09:544][  0]LogXGEController: Cannot use XGE Controller as Incredibuild is not installed on this machine.
[2020.03.17-00.27.09:545][  0]LogShaderCompilers: Cannot use XGE Shader Compiler as Incredibuild is not installed on this machine.
[2020.03.17-00.27.09:545][  0]LogShaderCompilers: Display: Using Local Shader Compiler.
[2020.03.17-00.27.12:485][  0]LogDerivedDataCache: Display: Max Cache Size: 512 MB
[2020.03.17-00.27.12:649][  0]LogDerivedDataCache: Loaded boot cache 0.16s 72MB C:/Users/josep/AppData/Local/UnrealEngine/4.21/DerivedDataCache/Boot.ddc.
[2020.03.17-00.27.12:649][  0]LogDerivedDataCache: Display: Loaded Boot cache: C:/Users/josep/AppData/Local/UnrealEngine/4.21/DerivedDataCache/Boot.ddc
[2020.03.17-00.27.12:649][  0]LogDerivedDataCache: FDerivedDataBackendGraph:  Pak pak cache file ../../../../../Uni19-20/Journeyman/Github/Team-8-BIOMIX/DerivedDataCache/DDC.ddp not found, will not use a pak cache.
[2020.03.17-00.27.12:649][  0]LogDerivedDataCache: Unable to find inner node Pak for hierarchical cache Hierarchy.
[2020.03.17-00.27.12:649][  0]LogDerivedDataCache: FDerivedDataBackendGraph:  CompressedPak pak cache file ../../../../../Uni19-20/Journeyman/Github/Team-8-BIOMIX/DerivedDataCache/Compressed.ddp not found, will not use a pak cache.
[2020.03.17-00.27.12:649][  0]LogDerivedDataCache: Unable to find inner node CompressedPak for hierarchical cache Hierarchy.
[2020.03.17-00.27.12:807][  0]LogDerivedDataCache: Display: Pak cache opened for reading ../../../Engine/DerivedDataCache/Compressed.ddp.
[2020.03.17-00.27.12:808][  0]LogDerivedDataCache: FDerivedDataBackendGraph:  EnterprisePak pak cache file ../../../Enterprise/DerivedDataCache/Compressed.ddp not found, will not use a pak cache.
[2020.03.17-00.27.12:808][  0]LogDerivedDataCache: Unable to find inner node EnterprisePak for hierarchical cache Hierarchy.
[2020.03.17-00.27.12:824][  0]LogDerivedDataCache: Using Local data cache path C:/Users/josep/AppData/Local/UnrealEngine/Common/DerivedDataCache: Writable
[2020.03.17-00.27.12:824][  0]LogDerivedDataCache: Shared data cache path not found in *engine.ini, will not use an Shared cache.
[2020.03.17-00.27.12:825][  0]LogDerivedDataCache: Unable to find inner node Shared for hierarchical cache Hierarchy.
[2020.03.17-00.27.12:988][  0]LogMaterial: Verifying Global Shaders for PCD3D_SM5
[2020.03.17-00.27.13:115][  0]LogSlate: Using FreeType 2.6.0
[2020.03.17-00.27.13:231][  0]LogSlate: SlateFontServices - WITH_FREETYPE: 1, WITH_HARFBUZZ: 1
[2020.03.17-00.27.14:243][  0]LogAssetRegistry: FAssetRegistry took 0.0838 seconds to start up
[2020.03.17-00.27.21:555][  0]LogInit: Selected Device Profile: [Windows]
[2020.03.17-00.27.24:037][  0]LogSimplygon: Simplygon DLL not present - disabling.
[2020.03.17-00.27.24:387][  0]LogMeshReduction: Using SimplygonSwarm for distributed automatic mesh merging
[2020.03.17-00.27.24:388][  0]LogMeshReduction: Using ProxyLODMeshReduction for automatic mesh merging
[2020.03.17-00.27.24:403][  0]LogMeshReduction: Using QuadricMeshReduction for automatic static mesh reduction
[2020.03.17-00.27.24:404][  0]LogMeshReduction: No automatic skeletal mesh reduction module available
[2020.03.17-00.27.25:428][  0]LogNetVersion: MyProject 1.0.0, NetCL: 4541578, EngineNetVer: 5, GameNetVer: 0 (Checksum: 1637960414)
[2020.03.17-00.27.33:189][  0]LogAssetRegistry: Error: Failed to open file for write ../../../../../Uni19-20/Journeyman/Github/Team-8-BIOMIX/Intermediate/AssetRegistryCache/2657c409.bin
[2020.03.17-00.27.33:198][  0]LogFileManager: Warning: DeleteFile was unable to delete '../../../../../Uni19-20/Journeyman/Github/Team-8-BIOMIX/Intermediate/AssetRegistryCache/aff1c699.bin', retrying in .5s...
[2020.03.17-00.27.33:699][  0]LogFileManager: Warning: DeleteFile recovered during retry!
[2020.03.17-00.27.33:700][  0]LogFileManager: Warning: MoveFile was unable to move '../../../../../Uni19-20/Journeyman/Github/Team-8-BIOMIX/Intermediate/AssetRegistryCache/aff1c699.bin.tmp' to '../../../../../Uni19-20/Journeyman/Github/Team-8-BIOMIX/Intermediate/AssetRegistryCache/aff1c699.bin', retrying in .5s...
[2020.03.17-00.27.34:200][  0]LogFileManager: Warning: MoveFile was unable to move '../../../../../Uni19-20/Journeyman/Github/Team-8-BIOMIX/Intermediate/AssetRegistryCache/aff1c699.bin.tmp' to '../../../../../Uni19-20/Journeyman/Github/Team-8-BIOMIX/Intermediate/AssetRegistryCache/aff1c699.bin', retrying in .5s...
[2020.03.17-00.27.34:701][  0]LogFileManager: Warning: MoveFile was unable to move '../../../../../Uni19-20/Journeyman/Github/Team-8-BIOMIX/Intermediate/AssetRegistryCache/aff1c699.bin.tmp' to '../../../../../Uni19-20/Journeyman/Github/Team-8-BIOMIX/Intermediate/AssetRegistryCache/aff1c699.bin', retrying in .5s...
[2020.03.17-00.27.35:201][  0]LogFileManager: Warning: MoveFile was unable to move '../../../../../Uni19-20/Journeyman/Github/Team-8-BIOMIX/Intermediate/AssetRegistryCache/aff1c699.bin.tmp' to '../../../../../Uni19-20/Journeyman/Github/Team-8-BIOMIX/Intermediate/AssetRegistryCache/aff1c699.bin', retrying in .5s...
[2020.03.17-00.27.35:702][  0]LogFileManager: Warning: MoveFile was unable to move '../../../../../Uni19-20/Journeyman/Github/Team-8-BIOMIX/Intermediate/AssetRegistryCache/aff1c699.bin.tmp' to '../../../../../Uni19-20/Journeyman/Github/Team-8-BIOMIX/Intermediate/AssetRegistryCache/aff1c699.bin', retrying in .5s...
[2020.03.17-00.27.36:203][  0]LogFileManager: Warning: MoveFile was unable to move '../../../../../Uni19-20/Journeyman/Github/Team-8-BIOMIX/Intermediate/AssetRegistryCache/aff1c699.bin.tmp' to '../../../../../Uni19-20/Journeyman/Github/Team-8-BIOMIX/Intermediate/AssetRegistryCache/aff1c699.bin', retrying in .5s...
[2020.03.17-00.27.36:703][  0]LogFileManager: Warning: MoveFile was unable to move '../../../../../Uni19-20/Journeyman/Github/Team-8-BIOMIX/Intermediate/AssetRegistryCache/aff1c699.bin.tmp' to '../../../../../Uni19-20/Journeyman/Github/Team-8-BIOMIX/Intermediate/AssetRegistryCache/aff1c699.bin', retrying in .5s...
[2020.03.17-00.27.37:204][  0]LogFileManager: Warning: MoveFile was unable to move '../../../../../Uni19-20/Journeyman/Github/Team-8-BIOMIX/Intermediate/AssetRegistryCache/aff1c699.bin.tmp' to '../../../../../Uni19-20/Journeyman/Github/Team-8-BIOMIX/Intermediate/AssetRegistryCache/aff1c699.bin', retrying in .5s...
[2020.03.17-00.27.37:705][  0]LogFileManager: Warning: MoveFile was unable to move '../../../../../Uni19-20/Journeyman/Github/Team-8-BIOMIX/Intermediate/AssetRegistryCache/aff1c699.bin.tmp' to '../../../../../Uni19-20/Journeyman/Github/Team-8-BIOMIX/Intermediate/AssetRegistryCache/aff1c699.bin', retrying in .5s...
[2020.03.17-00.27.38:205][  0]LogFileManager: Warning: MoveFile was unable to move '../../../../../Uni19-20/Journeyman/Github/Team-8-BIOMIX/Intermediate/AssetRegistryCache/aff1c699.bin.tmp' to '../../../../../Uni19-20/Journeyman/Github/Team-8-BIOMIX/Intermediate/AssetRegistryCache/aff1c699.bin', retrying in .5s...
[2020.03.17-00.27.38:705][  0]LogFileManager: Error: Error moving file '../../../../../Uni19-20/Journeyman/Github/Team-8-BIOMIX/Intermediate/AssetRegistryCache/aff1c699.bin.tmp' to '../../../../../Uni19-20/Journeyman/Github/Team-8-BIOMIX/Intermediate/AssetRegistryCache/aff1c699.bin'.
[2020.03.17-00.27.38:813][  0]LogPackageLocalizationCache: Processed 11 localized package path(s) for 2 prioritized culture(s) in 5.787856 seconds
[2020.03.17-00.27.38:822][  0]LogUObjectArray: 39775 objects as part of root set at end of initial load.
[2020.03.17-00.27.38:822][  0]LogUObjectAllocator: 6914656 out of 0 bytes used by permanent object pool.
[2020.03.17-00.27.38:822][  0]LogUObjectArray: CloseDisregardForGC: 0/0 objects in disregard for GC pool
[2020.03.17-00.27.52:817][  0]LogTcpMessaging: Initializing TcpMessaging bridge
[2020.03.17-00.27.52:870][  0]LogUdpMessaging: Initializing bridge on interface 0.0.0.0:0 to multicast group 230.0.0.1:6666.
[2020.03.17-00.27.56:297][  0]SourceControl: Source control is disabled
[2020.03.17-00.27.56:297][  0]SourceControl: Source control is disabled
[2020.03.17-00.27.56:541][  0]SourceControl: Source control is disabled
[2020.03.17-00.27.56:667][  0]SourceControl: Source control is disabled
[2020.03.17-00.27.58:461][  0]LogAndroidPermission: UAndroidPermissionCallbackProxy::GetInstance
[2020.03.17-00.27.58:921][  0]LogOcInput: OculusInput pre-init called
[2020.03.17-00.28.00:925][  0]LogEngine: Initializing Engine...
[2020.03.17-00.28.00:973][  0]LogHMD: Failed to initialize OpenVR with code 110
[2020.03.17-00.28.01:002][  0]LogStats: UGameplayTagsManager::ConstructGameplayTagTree: ImportINI prefixes -  0.000 s
[2020.03.17-00.28.01:002][  0]LogStats: UGameplayTagsManager::ConstructGameplayTagTree: Construct from data asset -  0.000 s
[2020.03.17-00.28.01:003][  0]LogStats: UGameplayTagsManager::ConstructGameplayTagTree: ImportINI -  0.001 s
[2020.03.17-00.28.01:003][  0]LogStats: UGameplayTagsManager::ConstructGameplayTagTree: GameplayTagTreeChangedEvent.Broadcast -  0.000 s
[2020.03.17-00.28.01:732][  0]LogInit: Initializing FReadOnlyCVARCache
[2020.03.17-00.28.02:454][  0]LogAIModule: Creating AISystem for world Untitled
[2020.03.17-00.28.02:719][  0]LogInit: XAudio2 using 'Speakers (Realtek(R) Audio)' : 2 channels at 48 kHz using 32 bits per sample (channel mask 0x3)
[2020.03.17-00.28.03:364][  0]LogInit: FAudioDevice initialized.
[2020.03.17-00.28.03:365][  0]LogNetVersion: Set ProjectVersion to 1.0.0.0. Version Checksum will be recalculated on next use.
[2020.03.17-00.28.03:379][  0]LogDerivedDataCache: Error: Could not save memory cache C:/Users/josep/AppData/Local/UnrealEngine/4.21/DerivedDataCache/Boot.ddc.
[2020.03.17-00.28.03:390][  0]LogInit: Texture streaming: Enabled
[2020.03.17-00.28.03:558][  0]LogEngineSessionManager: EngineSessionManager initialized
[2020.03.17-00.28.05:670][  0]LogInit: Transaction tracking system initialized
[2020.03.17-00.28.06:400][  0]BlueprintLog: New page: Editor Load
[2020.03.17-00.28.08:988][  0]LocalizationService: Localization service is disabled
[2020.03.17-00.28.16:718][  0]LogFileCache: Scanning file cache for directory 'D:/Uni19-20/Journeyman/Github/Team-8-BIOMIX/Content/' took 0.15s
[2020.03.17-00.28.16:718][  0]LogCook: Display: Max memory allowance for cook 16384mb min free memory 0mb
[2020.03.17-00.28.16:720][  0]LogCook: Display: Mobile HDR setting 1
[2020.03.17-00.28.16:721][  0]LogGameplayTags: Display: UGameplayTagsManager::DoneAddingNativeTags. DelegateIsBound: 0
[2020.03.17-00.28.16:721][  0]LogStats: UGameplayTagsManager::ConstructGameplayTagTree: ImportINI prefixes -  0.000 s
[2020.03.17-00.28.16:721][  0]LogStats: UGameplayTagsManager::ConstructGameplayTagTree: Construct from data asset -  0.000 s
[2020.03.17-00.28.16:722][  0]LogStats: UGameplayTagsManager::ConstructGameplayTagTree: ImportINI -  0.000 s
[2020.03.17-00.28.16:722][  0]LogStats: UGameplayTagsManager::ConstructGameplayTagTree: GameplayTagTreeChangedEvent.Broadcast -  0.000 s
[2020.03.17-00.28.20:040][  0]SourceControl: Source control is disabled
[2020.03.17-00.28.20:083][  0]Cmd: MAP LOAD FILE="../../../../../Uni19-20/Journeyman/Github/Team-8-BIOMIX/Content/SynthvaniaContent/Levels/SideScrollerExampleMap.umap" TEMPLATE=0 SHOWPROGRESS=1 FEATURELEVEL=3
[2020.03.17-00.28.20:147][  0]LightingResults: New page: Lighting Build
[2020.03.17-00.28.20:422][  0]MapCheck: New page: Map Check
[2020.03.17-00.28.20:422][  0]LightingResults: New page: Lighting Build
[2020.03.17-00.28.28:039][  0]LogTexture: Display: Building textures: HealthBarEmpty (BGRA8, 430X40)
[2020.03.17-00.28.28:039][  0]LogTexture: Display: Building textures: TempPrompt (BGRA8, 425X245)
[2020.03.17-00.28.28:039][  0]LogTexture: Display: Building textures: HealthBarFull (BGRA8, 430X40)
[2020.03.17-00.28.28:039][  0]LogTexture: Display: Building textures: SkyOcclusion1_1 (AutoDXT, 2048X1024)
[2020.03.17-00.28.28:302][  0]LogTexture: Display: Building textures: LQ_Lightmap_1_1 (DXT1, 2048X2048)
[2020.03.17-00.28.28:303][  0]LogTexture: Display: Building textures: HQ_Lightmap1_1 (AutoDXT, 2048X2048)
[2020.03.17-00.28.30:485][  0]LogMaterial: Display: Missing cached shader map for material M_UE4Man_Body, compiling. 
[2020.03.17-00.28.31:143][  0]LogMeshUtilities: Finished distance field build in 0.1s - 15x15x15 distance field, 960 triangles, Range [-0.7, 1.0], Shape_Sphere
[2020.03.17-00.28.31:143][  0]LogShaderCompilers: Display: Shaders left to compile 60
[2020.03.17-00.28.31:153][  0]LogShaderCompilers: Display: Shaders left to compile 50
[2020.03.17-00.28.31:153][  0]LogShaderCompilers: Display: Shaders left to compile 40
[2020.03.17-00.28.31:153][  0]LogShaderCompilers: Display: Shaders left to compile 30
[2020.03.17-00.28.31:153][  0]LogShaderCompilers: Display: Shaders left to compile 20
[2020.03.17-00.28.31:154][  0]LogMaterial: Display: Missing cached shader map for material M_UE4Man_ChestLogo, compiling. 
[2020.03.17-00.28.33:264][  0]LogAIModule: Creating AISystem for world SideScrollerExampleMap
[2020.03.17-00.28.38:347][  0]LogEditorServer: Finished looking for orphan Actors (0.039 secs)
[2020.03.17-00.28.39:521][  0]Cmd: MAP CHECKDEP NOCLEARLOG
[2020.03.17-00.28.39:546][  0]MapCheck: Map check complete: 0 Error(s), 0 Warning(s), took 13.463ms to complete.
[2020.03.17-00.28.39:555][  0]LogFileHelpers: Loading map 'SideScrollerExampleMap' took 19.488
[2020.03.17-00.28.44:604][  0]LogShaderCompilers: Display: Shaders left to compile 70
[2020.03.17-00.28.44:604][  0]LogShaderCompilers: Display: Shaders left to compile 60
[2020.03.17-00.28.44:604][  0]LogShaderCompilers: Display: Shaders left to compile 50
[2020.03.17-00.28.44:604][  0]LogSlate: Updating window title bar state: overlay mode, drag disabled, window buttons hidden, title bar hidden
[2020.03.17-00.28.44:720][  0]LogSlate: Updating window title bar state: overlay mode, drag disabled, window buttons hidden, title bar hidden
[2020.03.17-00.28.44:740][  0]LogSlate: Updating window title bar state: overlay mode, drag disabled, window buttons hidden, title bar hidden
[2020.03.17-00.28.44:761][  0]LogSlate: Updating window title bar state: overlay mode, drag disabled, window buttons hidden, title bar hidden
[2020.03.17-00.28.44:983][  0]LogCollectionManager: Loaded 0 collections in 0.002078 seconds
[2020.03.17-00.28.45:369][  0]LogFileCache: Scanning file cache for directory 'D:/Uni19-20/Journeyman/Github/Team-8-BIOMIX/Saved/Collections/' took 0.01s
[2020.03.17-00.28.45:370][  0]LogFileCache: Scanning file cache for directory 'D:/Uni19-20/Journeyman/Github/Team-8-BIOMIX/Content/Developers/josep/Collections/' took 0.01s
[2020.03.17-00.28.45:370][  0]LogFileCache: Scanning file cache for directory 'D:/Uni19-20/Journeyman/Github/Team-8-BIOMIX/Content/Collections/' took 0.01s
[2020.03.17-00.28.45:370][  0]LogCollectionManager: Rebuilt the GUID cache for 0 collections in 0.000001 seconds
[2020.03.17-00.28.45:398][  0]LogContentBrowser: Native class hierarchy populated in 0.0249 seconds. Added 2660 classes and 625 folders.
[2020.03.17-00.28.45:986][  0]LogShaderCompilers: Display: Shaders left to compile 40
[2020.03.17-00.28.45:986][  0]LogContentBrowser: Native class hierarchy updated for 'WidgetCarousel' in 0.0006 seconds. Added 0 classes and 0 folders.
[2020.03.17-00.28.46:303][  0]LogPakFile: Registered encryption key '00000000000000000000000000000000': 0 pak files mounted, 0 remain pending
[2020.03.17-00.28.46:407][  0]LogPakFile: Registered encryption key '00000000000000000000000000000000': 0 pak files mounted, 0 remain pending
[2020.03.17-00.28.46:452][  0]LogShaderCompilers: Display: Shaders left to compile 30
[2020.03.17-00.28.46:452][  0]LogPakFile: Registered encryption key '00000000000000000000000000000000': 0 pak files mounted, 0 remain pending
[2020.03.17-00.28.46:455][  0]LogPakFile: Registered encryption key '00000000000000000000000000000000': 0 pak files mounted, 0 remain pending
[2020.03.17-00.28.46:476][  0]LogPakFile: Registered encryption key '00000000000000000000000000000000': 0 pak files mounted, 0 remain pending
[2020.03.17-00.28.46:479][  0]LogPakFile: Registered encryption key '00000000000000000000000000000000': 0 pak files mounted, 0 remain pending
[2020.03.17-00.28.46:481][  0]LogPakFile: Registered encryption key '00000000000000000000000000000000': 0 pak files mounted, 0 remain pending
[2020.03.17-00.28.46:483][  0]LogPakFile: Registered encryption key '00000000000000000000000000000000': 0 pak files mounted, 0 remain pending
[2020.03.17-00.28.46:529][  0]LogPakFile: Registered encryption key '00000000000000000000000000000000': 0 pak files mounted, 0 remain pending
[2020.03.17-00.28.46:533][  0]LogPakFile: Registered encryption key '00000000000000000000000000000000': 0 pak files mounted, 0 remain pending
[2020.03.17-00.28.46:536][  0]LogPakFile: Registered encryption key '00000000000000000000000000000000': 0 pak files mounted, 0 remain pending
[2020.03.17-00.28.46:538][  0]LogPakFile: Registered encryption key '00000000000000000000000000000000': 0 pak files mounted, 0 remain pending
[2020.03.17-00.28.46:574][  0]LogPakFile: Registered encryption key '00000000000000000000000000000000': 0 pak files mounted, 0 remain pending
[2020.03.17-00.28.46:576][  0]LogPakFile: Registered encryption key '00000000000000000000000000000000': 0 pak files mounted, 0 remain pending
[2020.03.17-00.28.46:579][  0]LogPakFile: Registered encryption key '00000000000000000000000000000000': 0 pak files mounted, 0 remain pending
[2020.03.17-00.28.46:581][  0]LogPakFile: Registered encryption key '00000000000000000000000000000000': 0 pak files mounted, 0 remain pending
[2020.03.17-00.28.46:584][  0]LogPakFile: Registered encryption key '00000000000000000000000000000000': 0 pak files mounted, 0 remain pending
[2020.03.17-00.28.46:606][  0]LogPakFile: Registered encryption key '00000000000000000000000000000000': 0 pak files mounted, 0 remain pending
[2020.03.17-00.28.46:609][  0]LogPakFile: Registered encryption key '00000000000000000000000000000000': 0 pak files mounted, 0 remain pending
[2020.03.17-00.28.46:611][  0]LogPakFile: Registered encryption key '00000000000000000000000000000000': 0 pak files mounted, 0 remain pending
[2020.03.17-00.28.46:615][  0]LogPakFile: Registered encryption key '00000000000000000000000000000000': 0 pak files mounted, 0 remain pending
[2020.03.17-00.28.46:618][  0]LogPakFile: Registered encryption key '00000000000000000000000000000000': 0 pak files mounted, 0 remain pending
[2020.03.17-00.28.46:677][  0]LogPakFile: Registered encryption key '00000000000000000000000000000000': 0 pak files mounted, 0 remain pending
[2020.03.17-00.28.46:681][  0]LogPakFile: Registered encryption key '00000000000000000000000000000000': 0 pak files mounted, 0 remain pending
[2020.03.17-00.28.46:683][  0]LogPakFile: Registered encryption key '00000000000000000000000000000000': 0 pak files mounted, 0 remain pending
[2020.03.17-00.28.46:688][  0]LogPakFile: Registered encryption key '00000000000000000000000000000000': 0 pak files mounted, 0 remain pending
[2020.03.17-00.28.47:321][  0]LogContentBrowser: Native class hierarchy updated for 'AddContentDialog' in 0.0005 seconds. Added 0 classes and 0 folders.
[2020.03.17-00.28.47:406][  0]LogContentBrowser: Native class hierarchy updated for 'SceneOutliner' in 0.0006 seconds. Added 1 classes and 2 folders.
[2020.03.17-00.28.49:038][  0]LogShaderCompilers: Display: Shaders left to compile 20
[2020.03.17-00.28.49:038][  0]LogSlate: Took 0.098377 seconds to synchronously load lazily loaded font '../../../Engine/Content/Slate/Fonts/Roboto-Regular.ttf' (155K)
[2020.03.17-00.28.49:229][  0]LogSlate: Took 0.026465 seconds to synchronously load lazily loaded font '../../../Engine/Content/Slate/Fonts/Roboto-Bold.ttf' (160K)
[2020.03.17-00.28.49:711][  0]LogSlate: Took 0.258552 seconds to synchronously load lazily loaded font '../../../Engine/Content/Editor/Slate/Fonts/FontAwesome.ttf' (139K)
[2020.03.17-00.28.52:744][  0]LogShaderCompilers: Display: Shaders left to compile 10
[2020.03.17-00.28.52:744][  0]LogRenderer: Reallocating scene render targets to support 860x436 Format 10 NumSamples 1 (Frame:1).
[2020.03.17-00.28.54:957][  0]LogContentBrowser: Native class hierarchy updated for 'HierarchicalLODOutliner' in 0.0009 seconds. Added 0 classes and 0 folders.
[2020.03.17-00.28.54:957][  0]LogLoad: (Engine Initialization) Total time: 115.20 seconds
[2020.03.17-00.28.54:957][  0]LogLoad: (Engine Initialization) Total Blueprint compile time: 0.00 seconds
[2020.03.17-00.28.56:362][  0]LogContentStreaming: Texture pool size now 1000 MB
[2020.03.17-00.28.56:793][  0]LogDerivedDataCache: FFileSystemDerivedDataBackend: Move collision, attempt at redundant update, OK C:/Users/josep/AppData/Local/UnrealEngine/Common/DerivedDataCache/8/4/6/MATSM_F1CC9C7A48F5422EB67E3ADC82465189_PCD3D_SM5_7__BC5N_NOCCBN_NOIRIS_DEV_SL___42C961E988E0EA959A2AAA1EA0DFF3D7AEB9ABB1.udd.
[2020.03.17-00.28.57:150][  0]LogDerivedDataCache: FFileSystemDerivedDataBackend: Move collision, attempt at redundant update, OK C:/Users/josep/AppData/Local/UnrealEngine/Common/DerivedDataCache/8/7/9/DIST_STATICMESH_3713973CA1B84F41BA1EB2E56FCE9211_228332BAE0224DD294E232B87D839__27562549DB16483BCDCC4BDDA9949262C5EFFE30.udd.
[2020.03.17-00.28.57:150][  0]LogSlate: Took 0.049651 seconds to synchronously load lazily loaded font '../../../Engine/Content/Slate/Fonts/Roboto-Light.ttf' (167K)
[2020.03.17-00.28.58:736][  2]LogSlate: Took 0.000306 seconds to synchronously load lazily loaded font '../../../Engine/Content/Slate/Fonts/Roboto-Light.ttf' (167K)
[2020.03.17-00.28.59:402][ 10]LogAssetRegistry: Asset discovery search completed in 105.1911 seconds
[2020.03.17-00.28.59:420][ 10]LogCollectionManager: Rebuilt the object cache for 0 collections in 0.000001 seconds (found 0 objects)
[2020.03.17-00.28.59:420][ 10]LogCollectionManager: Fixed up redirectors for 0 collections in 0.007501 seconds (updated 0 objects)
[2020.03.17-00.29.16:544][960]LogSlate: FSceneViewport::OnFocusLost() reason 0
[2020.03.17-00.29.16:782][964]LogAssetEditorManager: Opening Asset editor for Blueprint /Game/SynthvaniaContent/Blueprints/AI/NPC/Basic_Enemy/Enemy_Character.Enemy_Character
[2020.03.17-00.29.18:634][964]LogEnum: Warning: Enum name collision: 'Enum_Elements::NewEnumerator0' is in both '/Game/SideScrollerBP/Blueprints/Enum_Elements.Enum_Elements' and '/Game/SynthvaniaContent/Blueprints/Enums/Enum_Elements.Enum_Elements'
[2020.03.17-00.29.18:634][964]LogEnum: Warning: Enum name collision: 'Enum_Elements::NewEnumerator1' is in both '/Game/SideScrollerBP/Blueprints/Enum_Elements.Enum_Elements' and '/Game/SynthvaniaContent/Blueprints/Enums/Enum_Elements.Enum_Elements'
[2020.03.17-00.29.18:634][964]LogEnum: Warning: Enum name collision: 'Enum_Elements::NewEnumerator2' is in both '/Game/SideScrollerBP/Blueprints/Enum_Elements.Enum_Elements' and '/Game/SynthvaniaContent/Blueprints/Enums/Enum_Elements.Enum_Elements'
[2020.03.17-00.29.18:634][964]LogEnum: Warning: Enum name collision: 'Enum_Elements::NewEnumerator3' is in both '/Game/SideScrollerBP/Blueprints/Enum_Elements.Enum_Elements' and '/Game/SynthvaniaContent/Blueprints/Enums/Enum_Elements.Enum_Elements'
[2020.03.17-00.29.18:634][964]LogEnum: Warning: Enum name collision: 'Enum_Elements::Enum_MAX' is in both '/Game/SideScrollerBP/Blueprints/Enum_Elements.Enum_Elements' and '/Game/SynthvaniaContent/Blueprints/Enums/Enum_Elements.Enum_Elements'
[2020.03.17-00.29.18:634][964]LogEnum: Warning: Enum name collision: 'Enum_Elements::NewEnumerator0' is in both '/Game/SideScrollerBP/Blueprints/Enum_Elements.Enum_Elements' and '/Game/SynthvaniaContent/Blueprints/Enums/Enum_Elements.Enum_Elements'
[2020.03.17-00.29.18:635][964]LogEnum: Warning: Enum name collision: 'Enum_Elements::NewEnumerator1' is in both '/Game/SideScrollerBP/Blueprints/Enum_Elements.Enum_Elements' and '/Game/SynthvaniaContent/Blueprints/Enums/Enum_Elements.Enum_Elements'
[2020.03.17-00.29.18:635][964]LogEnum: Warning: Enum name collision: 'Enum_Elements::NewEnumerator2' is in both '/Game/SideScrollerBP/Blueprints/Enum_Elements.Enum_Elements' and '/Game/SynthvaniaContent/Blueprints/Enums/Enum_Elements.Enum_Elements'
[2020.03.17-00.29.18:635][964]LogEnum: Warning: Enum name collision: 'Enum_Elements::NewEnumerator3' is in both '/Game/SideScrollerBP/Blueprints/Enum_Elements.Enum_Elements' and '/Game/SynthvaniaContent/Blueprints/Enums/Enum_Elements.Enum_Elements'
[2020.03.17-00.29.18:887][964]LogContentBrowser: Native class hierarchy updated for 'BlueprintGraph' in 0.0018 seconds. Added 117 classes and 0 folders.
[2020.03.17-00.29.23:175][964]LogAssetEditorManager: Opening Asset editor for BehaviorTree /Game/SynthvaniaContent/Blueprints/AI/NPC/Basic_Enemy/BT_Enemy.BT_Enemy
[2020.03.17-00.29.24:228][964]LogAssetEditorManager: Opening Asset editor for Blueprint /Game/SynthvaniaContent/Blueprints/SideScrollerCharacter.SideScrollerCharacter
[2020.03.17-00.29.25:635][964]LogAssetEditorManager: Opening Asset editor for Blueprint /Game/SynthvaniaContent/Blueprints/AI/NPC/Basic_Enemy/Enemy_controller.Enemy_controller
[2020.03.17-00.29.26:107][964]LogAssetEditorManager: Opening Asset editor for Blueprint /Game/SynthvaniaContent/Blueprints/AI/NPC/Basic_Enemy/BTT_AttackPlayer.BTT_AttackPlayer
[2020.03.17-00.29.26:589][964]LogAssetEditorManager: Opening Asset editor for Blueprint /Game/SynthvaniaContent/Blueprints/AI/NPC/Basic_Enemy/BTT_ChasePlayer.BTT_ChasePlayer
[2020.03.17-00.29.27:256][964]LogSlate: Took 0.033419 seconds to synchronously load lazily loaded font '../../../Engine/Content/Slate/Fonts/Roboto-BoldCondensed.ttf' (158K)
[2020.03.17-00.29.28:244][965]LogSlate: Took 0.001137 seconds to synchronously load lazily loaded font '../../../Engine/Content/Slate/Fonts/Roboto-Italic.ttf' (157K)
[2020.03.17-00.30.20:402][292]LogSlate: Window 'BTT_ChasePlayer' being destroyed
[2020.03.17-00.30.20:407][292]LogSlate: Window 'BTT_ChasePlayer' being destroyed
[2020.03.17-00.30.21:254][292]LogActorComponent: UnregisterComponent: (/Engine/Transient.EditorFloorComp) Not registered. Aborting.
[2020.03.17-00.30.24:606][374]LogActorComponent: UnregisterComponent: (/Engine/Transient.EditorFloorComp) Not registered. Aborting.
[2020.03.17-00.30.24:713][374]LogSlate: Window 'MyProject - Unreal Editor' being destroyed
[2020.03.17-00.30.24:726][374]LogWindowsTextInputMethodSystem: Display: IME system now deactivated.
[2020.03.17-00.30.25:465][375]Cmd: QUIT_EDITOR
[2020.03.17-00.30.25:826][375]LogExit: Preparing to exit.
[2020.03.17-00.30.26:751][375]LogExit: Editor shut down
[2020.03.17-00.30.26:751][375]LogExit: Transaction tracking system shut down
[2020.03.17-00.30.28:457][375]LogExit: Object subsystem successfully closed.
[2020.03.17-00.30.28:674][375]LogShaderCompilers: Display: Shaders left to compile 0
[2020.03.17-00.30.28:696][375]LogD3D11RHI: Shutdown
[2020.03.17-00.30.28:696][375]LogD3D11RHI: CleanupD3DDevice
[2020.03.17-00.30.28:766][375]LogD3D11RHI: ~FD3D11DynamicRHI
[2020.03.17-00.30.29:829][375]LogModuleManager: Shutting down and abandoning module BlueprintGraph (628)
[2020.03.17-00.30.29:830][375]LogModuleManager: Shutting down and abandoning module HierarchicalLODOutliner (626)
[2020.03.17-00.30.29:830][375]LogModuleManager: Shutting down and abandoning module SceneOutliner (624)
[2020.03.17-00.30.29:842][375]LogModuleManager: Shutting down and abandoning module AddContentDialog (622)
[2020.03.17-00.30.29:860][375]LogModuleManager: Shutting down and abandoning module WidgetCarousel (621)
[2020.03.17-00.30.29:860][375]LogModuleManager: Shutting down and abandoning module EditorWidgets (618)
[2020.03.17-00.30.29:860][375]LogModuleManager: Shutting down and abandoning module CollectionManager (616)
[2020.03.17-00.30.29:878][375]LogModuleManager: Shutting down and abandoning module StatsViewer (614)
[2020.03.17-00.30.29:890][375]LogModuleManager: Shutting down and abandoning module FoliageEdit (612)
[2020.03.17-00.30.29:890][375]LogModuleManager: Shutting down and abandoning module LandscapeEditor (610)
[2020.03.17-00.30.29:905][375]LogModuleManager: Shutting down and abandoning module MeshPaintMode (608)
[2020.03.17-00.30.29:905][375]LogModuleManager: Shutting down and abandoning module SceneDepthPickerMode (606)
[2020.03.17-00.30.29:906][375]LogModuleManager: Shutting down and abandoning module ActorPickerMode (604)
[2020.03.17-00.30.29:906][375]LogModuleManager: Shutting down and abandoning module GeometryMode (602)
[2020.03.17-00.30.29:906][375]LogModuleManager: Shutting down and abandoning module TextureAlignMode (600)
[2020.03.17-00.30.29:906][375]LogModuleManager: Shutting down and abandoning module BspMode (598)
[2020.03.17-00.30.29:906][375]LogModuleManager: Shutting down and abandoning module PIEPreviewDeviceProfileSelector (596)
[2020.03.17-00.30.29:920][375]LogModuleManager: Shutting down and abandoning module SequenceRecorderSections (594)
[2020.03.17-00.30.29:933][375]LogModuleManager: Shutting down and abandoning module AutomationWorker (592)
[2020.03.17-00.30.29:933][375]LogModuleManager: Shutting down and abandoning module AudioCaptureEditor (590)
[2020.03.17-00.30.29:934][375]LogModuleManager: Shutting down and abandoning module MatineeToLevelSequence (588)
[2020.03.17-00.30.29:945][375]LogModuleManager: Shutting down and abandoning module LevelSequenceEditor (586)
[2020.03.17-00.30.30:031][375]LogModuleManager: Shutting down and abandoning module PlacementMode (585)
[2020.03.17-00.30.30:031][375]LogModuleManager: Shutting down and abandoning module MaterialEditor (584)
[2020.03.17-00.30.30:048][375]LogModuleManager: Shutting down and abandoning module WmfMediaFactory (580)
[2020.03.17-00.30.30:048][375]LogModuleManager: Shutting down and abandoning module WmfMediaEditor (578)
[2020.03.17-00.30.30:048][375]LogModuleManager: Shutting down and abandoning module WebMMediaFactory (576)
[2020.03.17-00.30.30:048][375]LogModuleManager: Shutting down and abandoning module WebMMediaEditor (574)
[2020.03.17-00.30.30:048][375]LogModuleManager: Shutting down and abandoning module WebMMedia (572)
[2020.03.17-00.30.30:062][375]LogModuleManager: Shutting down and abandoning module MediaPlayerEditor (570)
[2020.03.17-00.30.30:065][375]LogModuleManager: Shutting down and abandoning module MediaCompositingEditor (568)
[2020.03.17-00.30.30:067][375]LogModuleManager: Shutting down and abandoning module SequenceRecorder (567)
[2020.03.17-00.30.30:068][375]LogModuleManager: Shutting down and abandoning module OpenExrWrapper (564)
[2020.03.17-00.30.30:068][375]LogModuleManager: Shutting down and abandoning module ImgMediaFactory (562)
[2020.03.17-00.30.30:068][375]LogModuleManager: Shutting down and abandoning module ImgMediaEditor (560)
[2020.03.17-00.30.30:068][375]LogModuleManager: Shutting down and abandoning module AvfMediaFactory (558)
[2020.03.17-00.30.30:068][375]LogModuleManager: Shutting down and abandoning module AvfMediaEditor (556)
[2020.03.17-00.30.30:069][375]LogModuleManager: Shutting down and abandoning module AndroidMediaFactory (554)
[2020.03.17-00.30.30:069][375]LogModuleManager: Shutting down and abandoning module AndroidMediaEditor (552)
[2020.03.17-00.30.30:069][375]LogModuleManager: Shutting down and abandoning module MagicLeapCameraPreviewFactory (550)
[2020.03.17-00.30.30:069][375]LogModuleManager: Shutting down and abandoning module MagicLeapMediaFactory (548)
[2020.03.17-00.30.30:069][375]LogModuleManager: Shutting down and abandoning module MagicLeapMediaEditor (546)
[2020.03.17-00.30.30:069][375]LogModuleManager: Shutting down and abandoning module CharacterAI (544)
[2020.03.17-00.30.30:069][375]LogModuleManager: Shutting down and abandoning module SmartSnapping (542)
[2020.03.17-00.30.30:069][375]LogModuleManager: Shutting down and abandoning module SessionServices (540)
[2020.03.17-00.30.30:069][375]LogModuleManager: Shutting down and abandoning module ViewportSnapping (538)
[2020.03.17-00.30.30:069][375]LogModuleManager: Shutting down and abandoning module ViewportInteraction (536)
[2020.03.17-00.30.30:069][375]LogModuleManager: Shutting down and abandoning module ClothPainter (534)
[2020.03.17-00.30.30:086][375]LogModuleManager: Shutting down and abandoning module SkeletalMeshEditor (533)
[2020.03.17-00.30.30:099][375]LogModuleManager: Shutting down and abandoning module LogVisualizer (530)
[2020.03.17-00.30.30:117][375]LogModuleManager: Shutting down and abandoning module IntroTutorials (528)
[2020.03.17-00.30.30:155][375]LogModuleManager: Shutting down and abandoning module GameProjectGeneration (527)
[2020.03.17-00.30.30:161][375]LogModuleManager: Shutting down and abandoning module LuminPlatformEditor (524)
[2020.03.17-00.30.30:161][375]LogModuleManager: Shutting down and abandoning module IOSPlatformEditor (522)
[2020.03.17-00.30.30:161][375]LogModuleManager: Shutting down and abandoning module HTML5PlatformEditor (520)
[2020.03.17-00.30.30:161][375]LogModuleManager: Shutting down and abandoning module AndroidPlatformEditor (518)
[2020.03.17-00.30.30:161][375]LogModuleManager: Shutting down and abandoning module AndroidDeviceDetection (517)
[2020.03.17-00.30.31:106][375]LogModuleManager: Shutting down and abandoning module WindowsPlatformEditor (514)
[2020.03.17-00.30.31:106][375]LogModuleManager: Shutting down and abandoning module LuminRuntimeSettings (512)
[2020.03.17-00.30.31:106][375]LogModuleManager: Shutting down and abandoning module IOSRuntimeSettings (510)
[2020.03.17-00.30.31:106][375]LogModuleManager: Shutting down and abandoning module AndroidRuntimeSettings (508)
[2020.03.17-00.30.31:107][375]LogModuleManager: Shutting down and abandoning module TimeManagementEditor (506)
[2020.03.17-00.30.31:107][375]LogModuleManager: Shutting down and abandoning module InputBindingEditor (504)
[2020.03.17-00.30.31:107][375]LogModuleManager: Shutting down and abandoning module MergeActors (502)
[2020.03.17-00.30.31:123][375]LogModuleManager: Shutting down and abandoning module LocalizationDashboard (500)
[2020.03.17-00.30.31:137][375]LogModuleManager: Shutting down and abandoning module LocalizationService (499)
[2020.03.17-00.30.31:141][375]LogModuleManager: Shutting down and abandoning module HardwareTargeting (496)
[2020.03.17-00.30.31:141][375]LogModuleManager: Shutting down and abandoning module DeviceProfileEditor (494)
[2020.03.17-00.30.31:148][375]LogModuleManager: Shutting down and abandoning module UndoHistory (492)
[2020.03.17-00.30.31:162][375]LogModuleManager: Shutting down and abandoning module XmlParser (490)
[2020.03.17-00.30.31:163][375]LogModuleManager: Shutting down and abandoning module Blutility (488)
[2020.03.17-00.30.31:169][375]LogModuleManager: Shutting down and abandoning module ProjectSettingsViewer (486)
[2020.03.17-00.30.31:169][375]LogModuleManager: Shutting down and abandoning module ProjectTargetPlatformEditor (485)
[2020.03.17-00.30.31:169][375]LogModuleManager: Shutting down and abandoning module EditorSettingsViewer (482)
[2020.03.17-00.30.31:169][375]LogModuleManager: Shutting down and abandoning module SettingsEditor (480)
[2020.03.17-00.30.31:185][375]LogModuleManager: Shutting down and abandoning module ProjectLauncher (478)
[2020.03.17-00.30.31:193][375]LogModuleManager: Shutting down and abandoning module SessionFrontend (476)
[2020.03.17-00.30.31:204][375]LogModuleManager: Shutting down and abandoning module ProfilerClient (474)
[2020.03.17-00.30.31:218][375]LogModuleManager: Shutting down and abandoning module DeviceManager (472)
[2020.03.17-00.30.31:234][375]LogModuleManager: Shutting down and abandoning module TargetDeviceServices (471)
[2020.03.17-00.30.31:298][375]LogModuleManager: Shutting down and abandoning module AutomationController (468)
[2020.03.17-00.30.31:315][375]LogModuleManager: Shutting down and abandoning module AutomationWindow (466)
[2020.03.17-00.30.31:336][375]LogModuleManager: Shutting down and abandoning module Layers (464)
[2020.03.17-00.30.31:370][375]LogModuleManager: Shutting down and abandoning module ComponentVisualizers (462)
[2020.03.17-00.30.31:370][375]LogModuleManager: Shutting down and abandoning module DetailCustomizations (460)
[2020.03.17-00.30.31:387][375]LogModuleManager: Shutting down and abandoning module PackagesDialog (458)
[2020.03.17-00.30.31:397][375]LogModuleManager: Shutting down and abandoning module Persona (456)
[2020.03.17-00.30.31:442][375]LogModuleManager: Shutting down and abandoning module AdvancedPreviewScene (455)
[2020.03.17-00.30.31:442][375]LogModuleManager: Shutting down and abandoning module AnimGraph (453)
[2020.03.17-00.30.31:443][375]LogModuleManager: Shutting down and abandoning module Kismet (450)
[2020.03.17-00.30.31:456][375]LogModuleManager: Shutting down and abandoning module GraphEditor (448)
[2020.03.17-00.30.31:456][375]LogModuleManager: Shutting down and abandoning module ClassViewer (446)
[2020.03.17-00.30.31:456][375]LogModuleManager: Shutting down and abandoning module Toolbox (444)
[2020.03.17-00.30.31:456][375]LogModuleManager: Shutting down and abandoning module ModuleUI (442)
[2020.03.17-00.30.31:462][375]LogModuleManager: Shutting down and abandoning module MovieSceneTools (440)
[2020.03.17-00.30.31:462][375]LogModuleManager: Shutting down and abandoning module OutputLog (438)
[2020.03.17-00.30.31:463][375]LogModuleManager: Shutting down and abandoning module GammaUI (436)
[2020.03.17-00.30.31:477][375]LogModuleManager: Shutting down and abandoning module Documentation (434)
[2020.03.17-00.30.31:477][375]LogModuleManager: Shutting down and abandoning module MovieSceneTracks (432)
[2020.03.17-00.30.31:478][375]LogModuleManager: Shutting down and abandoning module MovieScene (430)
[2020.03.17-00.30.31:484][375]LogModuleManager: Shutting down and abandoning module StreamingPauseRendering (428)
[2020.03.17-00.30.31:484][375]LogModuleManager: Shutting down and abandoning module LauncherPlatform (426)
[2020.03.17-00.30.31:485][375]LogModuleManager: Shutting down and abandoning module AnalyticsET (424)
[2020.03.17-00.30.31:485][375]LogModuleManager: Shutting down and abandoning module PortalServices (422)
[2020.03.17-00.30.31:485][375]LogModuleManager: Shutting down and abandoning module PortalRpc (420)
[2020.03.17-00.30.31:485][375]LogModuleManager: Shutting down and abandoning module MessagingRpc (418)
[2020.03.17-00.30.31:485][375]LogModuleManager: Shutting down and abandoning module AIModule (416)
[2020.03.17-00.30.31:511][375]LogModuleManager: Shutting down and abandoning module GameplayDebugger (415)
[2020.03.17-00.30.31:513][375]LogModuleManager: Shutting down and abandoning module AITestSuite (413)
[2020.03.17-00.30.31:528][375]LogModuleManager: Shutting down and abandoning module NavigationSystem (411)
[2020.03.17-00.30.31:529][375]LogModuleManager: Shutting down and abandoning module DesktopPlatform (408)
[2020.03.17-00.30.31:541][375]LogModuleManager: Shutting down and abandoning module ImageWriteQueue (406)
[2020.03.17-00.30.31:554][375]LogModuleManager: Shutting down and abandoning module ProfilerService (404)
[2020.03.17-00.30.31:702][375]LogModuleManager: Shutting down and abandoning module TaskGraph (402)
[2020.03.17-00.30.31:740][375]LogModuleManager: Shutting down and abandoning module SteamVRController (400)
[2020.03.17-00.30.31:740][375]LogModuleManager: Shutting down and abandoning module ProceduralMeshComponentEditor (398)
[2020.03.17-00.30.31:740][375]LogModuleManager: Shutting down and abandoning module ProceduralMeshComponent (396)
[2020.03.17-00.30.31:756][375]LogModuleManager: Shutting down and abandoning module OculusInput (394)
[2020.03.17-00.30.31:756][375]LogModuleManager: Shutting down and abandoning module MobilePatchingUtils (392)
[2020.03.17-00.30.31:756][375]LogModuleManager: Shutting down and abandoning module EditableMesh (390)
[2020.03.17-00.30.31:769][375]LogModuleManager: Shutting down and abandoning module CustomMeshComponent (388)
[2020.03.17-00.30.31:769][375]LogModuleManager: Shutting down and abandoning module CableComponent (386)
[2020.03.17-00.30.31:769][375]LogModuleManager: Shutting down and abandoning module AudioCapture (384)
[2020.03.17-00.30.31:769][375]LogModuleManager: Shutting down and abandoning module ArchVisCharacter (382)
[2020.03.17-00.30.31:770][375]LogModuleManager: Shutting down and abandoning module AndroidPermission (380)
[2020.03.17-00.30.31:770][375]LogModuleManager: Shutting down and abandoning module NUTUnrealEngine4 (378)
[2020.03.17-00.30.31:778][375]LogModuleManager: Shutting down and abandoning module NetcodeUnitTest (376)
[2020.03.17-00.30.31:795][375]LogModuleManager: Shutting down and abandoning module MediaCompositing (374)
[2020.03.17-00.30.31:796][375]LogModuleManager: Shutting down and abandoning module LinearTimecode (372)
[2020.03.17-00.30.31:796][375]LogModuleManager: Shutting down and abandoning module ImgMedia (370)
[2020.03.17-00.30.31:810][375]LogModuleManager: Shutting down and abandoning module HTML5Networking (368)
[2020.03.17-00.30.31:810][375]LogModuleManager: Shutting down and abandoning module GeometryCacheTracks (366)
[2020.03.17-00.30.31:810][375]LogModuleManager: Shutting down and abandoning module GeometryCacheSequencer (364)
[2020.03.17-00.30.31:810][375]LogModuleManager: Shutting down and abandoning module BackChannel (362)
[2020.03.17-00.30.31:816][375]LogModuleManager: Shutting down and abandoning module AppleVision (360)
[2020.03.17-00.30.31:817][375]LogModuleManager: Shutting down and abandoning module AppleImageUtilsBlueprintSupport (358)
[2020.03.17-00.30.31:817][375]LogModuleManager: Shutting down and abandoning module AppleImageUtils (356)
[2020.03.17-00.30.31:817][375]LogModuleManager: Shutting down and abandoning module AlembicImporter (354)
[2020.03.17-00.30.31:817][375]LogModuleManager: Shutting down and abandoning module AlembicLibrary (353)
[2020.03.17-00.30.31:817][375]LogModuleManager: Shutting down and abandoning module GeometryCache (352)
[2020.03.17-00.30.31:817][375]LogModuleManager: Shutting down and abandoning module GeometryCacheEd (351)
[2020.03.17-00.30.31:817][375]LogModuleManager: Shutting down and abandoning module VariantManagerContent (346)
[2020.03.17-00.30.31:817][375]LogModuleManager: Shutting down and abandoning module DatasmithContentEditor (344)
[2020.03.17-00.30.31:818][375]LogModuleManager: Shutting down and abandoning module SpeedTreeImporter (342)
[2020.03.17-00.30.31:818][375]LogModuleManager: Shutting down and abandoning module PluginBrowser (340)
[2020.03.17-00.30.31:863][375]LogModuleManager: Shutting down and abandoning module MobileLauncherProfileWizard (338)
[2020.03.17-00.30.31:881][375]LogModuleManager: Shutting down and abandoning module PolygonModeling (336)
[2020.03.17-00.30.31:881][375]LogModuleManager: Shutting down and abandoning module MeshEditor (334)
[2020.03.17-00.30.31:898][375]LogModuleManager: Shutting down and abandoning module CryptoKeysOpenSSL (332)
[2020.03.17-00.30.31:907][375]LogModuleManager: Shutting down and abandoning module CryptoKeys (330)
[2020.03.17-00.30.31:907][375]LogModuleManager: Shutting down and abandoning module VisualStudioSourceCodeAccess (328)
[2020.03.17-00.30.31:908][375]LogModuleManager: Shutting down and abandoning module VisualStudioCodeSourceCodeAccess (326)
[2020.03.17-00.30.31:908][375]LogModuleManager: Shutting down and abandoning module UObjectPlugin (324)
[2020.03.17-00.30.31:908][375]LogModuleManager: Shutting down and abandoning module SubversionSourceControl (322)
[2020.03.17-00.30.31:922][375]LogModuleManager: Shutting down and abandoning module PerforceSourceControl (320)
[2020.03.17-00.30.31:946][375]LogModuleManager: Shutting down and abandoning module GitSourceControl (318)
[2020.03.17-00.30.31:963][375]LogModuleManager: Shutting down and abandoning module SourceControl (317)
[2020.03.17-00.30.31:964][375]LogModuleManager: Shutting down and abandoning module CLionSourceCodeAccess (314)
[2020.03.17-00.30.31:971][375]LogModuleManager: Shutting down and abandoning module ActorLayerUtilitiesEditor (312)
[2020.03.17-00.30.31:972][375]LogModuleManager: Shutting down and abandoning module ActorLayerUtilities (310)
[2020.03.17-00.30.31:972][375]LogModuleManager: Shutting down and abandoning module LightPropagationVolumeEditor (308)
[2020.03.17-00.30.31:972][375]LogModuleManager: Shutting down and abandoning module PaperTiledImporter (306)
[2020.03.17-00.30.31:972][375]LogModuleManager: Shutting down and abandoning module PaperSpriteSheetImporter (304)
[2020.03.17-00.30.31:972][375]LogModuleManager: Shutting down and abandoning module Paper2DEditor (302)
[2020.03.17-00.30.31:995][375]LogModuleManager: Shutting down and abandoning module MeshPaint (301)
[2020.03.17-00.30.32:004][375]LogModuleManager: Shutting down and abandoning module RuntimePhysXCooking (298)
[2020.03.17-00.30.32:004][375]LogModuleManager: Shutting down and abandoning module PhysXVehiclesEditor (296)
[2020.03.17-00.30.32:004][375]LogModuleManager: Shutting down and abandoning module PhysXVehicles (294)
[2020.03.17-00.30.32:004][375]LogModuleManager: Shutting down and abandoning module OculusEditor (292)
[2020.03.17-00.30.32:012][375]LogModuleManager: Shutting down and abandoning module LocationServicesBPLibrary (290)
[2020.03.17-00.30.32:012][375]LogModuleManager: Shutting down and abandoning module ApexDestructionEditor (288)
[2020.03.17-00.30.32:044][375]LogModuleManager: Shutting down and abandoning module ApexDestruction (286)
[2020.03.17-00.30.32:052][375]LogModuleManager: Shutting down and abandoning module ActorSequence (284)
[2020.03.17-00.30.32:052][375]LogModuleManager: Shutting down and abandoning module UdpMessaging (282)
[2020.03.17-00.30.32:153][375]LogModuleManager: Shutting down and abandoning module TcpMessaging (280)
[2020.03.17-00.30.32:279][375]LogModuleManager: Shutting down and abandoning module MagicLeapAudio (278)
[2020.03.17-00.30.32:279][375]LogModuleManager: Shutting down and abandoning module GameplayTagsEditor (276)
[2020.03.17-00.30.32:326][375]LogModuleManager: Shutting down and abandoning module FacialAnimationEditor (274)
[2020.03.17-00.30.32:326][375]LogModuleManager: Shutting down and abandoning module FacialAnimation (272)
[2020.03.17-00.30.32:326][375]LogModuleManager: Shutting down and abandoning module DataValidation (270)
[2020.03.17-00.30.32:326][375]LogModuleManager: Shutting down and abandoning module AssetManagerEditor (268)
[2020.03.17-00.30.32:347][375]LogModuleManager: Shutting down and abandoning module LevelEditor (267)
[2020.03.17-00.30.32:349][375]LogModuleManager: Shutting down and abandoning module PixelInspectorModule (266)
[2020.03.17-00.30.32:370][375]LogModuleManager: Shutting down and abandoning module CommonMenuExtensions (264)
[2020.03.17-00.30.32:370][375]LogModuleManager: Shutting down and abandoning module MainFrame (262)
[2020.03.17-00.30.32:370][375]LogModuleManager: Shutting down and abandoning module HotReload (261)
[2020.03.17-00.30.32:385][375]LogModuleManager: Shutting down and abandoning module ContentBrowser (257)
[2020.03.17-00.30.32:387][375]LogModuleManager: Shutting down and abandoning module TreeMap (255)
[2020.03.17-00.30.32:403][375]LogModuleManager: Shutting down and abandoning module LightPropagationVolumeRuntime (252)
[2020.03.17-00.30.32:403][375]LogModuleManager: Shutting down and abandoning module AISupportModule (250)
[2020.03.17-00.30.32:404][375]LogModuleManager: Shutting down and abandoning module Paper2D (248)
[2020.03.17-00.30.32:421][375]LogModuleManager: Shutting down and abandoning module WindowsMoviePlayer (246)
[2020.03.17-00.30.32:427][375]LogModuleManager: Shutting down and abandoning module WebMMoviePlayer (244)
[2020.03.17-00.30.32:427][375]LogModuleManager: Shutting down and abandoning module WmfMedia (242)
[2020.03.17-00.30.32:444][375]LogModuleManager: Shutting down and abandoning module Media (241)
[2020.03.17-00.30.32:452][375]LogModuleManager: Shutting down and abandoning module PacketHandler (238)
[2020.03.17-00.30.32:452][375]LogModuleManager: Shutting down and abandoning module ClothingSystemEditor (236)
[2020.03.17-00.30.32:452][375]LogModuleManager: Shutting down and abandoning module ClothingSystemRuntime (234)
[2020.03.17-00.30.32:464][375]LogModuleManager: Shutting down and abandoning module MediaAssets (232)
[2020.03.17-00.30.32:464][375]LogModuleManager: Shutting down and abandoning module Overlay (230)
[2020.03.17-00.30.32:464][375]LogModuleManager: Shutting down and abandoning module OverlayEditor (229)
[2020.03.17-00.30.32:464][375]LogModuleManager: Shutting down and abandoning module VREditor (226)
[2020.03.17-00.30.32:481][375]LogModuleManager: Shutting down and abandoning module StringTableEditor (224)
[2020.03.17-00.30.32:482][375]LogModuleManager: Shutting down and abandoning module GameplayTasksEditor (222)
[2020.03.17-00.30.32:482][375]LogModuleManager: Shutting down and abandoning module BehaviorTreeEditor (220)
[2020.03.17-00.30.32:482][375]LogModuleManager: Shutting down and abandoning module FunctionalTesting (218)
[2020.03.17-00.30.32:490][375]LogModuleManager: Shutting down and abandoning module CollisionAnalyzer (216)
[2020.03.17-00.30.32:503][375]LogModuleManager: Shutting down and abandoning module WorkspaceMenuStructure (215)
[2020.03.17-00.30.32:503][375]LogModuleManager: Shutting down and abandoning module UMG (212)
[2020.03.17-00.30.32:519][375]LogModuleManager: Shutting down and abandoning module UMGEditor (211)
[2020.03.17-00.30.32:523][375]LogModuleManager: Shutting down and abandoning module Sequencer (210)
[2020.03.17-00.30.32:563][375]LogModuleManager: Shutting down and abandoning module MessageLog (207)
[2020.03.17-00.30.32:563][375]LogModuleManager: Shutting down and abandoning module SlateReflector (202)
[2020.03.17-00.30.32:598][375]LogModuleManager: Shutting down and abandoning module Slate (200)
[2020.03.17-00.30.32:598][375]LogModuleManager: Shutting down and abandoning module EditorStyle (198)
[2020.03.17-00.30.32:604][375]LogModuleManager: Shutting down and abandoning module MRMesh (196)
[2020.03.17-00.30.32:607][375]LogModuleManager: Shutting down and abandoning module SourceCodeAccess (194)
[2020.03.17-00.30.32:607][375]LogModuleManager: Shutting down and abandoning module HeadMountedDisplay (192)
[2020.03.17-00.30.32:607][375]LogModuleManager: Shutting down and abandoning module XAudio2 (190)
[2020.03.17-00.30.32:607][375]LogModuleManager: Shutting down and abandoning module Networking (188)
[2020.03.17-00.30.32:607][375]LogModuleManager: Shutting down and abandoning module Core (186)
[2020.03.17-00.30.32:607][375]LogModuleManager: Shutting down and abandoning module LevelSequence (184)
[2020.03.17-00.30.32:607][375]LogModuleManager: Shutting down and abandoning module KismetCompiler (182)
[2020.03.17-00.30.32:607][375]LogModuleManager: Shutting down and abandoning module MeshUtilities (180)
[2020.03.17-00.30.32:607][375]LogModuleManager: Shutting down and abandoning module MeshMergeUtilities (179)
[2020.03.17-00.30.32:623][375]LogModuleManager: Shutting down and abandoning module MeshReductionInterface (178)
[2020.03.17-00.30.32:623][375]LogModuleManager: Shutting down and abandoning module SimplygonSwarm (177)
[2020.03.17-00.30.32:633][375]LogModuleManager: Shutting down and abandoning module ProxyLODMeshReduction (175)
[2020.03.17-00.30.32:653][375]LogModuleManager: Shutting down and abandoning module SimplygonMeshReduction (173)
[2020.03.17-00.30.32:653][375]LogModuleManager: Shutting down and abandoning module QuadricMeshReduction (171)
[2020.03.17-00.30.32:663][375]LogModuleManager: Shutting down and abandoning module MaterialBaking (167)
[2020.03.17-00.30.32:669][375]LogModuleManager: Shutting down and abandoning module DirectoryWatcher (163)
[2020.03.17-00.30.32:669][375]LogModuleManager: Shutting down and abandoning module DerivedDataCache (160)
[2020.03.17-00.30.32:753][375]LogDerivedDataCache: Shutdown
[2020.03.17-00.30.32:753][375]LogModuleManager: Shutting down and abandoning module XGEController (158)
[2020.03.17-00.30.32:766][375]LogModuleManager: Shutting down and abandoning module TargetPlatform (156)
[2020.03.17-00.30.32:766][375]LogModuleManager: Shutting down and abandoning module VulkanShaderFormat (155)
[2020.03.17-00.30.32:771][375]LogModuleManager: Shutting down and abandoning module ShaderFormatVectorVM (153)
[2020.03.17-00.30.32:783][375]LogModuleManager: Shutting down and abandoning module ShaderFormatOpenGL (151)
[2020.03.17-00.30.32:794][375]LogModuleManager: Shutting down and abandoning module ShaderFormatD3D (149)
[2020.03.17-00.30.32:794][375]LogModuleManager: Shutting down and abandoning module MetalShaderFormat (147)
[2020.03.17-00.30.32:810][375]LogModuleManager: Shutting down and abandoning module TextureFormatUncompressed (145)
[2020.03.17-00.30.32:811][375]LogModuleManager: Shutting down and abandoning module TextureFormatPVR (143)
[2020.03.17-00.30.32:811][375]LogModuleManager: Shutting down and abandoning module TextureFormatDXT (141)
[2020.03.17-00.30.32:811][375]LogModuleManager: Shutting down and abandoning module TextureFormatIntelISPCTexComp (139)
[2020.03.17-00.30.32:824][375]LogModuleManager: Shutting down and abandoning module TextureFormatASTC (137)
[2020.03.17-00.30.32:824][375]LogModuleManager: Shutting down and abandoning module ImageWrapper (136)
[2020.03.17-00.30.32:824][375]LogModuleManager: Shutting down and abandoning module TextureFormatAndroid (133)
[2020.03.17-00.30.32:824][375]LogModuleManager: Shutting down and abandoning module AudioFormatOpus (131)
[2020.03.17-00.30.32:824][375]LogModuleManager: Shutting down and abandoning module AudioFormatOgg (129)
[2020.03.17-00.30.32:824][375]LogModuleManager: Shutting down and abandoning module AudioFormatADPCM (127)
[2020.03.17-00.30.32:824][375]LogModuleManager: Shutting down and abandoning module LuminTargetPlatform (125)
[2020.03.17-00.30.32:834][375]LogModuleManager: Shutting down and abandoning module LinuxTargetPlatform (123)
[2020.03.17-00.30.32:835][375]LogModuleManager: Shutting down and abandoning module LinuxServerTargetPlatform (121)
[2020.03.17-00.30.32:835][375]LogModuleManager: Shutting down and abandoning module LinuxNoEditorTargetPlatform (119)
[2020.03.17-00.30.32:835][375]LogModuleManager: Shutting down and abandoning module LinuxClientTargetPlatform (117)
[2020.03.17-00.30.32:835][375]LogModuleManager: Shutting down and abandoning module TVOSTargetPlatform (115)
[2020.03.17-00.30.32:851][375]LogModuleManager: Shutting down and abandoning module Messaging (113)
[2020.03.17-00.30.32:851][375]LogModuleManager: Shutting down and abandoning module IOSTargetPlatform (111)
[2020.03.17-00.30.32:852][375]LogModuleManager: Shutting down and abandoning module HTML5TargetPlatform (109)
[2020.03.17-00.30.32:852][375]LogModuleManager: Shutting down and abandoning module AndroidTargetPlatform (107)
[2020.03.17-00.30.32:869][375]LogModuleManager: Shutting down and abandoning module WindowsTargetPlatform (105)
[2020.03.17-00.30.32:869][375]LogModuleManager: Shutting down and abandoning module WindowsServerTargetPlatform (103)
[2020.03.17-00.30.32:870][375]LogModuleManager: Shutting down and abandoning module WindowsNoEditorTargetPlatform (101)
[2020.03.17-00.30.32:870][375]LogModuleManager: Shutting down and abandoning module WindowsClientTargetPlatform (99)
[2020.03.17-00.30.32:870][375]LogModuleManager: Shutting down and abandoning module MacTargetPlatform (97)
[2020.03.17-00.30.32:870][375]LogModuleManager: Shutting down and abandoning module MacServerTargetPlatform (95)
[2020.03.17-00.30.32:870][375]LogModuleManager: Shutting down and abandoning module MacNoEditorTargetPlatform (93)
[2020.03.17-00.30.32:870][375]LogModuleManager: Shutting down and abandoning module MacClientTargetPlatform (91)
[2020.03.17-00.30.32:870][375]LogModuleManager: Shutting down and abandoning module AllDesktopTargetPlatform (89)
[2020.03.17-00.30.32:870][375]LogModuleManager: Shutting down and abandoning module InputCore (86)
[2020.03.17-00.30.32:870][375]LogModuleManager: Shutting down and abandoning module Settings (84)
[2020.03.17-00.30.32:870][375]LogModuleManager: Shutting down and abandoning module PhysXCooking (82)
[2020.03.17-00.30.32:871][375]LogModuleManager: Shutting down and abandoning module SteamVR (80)
[2020.03.17-00.30.32:885][375]LogHMD: Freeing OpenVRDLLHandle.
[2020.03.17-00.30.32:885][375]LogModuleManager: Shutting down and abandoning module OculusHMD (78)
[2020.03.17-00.30.32:886][375]LogModuleManager: Shutting down and abandoning module ExampleDeviceProfileSelector (76)
[2020.03.17-00.30.32:886][375]LogModuleManager: Shutting down and abandoning module LauncherChunkInstaller (74)
[2020.03.17-00.30.32:886][375]LogModuleManager: Shutting down and abandoning module OnlineBlueprintSupport (72)
[2020.03.17-00.30.32:886][375]LogModuleManager: Shutting down and abandoning module OnlineSubsystem (68)
[2020.03.17-00.30.32:916][375]LogModuleManager: Shutting down and abandoning module XMPP (63)
[2020.03.17-00.30.32:940][375]LogModuleManager: Shutting down and abandoning module WebSockets (62)
[2020.03.17-00.30.32:987][375]LogModuleManager: Shutting down and abandoning module HTTP (59)
[2020.03.17-00.30.32:987][375]LogHttp: Display: Http module shutting down, but needs to wait on 1 outstanding Http requests:
[2020.03.17-00.30.32:987][375]LogHttp: Display: 	verb=[POST] url=[https://datarouter.ol.epicgames.com/datarouter/api/v1/public/data?SessionID=%7BC11624B7-4FB8-A573-5598-958EBCB76C83%7D&AppID=UEEditor.Rocket.Release&AppVersion=4.21.2-4753647%2B%2B%2BUE4%2BRelease-4.21&UserID=c500555a416cc5e4731d0c9a303f4f81%7C2af2bda2ce43427d88aa5cc3ae4aea00%7C3f5a8dbb-b72f-477d-8505-9d7abda4eb3a&AppEnvironment=datacollector-binary&UploadType=eteventstream] status=Processing
[2020.03.17-00.30.32:997][375]LogModuleManager: Shutting down and abandoning module SSL (58)
[2020.03.17-00.30.33:003][375]LogModuleManager: Shutting down and abandoning module MagicLeapIdentity (54)
[2020.03.17-00.30.33:003][375]LogModuleManager: Shutting down and abandoning module MagicLeapHelperVulkan (52)
[2020.03.17-00.30.33:003][375]LogModuleManager: Shutting down and abandoning module MagicLeapHelperOpenGL (50)
[2020.03.17-00.30.33:003][375]LogModuleManager: Shutting down and abandoning module MagicLeapSecureStorage (48)
[2020.03.17-00.30.33:003][375]LogModuleManager: Shutting down and abandoning module MagicLeapHandTracking (46)
[2020.03.17-00.30.33:003][375]LogModuleManager: Shutting down and abandoning module MagicLeapEyeTracker (44)
[2020.03.17-00.30.33:003][375]LogModuleManager: Shutting down and abandoning module MagicLeapController (42)
[2020.03.17-00.30.33:004][375]LogSlate: Slate User Destroyed.  User Index 0, Is Virtual User: 0
[2020.03.17-00.30.33:004][375]LogModuleManager: Shutting down and abandoning module MagicLeap (40)
[2020.03.17-00.30.33:021][375]LogModuleManager: Shutting down and abandoning module DatasmithContent (38)
[2020.03.17-00.30.33:022][375]LogModuleManager: Shutting down and abandoning module AnimationModifiers (36)
[2020.03.17-00.30.33:033][375]LogModuleManager: Shutting down and abandoning module PropertyEditor (35)
[2020.03.17-00.30.33:033][375]LogModuleManager: Shutting down and abandoning module AudioEditor (32)
[2020.03.17-00.30.33:061][375]LogModuleManager: Shutting down and abandoning module TextureCompressor (30)
[2020.03.17-00.30.33:061][375]LogModuleManager: Shutting down and abandoning module ShaderCore (28)
[2020.03.17-00.30.33:061][375]LogModuleManager: Shutting down and abandoning module Landscape (26)
[2020.03.17-00.30.33:061][375]LogModuleManager: Shutting down and abandoning module SlateRHIRenderer (24)
[2020.03.17-00.30.33:080][375]LogModuleManager: Shutting down and abandoning module OpenGLDrv (22)
[2020.03.17-00.30.33:096][375]LogModuleManager: Shutting down and abandoning module D3D11RHI (20)
[2020.03.17-00.30.33:096][375]LogModuleManager: Shutting down and abandoning module AnimGraphRuntime (18)
[2020.03.17-00.30.33:102][375]LogModuleManager: Shutting down and abandoning module Renderer (16)
[2020.03.17-00.30.33:102][375]LogModuleManager: Shutting down and abandoning module Engine (14)
[2020.03.17-00.30.33:103][375]LogModuleManager: Shutting down and abandoning module CoreUObject (12)
[2020.03.17-00.30.33:103][375]LogModuleManager: Shutting down and abandoning module NetworkFile (10)
[2020.03.17-00.30.33:109][375]LogModuleManager: Shutting down and abandoning module CookedIterativeFile (8)
[2020.03.17-00.30.33:109][375]LogModuleManager: Shutting down and abandoning module StreamingFile (6)
[2020.03.17-00.30.33:116][375]LogModuleManager: Shutting down and abandoning module SandboxFile (4)
[2020.03.17-00.30.33:116][375]LogModuleManager: Shutting down and abandoning module PakFile (2)
[2020.03.17-00.30.33:162][375]LogExit: Exiting.
[2020.03.17-00.30.33:346][375]Log file closed, 03/17/20 00:30:33
