Log file open, 02/22/20 12:22:43
LogWindows: Failed to load 'aqProf.dll' (GetLastError=126)
LogWindows: File 'aqProf.dll' does not exist
LogWindows: Failed to load 'VtuneApi.dll' (GetLastError=126)
LogWindows: File 'VtuneApi.dll' does not exist
LogWindows: Failed to load 'VtuneApi32e.dll' (GetLastError=126)
LogWindows: File 'VtuneApi32e.dll' does not exist
LogConsoleResponse: Display: Failed to find resolution value strings in scalability ini. Falling back to default.
LogInit: Display: Running engine for game: MyProject
LogPakFile: Registered encryption key '00000000000000000000000000000000': 0 pak files mounted, 0 remain pending
LogPlatformFile: Not using cached read wrapper
LogTaskGraph: Started task graph with 5 named threads and 47 total threads with 3 sets of task threads.
LogStats: Stats thread started at 0.538914
LogD3D11RHI: Loaded GFSDK_Aftermath_Lib.x64.dll
LogICUInternationalization: ICU TimeZone Detection - Raw Offset: +0:00, Platform Override: ''
LogPluginManager: Mounting plugin Paper2D
LogPluginManager: Mounting plugin AISupport
LogPluginManager: Mounting plugin LightPropagationVolume
LogPluginManager: Mounting plugin ActorLayerUtilities
LogPluginManager: Mounting plugin CLionSourceCodeAccess
LogPluginManager: Mounting plugin CodeLiteSourceCodeAccess
LogPluginManager: Mounting plugin GitSourceControl
LogPluginManager: Mounting plugin KDevelopSourceCodeAccess
LogPluginManager: Mounting plugin NullSourceCodeAccess
LogPluginManager: Mounting plugin PerforceSourceControl
LogPluginManager: Mounting plugin SubversionSourceControl
LogPluginManager: Mounting plugin UObjectPlugin
LogPluginManager: Mounting plugin VisualStudioCodeSourceCodeAccess
LogPluginManager: Mounting plugin VisualStudioSourceCodeAccess
LogPluginManager: Mounting plugin XCodeSourceCodeAccess
LogPluginManager: Mounting plugin AssetManagerEditor
LogPluginManager: Mounting plugin CryptoKeys
LogPluginManager: Mounting plugin DataValidation
LogPluginManager: Mounting plugin FacialAnimation
LogPluginManager: Mounting plugin GameplayTagsEditor
LogPluginManager: Mounting plugin MacGraphicsSwitching
LogPluginManager: Mounting plugin MeshEditor
LogPluginManager: Mounting plugin MobileLauncherProfileWizard
LogPluginManager: Mounting plugin PluginBrowser
LogPluginManager: Mounting plugin SpeedTreeImporter
LogPluginManager: Mounting plugin DatasmithContent
LogPluginManager: Mounting plugin VariantManagerContent
LogPluginManager: Mounting plugin AlembicImporter
LogPluginManager: Mounting plugin AppleImageUtils
LogPluginManager: Mounting plugin AppleVision
LogPluginManager: Mounting plugin BackChannel
LogPluginManager: Mounting plugin CharacterAI
LogPluginManager: Mounting plugin GeometryCache
LogPluginManager: Mounting plugin HTML5Networking
LogPluginManager: Mounting plugin ProxyLODPlugin
LogPluginManager: Mounting plugin MagicLeap
LogPluginManager: Mounting plugin MagicLeapMedia
LogPluginManager: Mounting plugin AndroidMedia
LogPluginManager: Mounting plugin AvfMedia
LogPluginManager: Mounting plugin ImgMedia
LogPluginManager: Mounting plugin LinearTimecode
LogPluginManager: Mounting plugin MediaCompositing
LogPluginManager: Mounting plugin MediaPlayerEditor
LogPluginManager: Mounting plugin WebMMedia
LogPluginManager: Mounting plugin WmfMedia
LogPluginManager: Mounting plugin TcpMessaging
LogPluginManager: Mounting plugin UdpMessaging
LogPluginManager: Mounting plugin ActorSequence
LogPluginManager: Mounting plugin LevelSequenceEditor
LogPluginManager: Mounting plugin MatineeToLevelSequence
LogPluginManager: Mounting plugin NetcodeUnitTest
LogPluginManager: Mounting plugin NUTUnrealEngine4
LogPluginManager: Mounting plugin OnlineSubsystemGooglePlay
LogPluginManager: Mounting plugin OnlineSubsystemIOS
LogPluginManager: Mounting plugin OnlineSubsystem
LogPluginManager: Mounting plugin OnlineSubsystemNull
LogPluginManager: Mounting plugin OnlineSubsystemUtils
LogPluginManager: Mounting plugin LauncherChunkInstaller
LogPluginManager: Mounting plugin AndroidDeviceProfileSelector
LogPluginManager: Mounting plugin AndroidMoviePlayer
LogPluginManager: Mounting plugin AndroidPermission
LogPluginManager: Mounting plugin AppleMoviePlayer
LogPluginManager: Mounting plugin ArchVisCharacter
LogPluginManager: Mounting plugin AudioCapture
LogPluginManager: Mounting plugin CableComponent
LogPluginManager: Mounting plugin CustomMeshComponent
LogPluginManager: Mounting plugin EditableMesh
LogPluginManager: Mounting plugin ExampleDeviceProfileSelector
LogPluginManager: Mounting plugin Firebase
LogPluginManager: Mounting plugin GoogleCloudMessaging
LogPluginManager: Mounting plugin IOSDeviceProfileSelector
LogPluginManager: Mounting plugin LinuxDeviceProfileSelector
LogPluginManager: Mounting plugin LocationServicesBPLibrary
LogPluginManager: Mounting plugin MobilePatchingUtils
LogPluginManager: Mounting plugin OculusVR
LogPluginManager: Mounting plugin PhysXVehicles
LogPluginManager: Mounting plugin ProceduralMeshComponent
LogPluginManager: Mounting plugin RuntimePhysXCooking
LogPluginManager: Mounting plugin SteamVR
LogPluginManager: Mounting plugin WebMMoviePlayer
LogPluginManager: Mounting plugin WindowsMoviePlayer
LogStreaming: Display: Took  0.103s to configure plugins.
LogInit: Using libcurl 7.55.1-DEV
LogInit:  - built for x86_64-pc-win32
LogInit:  - supports SSL with OpenSSL/1.0.2h
LogInit:  - supports HTTP deflate (compression) using libz 1.2.8
LogInit:  - other features:
LogInit:      CURL_VERSION_SSL
LogInit:      CURL_VERSION_LIBZ
LogInit:      CURL_VERSION_IPV6
LogInit:      CURL_VERSION_ASYNCHDNS
LogInit:      CURL_VERSION_LARGEFILE
LogInit:      CURL_VERSION_IDN
LogInit:  CurlRequestOptions (configurable via config and command line):
LogInit:  - bVerifyPeer = true  - Libcurl will verify peer certificate
LogInit:  - bUseHttpProxy = false  - Libcurl will NOT use HTTP proxy
LogInit:  - bDontReuseConnections = false  - Libcurl will reuse connections
LogInit:  - MaxHostConnections = 16  - Libcurl will limit the number of connections to a host
LogInit:  - LocalHostAddr = Default
LogInit:  - BufferSize = 65536
LogInit: WinSock: version 1.1 (2.2), MaxSocks=32767, MaxUdp=65467
LogInit: Build: ++UE4+Release-4.21-CL-4753647
LogInit: Engine Version: 4.21.2-4753647+++UE4+Release-4.21
LogInit: Compatible Engine Version: 4.21.0-4541578+++UE4+Release-4.21
LogInit: Net CL: 4541578
LogInit: OS: Windows 10 (), CPU: AMD Ryzen 7 2700X Eight-Core Processor         , GPU: Radeon RX Vega
LogInit: Compiled (64-bit): Jan 19 2019 02:07:31
LogInit: Compiled with Visual C++: 19.13.26129.00
LogInit: Build Configuration: Development
LogInit: Branch Name: ++UE4+Release-4.21
LogInit: Command Line: 
LogInit: Base Directory: C:/Program Files/Epic Games/UE_4.21/Engine/Binaries/Win64/
LogInit: Installed Engine Build: 1
LogDevObjectVersion: Number of dev versions registered: 22
LogDevObjectVersion:   Dev-Blueprints (B0D832E4-1F89-4F0D-ACCF-7EB736FD4AA2): 10
LogDevObjectVersion:   Dev-Build (E1C64328-A22C-4D53-A36C-8E866417BD8C): 0
LogDevObjectVersion:   Dev-Core (375EC13C-06E4-48FB-B500-84F0262A717E): 2
LogDevObjectVersion:   Dev-Editor (E4B068ED-F494-42E9-A231-DA0B2E46BB41): 26
LogDevObjectVersion:   Dev-Framework (CFFC743F-43B0-4480-9391-14DF171D2073): 34
LogDevObjectVersion:   Dev-Mobile (B02B49B5-BB20-44E9-A304-32B752E40360): 2
LogDevObjectVersion:   Dev-Networking (A4E4105C-59A1-49B5-A7C5-40C4547EDFEE): 0
LogDevObjectVersion:   Dev-Online (39C831C9-5AE6-47DC-9A44-9C173E1C8E7C): 0
LogDevObjectVersion:   Dev-Physics (78F01B33-EBEA-4F98-B9B4-84EACCB95AA2): 0
LogDevObjectVersion:   Dev-Platform (6631380F-2D4D-43E0-8009-CF276956A95A): 0
LogDevObjectVersion:   Dev-Rendering (12F88B9F-8875-4AFC-A67C-D90C383ABD29): 27
LogDevObjectVersion:   Dev-Sequencer (7B5AE74C-D270-4C10-A958-57980B212A5A): 9
LogDevObjectVersion:   Dev-VR (D7296918-1DD6-4BDD-9DE2-64A83CC13884): 2
LogDevObjectVersion:   Dev-LoadTimes (C2A15278-BFE7-4AFE-6C17-90FF531DF755): 1
LogDevObjectVersion:   Private-Geometry (6EACA3D4-40EC-4CC1-B786-8BED09428FC5): 3
LogDevObjectVersion:   Dev-AnimPhys (29E575DD-E0A3-4627-9D10-D276232CDCEA): 17
LogDevObjectVersion:   Dev-Anim (AF43A65D-7FD3-4947-9873-3E8ED9C1BB05): 2
LogDevObjectVersion:   Dev-ReflectionCapture (6B266CEC-1EC7-4B8F-A30B-E4D90942FC07): 1
LogDevObjectVersion:   Dev-Automation (0DF73D61-A23F-47EA-B727-89E90C41499A): 1
LogDevObjectVersion:   FortniteMain (601D1886-AC64-4F84-AA16-D3DE0DEAC7D6): 17
LogDevObjectVersion:   Dev-Enterprise (9DFFBCD6-494F-0158-E221-12823C92A888): 4
LogDevObjectVersion:   Dev-Niagara (F2AED0AC-9AFE-416F-8664-AA7FFA26D6FC): 1
LogStreaming: Display: Took  0.003s to delete old logs.
LogInit: Presizing for max 8388607 objects, including 0 objects not considered by GC, pre-allocating 0 bytes for permanent pool.
LogInit: Object subsystem initialized
LogConfig: Setting CVar [[con.DebugEarlyDefault:1]]
LogConfig: Setting CVar [[r.setres:1280x720]]
[2020.02.22-12.22.43:416][  0]LogConfig: Setting CVar [[r.VSync:0]]
[2020.02.22-12.22.43:416][  0]LogConfig: Setting CVar [[r.RHICmdBypass:0]]
[2020.02.22-12.22.43:416][  0]LogConfig: Applying CVar settings from Section [/Script/Engine.RendererSettings] File [C:/Users/khreb/Documents/GitHub/Team-8-BIOMIX/Saved/Config/Windows/Engine.ini]
[2020.02.22-12.22.43:416][  0]LogConfig: Setting CVar [[r.GPUCrashDebugging:0]]
[2020.02.22-12.22.43:416][  0]LogConfig: Applying CVar settings from Section [/Script/Engine.RendererOverrideSettings] File [C:/Users/khreb/Documents/GitHub/Team-8-BIOMIX/Saved/Config/Windows/Engine.ini]
[2020.02.22-12.22.43:416][  0]LogConfig: Applying CVar settings from Section [/Script/Engine.StreamingSettings] File [C:/Users/khreb/Documents/GitHub/Team-8-BIOMIX/Saved/Config/Windows/Engine.ini]
[2020.02.22-12.22.43:416][  0]LogConfig: Setting CVar [[s.MinBulkDataSizeForAsyncLoading:131072]]
[2020.02.22-12.22.43:416][  0]LogConfig: Setting CVar [[s.AsyncLoadingThreadEnabled:0]]
[2020.02.22-12.22.43:416][  0]LogConfig: Setting CVar [[s.EventDrivenLoaderEnabled:1]]
[2020.02.22-12.22.43:416][  0]LogConfig: Setting CVar [[s.WarnIfTimeLimitExceeded:0]]
[2020.02.22-12.22.43:416][  0]LogConfig: Setting CVar [[s.TimeLimitExceededMultiplier:1.5]]
[2020.02.22-12.22.43:416][  0]LogConfig: Setting CVar [[s.TimeLimitExceededMinTime:0.005]]
[2020.02.22-12.22.43:416][  0]LogConfig: Setting CVar [[s.UseBackgroundLevelStreaming:1]]
[2020.02.22-12.22.43:417][  0]LogConfig: Setting CVar [[s.PriorityAsyncLoadingExtraTime:15.0]]
[2020.02.22-12.22.43:417][  0]LogConfig: Setting CVar [[s.LevelStreamingActorsUpdateTimeLimit:5.0]]
[2020.02.22-12.22.43:417][  0]LogConfig: Setting CVar [[s.PriorityLevelStreamingActorsUpdateExtraTime:5.0]]
[2020.02.22-12.22.43:417][  0]LogConfig: Setting CVar [[s.LevelStreamingComponentsRegistrationGranularity:10]]
[2020.02.22-12.22.43:417][  0]LogConfig: Setting CVar [[s.UnregisterComponentsTimeLimit:1.0]]
[2020.02.22-12.22.43:417][  0]LogConfig: Setting CVar [[s.LevelStreamingComponentsUnregistrationGranularity:5]]
[2020.02.22-12.22.43:417][  0]LogConfig: Applying CVar settings from Section [/Script/Engine.GarbageCollectionSettings] File [C:/Users/khreb/Documents/GitHub/Team-8-BIOMIX/Saved/Config/Windows/Engine.ini]
[2020.02.22-12.22.43:417][  0]LogConfig: Setting CVar [[gc.MaxObjectsNotConsideredByGC:1]]
[2020.02.22-12.22.43:417][  0]LogConfig: Setting CVar [[gc.SizeOfPermanentObjectPool:0]]
[2020.02.22-12.22.43:417][  0]LogConfig: Setting CVar [[gc.FlushStreamingOnGC:0]]
[2020.02.22-12.22.43:417][  0]LogConfig: Setting CVar [[gc.NumRetriesBeforeForcingGC:10]]
[2020.02.22-12.22.43:417][  0]LogConfig: Setting CVar [[gc.AllowParallelGC:1]]
[2020.02.22-12.22.43:417][  0]LogConfig: Setting CVar [[gc.TimeBetweenPurgingPendingKillObjects:61.1]]
[2020.02.22-12.22.43:417][  0]LogConfig: Setting CVar [[gc.MaxObjectsInEditor:8388607]]
[2020.02.22-12.22.43:417][  0]LogConfig: Setting CVar [[gc.IncrementalBeginDestroyEnabled:1]]
[2020.02.22-12.22.43:417][  0]LogConfig: Setting CVar [[gc.CreateGCClusters:1]]
[2020.02.22-12.22.43:417][  0]LogConfig: Setting CVar [[gc.MergeGCClusters:0]]
[2020.02.22-12.22.43:417][  0]LogConfig: Setting CVar [[gc.MinGCClusterSize:5]]
[2020.02.22-12.22.43:417][  0]LogConfig: Setting CVar [[gc.ActorClusteringEnabled:0]]
[2020.02.22-12.22.43:417][  0]LogConfig: Setting CVar [[gc.BlueprintClusteringEnabled:0]]
[2020.02.22-12.22.43:417][  0]LogConfig: Setting CVar [[gc.UseDisregardForGCOnDedicatedServers:0]]
[2020.02.22-12.22.43:417][  0]LogConfig: Applying CVar settings from Section [/Script/Engine.NetworkSettings] File [C:/Users/khreb/Documents/GitHub/Team-8-BIOMIX/Saved/Config/Windows/Engine.ini]
[2020.02.22-12.22.43:417][  0]LogConfig: Applying CVar settings from Section [/Script/UnrealEd.CookerSettings] File [C:/Users/khreb/Documents/GitHub/Team-8-BIOMIX/Saved/Config/Windows/Engine.ini]
[2020.02.22-12.22.43:425][  0]LogConfig: Applying CVar settings from Section [ViewDistanceQuality@3] File [C:/Users/khreb/Documents/GitHub/Team-8-BIOMIX/Saved/Config/Windows/Scalability.ini]
[2020.02.22-12.22.43:425][  0]LogConfig: Setting CVar [[r.SkeletalMeshLODBias:0]]
[2020.02.22-12.22.43:425][  0]LogConfig: Setting CVar [[r.ViewDistanceScale:1.0]]
[2020.02.22-12.22.43:425][  0]LogConfig: Applying CVar settings from Section [AntiAliasingQuality@3] File [C:/Users/khreb/Documents/GitHub/Team-8-BIOMIX/Saved/Config/Windows/Scalability.ini]
[2020.02.22-12.22.43:425][  0]LogConfig: Setting CVar [[r.PostProcessAAQuality:4]]
[2020.02.22-12.22.43:425][  0]LogConfig: Applying CVar settings from Section [ShadowQuality@3] File [C:/Users/khreb/Documents/GitHub/Team-8-BIOMIX/Saved/Config/Windows/Scalability.ini]
[2020.02.22-12.22.43:425][  0]LogConfig: Setting CVar [[r.LightFunctionQuality:1]]
[2020.02.22-12.22.43:425][  0]LogConfig: Setting CVar [[r.ShadowQuality:5]]
[2020.02.22-12.22.43:425][  0]LogConfig: Setting CVar [[r.Shadow.CSM.MaxCascades:10]]
[2020.02.22-12.22.43:425][  0]LogConfig: Setting CVar [[r.Shadow.MaxResolution:2048]]
[2020.02.22-12.22.43:425][  0]LogConfig: Setting CVar [[r.Shadow.MaxCSMResolution:2048]]
[2020.02.22-12.22.43:425][  0]LogConfig: Setting CVar [[r.Shadow.RadiusThreshold:0.01]]
[2020.02.22-12.22.43:425][  0]LogConfig: Setting CVar [[r.Shadow.DistanceScale:1.0]]
[2020.02.22-12.22.43:426][  0]LogConfig: Setting CVar [[r.Shadow.CSM.TransitionScale:1.0]]
[2020.02.22-12.22.43:426][  0]LogConfig: Setting CVar [[r.Shadow.PreShadowResolutionFactor:1.0]]
[2020.02.22-12.22.43:426][  0]LogConfig: Setting CVar [[r.DistanceFieldShadowing:1]]
[2020.02.22-12.22.43:426][  0]LogConfig: Setting CVar [[r.DistanceFieldAO:1]]
[2020.02.22-12.22.43:426][  0]LogConfig: Setting CVar [[r.AOQuality:2]]
[2020.02.22-12.22.43:426][  0]LogConfig: Setting CVar [[r.VolumetricFog:1]]
[2020.02.22-12.22.43:426][  0]LogConfig: Setting CVar [[r.VolumetricFog.GridPixelSize:8]]
[2020.02.22-12.22.43:426][  0]LogConfig: Setting CVar [[r.VolumetricFog.GridSizeZ:128]]
[2020.02.22-12.22.43:426][  0]LogConfig: Setting CVar [[r.VolumetricFog.HistoryMissSupersampleCount:4]]
[2020.02.22-12.22.43:426][  0]LogConfig: Setting CVar [[r.LightMaxDrawDistanceScale:1]]
[2020.02.22-12.22.43:426][  0]LogConfig: Setting CVar [[r.CapsuleShadows:1]]
[2020.02.22-12.22.43:426][  0]LogConfig: Applying CVar settings from Section [PostProcessQuality@3] File [C:/Users/khreb/Documents/GitHub/Team-8-BIOMIX/Saved/Config/Windows/Scalability.ini]
[2020.02.22-12.22.43:426][  0]LogConfig: Setting CVar [[r.MotionBlurQuality:4]]
[2020.02.22-12.22.43:426][  0]LogConfig: Setting CVar [[r.AmbientOcclusionMipLevelFactor:0.4]]
[2020.02.22-12.22.43:426][  0]LogConfig: Setting CVar [[r.AmbientOcclusionMaxQuality:100]]
[2020.02.22-12.22.43:426][  0]LogConfig: Setting CVar [[r.AmbientOcclusionLevels:-1]]
[2020.02.22-12.22.43:426][  0]LogConfig: Setting CVar [[r.AmbientOcclusionRadiusScale:1.0]]
[2020.02.22-12.22.43:426][  0]LogConfig: Setting CVar [[r.DepthOfFieldQuality:2]]
[2020.02.22-12.22.43:426][  0]LogConfig: Setting CVar [[r.RenderTargetPoolMin:400]]
[2020.02.22-12.22.43:426][  0]LogConfig: Setting CVar [[r.LensFlareQuality:2]]
[2020.02.22-12.22.43:426][  0]LogConfig: Setting CVar [[r.SceneColorFringeQuality:1]]
[2020.02.22-12.22.43:426][  0]LogConfig: Setting CVar [[r.EyeAdaptationQuality:2]]
[2020.02.22-12.22.43:426][  0]LogConfig: Setting CVar [[r.BloomQuality:5]]
[2020.02.22-12.22.43:426][  0]LogConfig: Setting CVar [[r.FastBlurThreshold:100]]
[2020.02.22-12.22.43:426][  0]LogConfig: Setting CVar [[r.Upscale.Quality:3]]
[2020.02.22-12.22.43:426][  0]LogConfig: Setting CVar [[r.Tonemapper.GrainQuantization:1]]
[2020.02.22-12.22.43:426][  0]LogConfig: Setting CVar [[r.LightShaftQuality:1]]
[2020.02.22-12.22.43:426][  0]LogConfig: Setting CVar [[r.Filter.SizeScale:1]]
[2020.02.22-12.22.43:426][  0]LogConfig: Setting CVar [[r.Tonemapper.Quality:5]]
[2020.02.22-12.22.43:426][  0]LogConfig: Setting CVar [[r.DOF.Gather.AccumulatorQuality:1        ; higher gathering accumulator quality]]
[2020.02.22-12.22.43:426][  0]LogConfig: Setting CVar [[r.DOF.Gather.PostfilterMethod:1          ; Median3x3 postfilering method]]
[2020.02.22-12.22.43:426][  0]LogConfig: Setting CVar [[r.DOF.Gather.EnableBokehSettings:0       ; no bokeh simulation when gathering]]
[2020.02.22-12.22.43:426][  0]LogConfig: Setting CVar [[r.DOF.Gather.RingCount:4                 ; medium number of samples when gathering]]
[2020.02.22-12.22.43:426][  0]LogConfig: Setting CVar [[r.DOF.Scatter.ForegroundCompositing:1    ; additive foreground scattering]]
[2020.02.22-12.22.43:426][  0]LogConfig: Setting CVar [[r.DOF.Scatter.BackgroundCompositing:2    ; additive background scattering]]
[2020.02.22-12.22.43:426][  0]LogConfig: Setting CVar [[r.DOF.Scatter.EnableBokehSettings:1      ; bokeh simulation when scattering]]
[2020.02.22-12.22.43:426][  0]LogConfig: Setting CVar [[r.DOF.Scatter.MaxSpriteRatio:0.1         ; only a maximum of 10% of scattered bokeh]]
[2020.02.22-12.22.43:426][  0]LogConfig: Setting CVar [[r.DOF.Recombine.Quality:1                ; cheap slight out of focus]]
[2020.02.22-12.22.43:426][  0]LogConfig: Setting CVar [[r.DOF.Recombine.EnableBokehSettings:0    ; no bokeh simulation on slight out of focus]]
[2020.02.22-12.22.43:426][  0]LogConfig: Setting CVar [[r.DOF.TemporalAAQuality:1                ; more stable temporal accumulation]]
[2020.02.22-12.22.43:426][  0]LogConfig: Setting CVar [[r.DOF.Kernel.MaxForegroundRadius:0.025]]
[2020.02.22-12.22.43:426][  0]LogConfig: Setting CVar [[r.DOF.Kernel.MaxBackgroundRadius:0.025]]
[2020.02.22-12.22.43:426][  0]LogConfig: Applying CVar settings from Section [TextureQuality@3] File [C:/Users/khreb/Documents/GitHub/Team-8-BIOMIX/Saved/Config/Windows/Scalability.ini]
[2020.02.22-12.22.43:426][  0]LogConfig: Setting CVar [[r.Streaming.MipBias:0]]
[2020.02.22-12.22.43:426][  0]LogConfig: Setting CVar [[r.Streaming.AmortizeCPUToGPUCopy:0]]
[2020.02.22-12.22.43:426][  0]LogConfig: Setting CVar [[r.Streaming.MaxNumTexturesToStreamPerFrame:0]]
[2020.02.22-12.22.43:426][  0]LogConfig: Setting CVar [[r.Streaming.Boost:1]]
[2020.02.22-12.22.43:426][  0]LogConfig: Setting CVar [[r.MaxAnisotropy:8]]
[2020.02.22-12.22.43:426][  0]LogConfig: Setting CVar [[r.Streaming.LimitPoolSizeToVRAM:0]]
[2020.02.22-12.22.43:426][  0]LogConfig: Setting CVar [[r.Streaming.PoolSize:1000]]
[2020.02.22-12.22.43:426][  0]LogConfig: Setting CVar [[r.Streaming.MaxEffectiveScreenSize:0]]
[2020.02.22-12.22.43:426][  0]LogConfig: Applying CVar settings from Section [EffectsQuality@3] File [C:/Users/khreb/Documents/GitHub/Team-8-BIOMIX/Saved/Config/Windows/Scalability.ini]
[2020.02.22-12.22.43:426][  0]LogConfig: Setting CVar [[r.TranslucencyLightingVolumeDim:64]]
[2020.02.22-12.22.43:426][  0]LogConfig: Setting CVar [[r.RefractionQuality:2]]
[2020.02.22-12.22.43:426][  0]LogConfig: Setting CVar [[r.SSR.Quality:3]]
[2020.02.22-12.22.43:426][  0]LogConfig: Setting CVar [[r.SceneColorFormat:4]]
[2020.02.22-12.22.43:426][  0]LogConfig: Setting CVar [[r.DetailMode:2]]
[2020.02.22-12.22.43:426][  0]LogConfig: Setting CVar [[r.TranslucencyVolumeBlur:1]]
[2020.02.22-12.22.43:426][  0]LogConfig: Setting CVar [[r.MaterialQualityLevel:1 ; High quality]]
[2020.02.22-12.22.43:426][  0]LogConfig: Setting CVar [[r.SSS.Scale:1]]
[2020.02.22-12.22.43:426][  0]LogConfig: Setting CVar [[r.SSS.SampleSet:2]]
[2020.02.22-12.22.43:426][  0]LogConfig: Setting CVar [[r.SSS.Quality:1]]
[2020.02.22-12.22.43:426][  0]LogConfig: Setting CVar [[r.SSS.HalfRes:1]]
[2020.02.22-12.22.43:426][  0]LogConfig: Setting CVar [[r.EmitterSpawnRateScale:1.0]]
[2020.02.22-12.22.43:426][  0]LogConfig: Setting CVar [[r.ParticleLightQuality:2]]
[2020.02.22-12.22.43:426][  0]LogConfig: Applying CVar settings from Section [FoliageQuality@3] File [C:/Users/khreb/Documents/GitHub/Team-8-BIOMIX/Saved/Config/Windows/Scalability.ini]
[2020.02.22-12.22.43:426][  0]LogConfig: Setting CVar [[foliage.DensityScale:1.0]]
[2020.02.22-12.22.43:426][  0]LogConfig: Setting CVar [[grass.DensityScale:1.0]]
[2020.02.22-12.22.43:427][  0]LogInit: Selected Device Profile: [Windows]
[2020.02.22-12.22.43:427][  0]LogInit: Applying CVar settings loaded from the selected device profile: [Windows]
[2020.02.22-12.22.43:449][  0]LogHAL: Display: Platform has ~ 32 GB [34305310720 / 34359738368 / 32], which maps to Largest [LargestMinGB=32, LargerMinGB=12, DefaultMinGB=8, SmallerMinGB=6, SmallestMinGB=0)
[2020.02.22-12.22.43:450][  0]LogConfig: Setting CVar [[r.Vulkan.UseRealUBs:1]]
[2020.02.22-12.22.43:450][  0]LogInit: Going up to parent DeviceProfile []
[2020.02.22-12.22.43:450][  0]LogConfig: Applying CVar settings from Section [ViewDistanceQuality@3] File [C:/Users/khreb/Documents/GitHub/Team-8-BIOMIX/Saved/Config/Windows/Scalability.ini]
[2020.02.22-12.22.43:450][  0]LogConfig: Setting CVar [[r.SkeletalMeshLODBias:0]]
[2020.02.22-12.22.43:450][  0]LogConfig: Setting CVar [[r.ViewDistanceScale:1.0]]
[2020.02.22-12.22.43:450][  0]LogConfig: Applying CVar settings from Section [AntiAliasingQuality@3] File [C:/Users/khreb/Documents/GitHub/Team-8-BIOMIX/Saved/Config/Windows/Scalability.ini]
[2020.02.22-12.22.43:450][  0]LogConfig: Setting CVar [[r.PostProcessAAQuality:4]]
[2020.02.22-12.22.43:450][  0]LogConfig: Applying CVar settings from Section [ShadowQuality@3] File [C:/Users/khreb/Documents/GitHub/Team-8-BIOMIX/Saved/Config/Windows/Scalability.ini]
[2020.02.22-12.22.43:450][  0]LogConfig: Setting CVar [[r.LightFunctionQuality:1]]
[2020.02.22-12.22.43:450][  0]LogConfig: Setting CVar [[r.ShadowQuality:5]]
[2020.02.22-12.22.43:450][  0]LogConfig: Setting CVar [[r.Shadow.CSM.MaxCascades:10]]
[2020.02.22-12.22.43:450][  0]LogConfig: Setting CVar [[r.Shadow.MaxResolution:2048]]
[2020.02.22-12.22.43:450][  0]LogConfig: Setting CVar [[r.Shadow.MaxCSMResolution:2048]]
[2020.02.22-12.22.43:450][  0]LogConfig: Setting CVar [[r.Shadow.RadiusThreshold:0.01]]
[2020.02.22-12.22.43:450][  0]LogConfig: Setting CVar [[r.Shadow.DistanceScale:1.0]]
[2020.02.22-12.22.43:450][  0]LogConfig: Setting CVar [[r.Shadow.CSM.TransitionScale:1.0]]
[2020.02.22-12.22.43:450][  0]LogConfig: Setting CVar [[r.Shadow.PreShadowResolutionFactor:1.0]]
[2020.02.22-12.22.43:450][  0]LogConfig: Setting CVar [[r.DistanceFieldShadowing:1]]
[2020.02.22-12.22.43:450][  0]LogConfig: Setting CVar [[r.DistanceFieldAO:1]]
[2020.02.22-12.22.43:450][  0]LogConfig: Setting CVar [[r.AOQuality:2]]
[2020.02.22-12.22.43:450][  0]LogConfig: Setting CVar [[r.VolumetricFog:1]]
[2020.02.22-12.22.43:450][  0]LogConfig: Setting CVar [[r.VolumetricFog.GridPixelSize:8]]
[2020.02.22-12.22.43:450][  0]LogConfig: Setting CVar [[r.VolumetricFog.GridSizeZ:128]]
[2020.02.22-12.22.43:450][  0]LogConfig: Setting CVar [[r.VolumetricFog.HistoryMissSupersampleCount:4]]
[2020.02.22-12.22.43:450][  0]LogConfig: Setting CVar [[r.LightMaxDrawDistanceScale:1]]
[2020.02.22-12.22.43:450][  0]LogConfig: Setting CVar [[r.CapsuleShadows:1]]
[2020.02.22-12.22.43:450][  0]LogConfig: Applying CVar settings from Section [PostProcessQuality@3] File [C:/Users/khreb/Documents/GitHub/Team-8-BIOMIX/Saved/Config/Windows/Scalability.ini]
[2020.02.22-12.22.43:450][  0]LogConfig: Setting CVar [[r.MotionBlurQuality:4]]
[2020.02.22-12.22.43:450][  0]LogConfig: Setting CVar [[r.AmbientOcclusionMipLevelFactor:0.4]]
[2020.02.22-12.22.43:450][  0]LogConfig: Setting CVar [[r.AmbientOcclusionMaxQuality:100]]
[2020.02.22-12.22.43:450][  0]LogConfig: Setting CVar [[r.AmbientOcclusionLevels:-1]]
[2020.02.22-12.22.43:450][  0]LogConfig: Setting CVar [[r.AmbientOcclusionRadiusScale:1.0]]
[2020.02.22-12.22.43:450][  0]LogConfig: Setting CVar [[r.DepthOfFieldQuality:2]]
[2020.02.22-12.22.43:450][  0]LogConfig: Setting CVar [[r.RenderTargetPoolMin:400]]
[2020.02.22-12.22.43:450][  0]LogConfig: Setting CVar [[r.LensFlareQuality:2]]
[2020.02.22-12.22.43:450][  0]LogConfig: Setting CVar [[r.SceneColorFringeQuality:1]]
[2020.02.22-12.22.43:450][  0]LogConfig: Setting CVar [[r.EyeAdaptationQuality:2]]
[2020.02.22-12.22.43:450][  0]LogConfig: Setting CVar [[r.BloomQuality:5]]
[2020.02.22-12.22.43:450][  0]LogConfig: Setting CVar [[r.FastBlurThreshold:100]]
[2020.02.22-12.22.43:450][  0]LogConfig: Setting CVar [[r.Upscale.Quality:3]]
[2020.02.22-12.22.43:450][  0]LogConfig: Setting CVar [[r.Tonemapper.GrainQuantization:1]]
[2020.02.22-12.22.43:450][  0]LogConfig: Setting CVar [[r.LightShaftQuality:1]]
[2020.02.22-12.22.43:450][  0]LogConfig: Setting CVar [[r.Filter.SizeScale:1]]
[2020.02.22-12.22.43:450][  0]LogConfig: Setting CVar [[r.Tonemapper.Quality:5]]
[2020.02.22-12.22.43:450][  0]LogConfig: Setting CVar [[r.DOF.Gather.AccumulatorQuality:1        ; higher gathering accumulator quality]]
[2020.02.22-12.22.43:450][  0]LogConfig: Setting CVar [[r.DOF.Gather.PostfilterMethod:1          ; Median3x3 postfilering method]]
[2020.02.22-12.22.43:450][  0]LogConfig: Setting CVar [[r.DOF.Gather.EnableBokehSettings:0       ; no bokeh simulation when gathering]]
[2020.02.22-12.22.43:450][  0]LogConfig: Setting CVar [[r.DOF.Gather.RingCount:4                 ; medium number of samples when gathering]]
[2020.02.22-12.22.43:450][  0]LogConfig: Setting CVar [[r.DOF.Scatter.ForegroundCompositing:1    ; additive foreground scattering]]
[2020.02.22-12.22.43:450][  0]LogConfig: Setting CVar [[r.DOF.Scatter.BackgroundCompositing:2    ; additive background scattering]]
[2020.02.22-12.22.43:451][  0]LogConfig: Setting CVar [[r.DOF.Scatter.EnableBokehSettings:1      ; bokeh simulation when scattering]]
[2020.02.22-12.22.43:451][  0]LogConfig: Setting CVar [[r.DOF.Scatter.MaxSpriteRatio:0.1         ; only a maximum of 10% of scattered bokeh]]
[2020.02.22-12.22.43:451][  0]LogConfig: Setting CVar [[r.DOF.Recombine.Quality:1                ; cheap slight out of focus]]
[2020.02.22-12.22.43:451][  0]LogConfig: Setting CVar [[r.DOF.Recombine.EnableBokehSettings:0    ; no bokeh simulation on slight out of focus]]
[2020.02.22-12.22.43:451][  0]LogConfig: Setting CVar [[r.DOF.TemporalAAQuality:1                ; more stable temporal accumulation]]
[2020.02.22-12.22.43:451][  0]LogConfig: Setting CVar [[r.DOF.Kernel.MaxForegroundRadius:0.025]]
[2020.02.22-12.22.43:451][  0]LogConfig: Setting CVar [[r.DOF.Kernel.MaxBackgroundRadius:0.025]]
[2020.02.22-12.22.43:451][  0]LogConfig: Applying CVar settings from Section [TextureQuality@3] File [C:/Users/khreb/Documents/GitHub/Team-8-BIOMIX/Saved/Config/Windows/Scalability.ini]
[2020.02.22-12.22.43:451][  0]LogConfig: Setting CVar [[r.Streaming.MipBias:0]]
[2020.02.22-12.22.43:451][  0]LogConfig: Setting CVar [[r.Streaming.AmortizeCPUToGPUCopy:0]]
[2020.02.22-12.22.43:451][  0]LogConfig: Setting CVar [[r.Streaming.MaxNumTexturesToStreamPerFrame:0]]
[2020.02.22-12.22.43:451][  0]LogConfig: Setting CVar [[r.Streaming.Boost:1]]
[2020.02.22-12.22.43:451][  0]LogConfig: Setting CVar [[r.MaxAnisotropy:8]]
[2020.02.22-12.22.43:451][  0]LogConfig: Setting CVar [[r.Streaming.LimitPoolSizeToVRAM:0]]
[2020.02.22-12.22.43:451][  0]LogConfig: Setting CVar [[r.Streaming.PoolSize:1000]]
[2020.02.22-12.22.43:451][  0]LogConfig: Setting CVar [[r.Streaming.MaxEffectiveScreenSize:0]]
[2020.02.22-12.22.43:451][  0]LogConfig: Applying CVar settings from Section [EffectsQuality@3] File [C:/Users/khreb/Documents/GitHub/Team-8-BIOMIX/Saved/Config/Windows/Scalability.ini]
[2020.02.22-12.22.43:451][  0]LogConfig: Setting CVar [[r.TranslucencyLightingVolumeDim:64]]
[2020.02.22-12.22.43:451][  0]LogConfig: Setting CVar [[r.RefractionQuality:2]]
[2020.02.22-12.22.43:451][  0]LogConfig: Setting CVar [[r.SSR.Quality:3]]
[2020.02.22-12.22.43:451][  0]LogConfig: Setting CVar [[r.SceneColorFormat:4]]
[2020.02.22-12.22.43:451][  0]LogConfig: Setting CVar [[r.DetailMode:2]]
[2020.02.22-12.22.43:451][  0]LogConfig: Setting CVar [[r.TranslucencyVolumeBlur:1]]
[2020.02.22-12.22.43:451][  0]LogConfig: Setting CVar [[r.MaterialQualityLevel:1 ; High quality]]
[2020.02.22-12.22.43:451][  0]LogConfig: Setting CVar [[r.SSS.Scale:1]]
[2020.02.22-12.22.43:451][  0]LogConfig: Setting CVar [[r.SSS.SampleSet:2]]
[2020.02.22-12.22.43:451][  0]LogConfig: Setting CVar [[r.SSS.Quality:1]]
[2020.02.22-12.22.43:451][  0]LogConfig: Setting CVar [[r.SSS.HalfRes:1]]
[2020.02.22-12.22.43:451][  0]LogConfig: Setting CVar [[r.EmitterSpawnRateScale:1.0]]
[2020.02.22-12.22.43:451][  0]LogConfig: Setting CVar [[r.ParticleLightQuality:2]]
[2020.02.22-12.22.43:451][  0]LogConfig: Applying CVar settings from Section [FoliageQuality@3] File [C:/Users/khreb/Documents/GitHub/Team-8-BIOMIX/Saved/Config/Windows/Scalability.ini]
[2020.02.22-12.22.43:451][  0]LogConfig: Setting CVar [[foliage.DensityScale:1.0]]
[2020.02.22-12.22.43:451][  0]LogConfig: Setting CVar [[grass.DensityScale:1.0]]
[2020.02.22-12.22.43:451][  0]LogConfig: Applying CVar settings from Section [Startup] File [../../../Engine/Config/ConsoleVariables.ini]
[2020.02.22-12.22.43:451][  0]LogConfig: Setting CVar [[net.UseAdaptiveNetUpdateFrequency:0]]
[2020.02.22-12.22.43:451][  0]LogConfig: Applying CVar settings from Section [ConsoleVariables] File [C:/Users/khreb/Documents/GitHub/Team-8-BIOMIX/Saved/Config/Windows/Engine.ini]
[2020.02.22-12.22.43:452][  0]LogInit: Computer: DESKTOP-8E1FM7S
[2020.02.22-12.22.43:452][  0]LogInit: User: khreb
[2020.02.22-12.22.43:452][  0]LogInit: CPU Page size=4096, Cores=8
[2020.02.22-12.22.43:452][  0]LogInit: High frequency timer resolution =10.000000 MHz
[2020.02.22-12.22.43:452][  0]LogMemory: Memory total: Physical=31.9GB (32GB approx)
[2020.02.22-12.22.43:452][  0]LogMemory: Platform Memory Stats for Windows
[2020.02.22-12.22.43:452][  0]LogMemory: Process Physical Memory: 106.63 MB used, 106.63 MB peak
[2020.02.22-12.22.43:452][  0]LogMemory: Process Virtual Memory: 95.31 MB used, 95.31 MB peak
[2020.02.22-12.22.43:452][  0]LogMemory: Physical Memory: 9721.67 MB used,  22994.42 MB free, 32716.09 MB total
[2020.02.22-12.22.43:452][  0]LogMemory: Virtual Memory: 4673.00 MB used,  134213056.00 MB free, 134217728.00 MB total
[2020.02.22-12.22.43:781][  0]LogInit: Using OS detected language (en-GB).
[2020.02.22-12.22.43:782][  0]LogInit: Using OS detected locale (en-GB).
[2020.02.22-12.22.43:782][  0]LogTextLocalizationManager: No specific localization for 'en-GB' exists, so the 'en' localization will be used.
[2020.02.22-12.22.44:181][  0]LogStreaming: Display: Took  0.400s to InitEngineTextLocalization.
[2020.02.22-12.22.44:182][  0]LogInit: Setting process to per monitor DPI aware
[2020.02.22-12.22.44:227][  0]LogSlate: New Slate User Created.  User Index 0, Is Virtual User: 0
[2020.02.22-12.22.44:227][  0]LogSlate: Slate User Registered.  User Index 0, Is Virtual User: 0
[2020.02.22-12.22.44:442][  0]LogHMD: Failed to initialize OpenVR with code 110
[2020.02.22-12.22.44:442][  0]LogD3D11RHI: D3D11 adapters:
[2020.02.22-12.22.44:463][  0]LogD3D11RHI:    0. 'Radeon RX Vega' (Feature Level 11_0)
[2020.02.22-12.22.44:463][  0]LogD3D11RHI:       8120/0/16358 MB DedicatedVideo/DedicatedSystem/SharedSystem, Outputs:2, VendorId:0x1002
[2020.02.22-12.22.44:465][  0]LogD3D11RHI:    1. 'Microsoft Basic Render Driver' (Feature Level 11_0)
[2020.02.22-12.22.44:465][  0]LogD3D11RHI:       0/0/16358 MB DedicatedVideo/DedicatedSystem/SharedSystem, Outputs:0, VendorId:0x1414
[2020.02.22-12.22.44:465][  0]LogD3D11RHI: Chosen D3D11 Adapter: 0
[2020.02.22-12.22.44:475][  0]LogD3D11RHI: Creating new Direct3DDevice
[2020.02.22-12.22.44:475][  0]LogD3D11RHI:     GPU DeviceId: 0x687f (for the marketing name, search the web for "GPU Device Id")
[2020.02.22-12.22.44:475][  0]LogWindows: EnumDisplayDevices:
[2020.02.22-12.22.44:475][  0]LogWindows:    0. 'Radeon RX Vega' (P:1 D:1)
[2020.02.22-12.22.44:476][  0]LogWindows:    1. 'Radeon RX Vega' (P:0 D:1)
[2020.02.22-12.22.44:476][  0]LogWindows:    2. 'Radeon RX Vega' (P:0 D:0)
[2020.02.22-12.22.44:477][  0]LogWindows:    3. 'Radeon RX Vega' (P:0 D:0)
[2020.02.22-12.22.44:477][  0]LogWindows:    4. 'Radeon RX Vega' (P:0 D:0)
[2020.02.22-12.22.44:477][  0]LogWindows:    5. 'Radeon RX Vega' (P:0 D:0)
[2020.02.22-12.22.44:478][  0]LogWindows:    6. 'Radeon RX Vega' (P:0 D:0)
[2020.02.22-12.22.44:478][  0]LogWindows:    7. 'Radeon RX Vega' (P:0 D:0)
[2020.02.22-12.22.44:478][  0]LogWindows: DebugString: FoundDriverCount:8 
[2020.02.22-12.22.44:478][  0]LogD3D11RHI:     Adapter Name: Radeon RX Vega
[2020.02.22-12.22.44:478][  0]LogD3D11RHI:   Driver Version: Adrenalin 2019 19.9.2 (internal:26.20.13003.1007, unified:26.20.13003.1007)
[2020.02.22-12.22.44:478][  0]LogD3D11RHI:      Driver Date: 9-10-2019
[2020.02.22-12.22.44:478][  0]LogRHI: Texture pool is 5684 MB (70% of 8120 MB)
[2020.02.22-12.22.44:533][  0]LogD3D11RHI: Async texture creation enabled
[2020.02.22-12.22.44:545][  0]LogD3D11RHI: GPU Timing Frequency: 27.000000 (Debug: 2 1)
[2020.02.22-12.22.44:856][  0]LogTemp: Display: Loaded TP AllDesktopTargetPlatform
[2020.02.22-12.22.44:875][  0]LogTemp: Display: Loaded TP MacClientTargetPlatform
[2020.02.22-12.22.44:890][  0]LogTemp: Display: Loaded TP MacNoEditorTargetPlatform
[2020.02.22-12.22.44:904][  0]LogTemp: Display: Loaded TP MacServerTargetPlatform
[2020.02.22-12.22.44:920][  0]LogTemp: Display: Loaded TP MacTargetPlatform
[2020.02.22-12.22.44:936][  0]LogTemp: Display: Loaded TP WindowsClientTargetPlatform
[2020.02.22-12.22.44:951][  0]LogTemp: Display: Loaded TP WindowsNoEditorTargetPlatform
[2020.02.22-12.22.44:966][  0]LogTemp: Display: Loaded TP WindowsServerTargetPlatform
[2020.02.22-12.22.44:972][  0]LogTemp: Display: Loaded TP WindowsTargetPlatform
[2020.02.22-12.22.45:058][  0]LogTemp: Display: Loaded TP AndroidTargetPlatform
[2020.02.22-12.22.45:058][  0]LogTemp: Display: Loaded TP AndroidTargetPlatform
[2020.02.22-12.22.45:058][  0]LogTemp: Display: Loaded TP AndroidTargetPlatform
[2020.02.22-12.22.45:058][  0]LogTemp: Display: Loaded TP AndroidTargetPlatform
[2020.02.22-12.22.45:058][  0]LogTemp: Display: Loaded TP AndroidTargetPlatform
[2020.02.22-12.22.45:058][  0]LogTemp: Display: Loaded TP AndroidTargetPlatform
[2020.02.22-12.22.45:058][  0]LogTemp: Display: Loaded TP AndroidTargetPlatform
[2020.02.22-12.22.45:058][  0]LogTemp: Display: Loaded TP AndroidTargetPlatform
[2020.02.22-12.22.45:058][  0]LogTemp: Display: Loaded TP AndroidTargetPlatform
[2020.02.22-12.22.45:058][  0]LogTemp: Display: Loaded TP AndroidTargetPlatform
[2020.02.22-12.22.45:058][  0]LogTemp: Display: Loaded TP AndroidTargetPlatform
[2020.02.22-12.22.45:058][  0]LogTemp: Display: Loaded TP AndroidTargetPlatform
[2020.02.22-12.22.45:058][  0]LogTemp: Display: Loaded TP AndroidTargetPlatform
[2020.02.22-12.22.45:058][  0]LogTemp: Display: Loaded TP AndroidTargetPlatform
[2020.02.22-12.22.45:058][  0]LogTemp: Display: Loaded TP AndroidTargetPlatform
[2020.02.22-12.22.45:058][  0]LogTemp: Display: Loaded TP AndroidTargetPlatform
[2020.02.22-12.22.45:058][  0]LogTemp: Display: Loaded TP AndroidTargetPlatform
[2020.02.22-12.22.45:058][  0]LogTemp: Display: Loaded TP AndroidTargetPlatform
[2020.02.22-12.22.45:060][  0]LogTemp: Display: Loaded TP HTML5TargetPlatform
[2020.02.22-12.22.45:124][  0]LogTemp: Display: Loaded TP IOSTargetPlatform
[2020.02.22-12.22.45:124][  0]LogTemp: Display: Loaded TP IOSTargetPlatform
[2020.02.22-12.22.45:155][  0]LogTemp: Display: Loaded TP TVOSTargetPlatform
[2020.02.22-12.22.45:155][  0]LogTemp: Display: Loaded TP TVOSTargetPlatform
[2020.02.22-12.22.45:171][  0]LogTemp: Display: Loaded TP LinuxClientTargetPlatform
[2020.02.22-12.22.45:186][  0]LogTemp: Display: Loaded TP LinuxNoEditorTargetPlatform
[2020.02.22-12.22.45:201][  0]LogTemp: Display: Loaded TP LinuxServerTargetPlatform
[2020.02.22-12.22.45:217][  0]LogTemp: Display: Loaded TP LinuxTargetPlatform
[2020.02.22-12.22.45:278][  0]LogTemp: Display: Loaded TP LuminTargetPlatform
[2020.02.22-12.22.45:278][  0]LogTemp: Display: Loaded TP LuminTargetPlatform
[2020.02.22-12.22.45:278][  0]LogTargetPlatformManager: Display: Building Assets For Windows
[2020.02.22-12.22.45:345][  0]LogShaderCompilers: Guid format shader working directory is -15 characters bigger than the processId version (../../../../../../Users/khreb/Documents/GitHub/Team-8-BIOMIX/Intermediate/Shaders/WorkingDirectory/18160/).
[2020.02.22-12.22.45:345][  0]LogShaderCompilers: Cleaned the shader compiler working directory 'C:/Users/khreb/AppData/Local/Temp/UnrealShaderWorkingDir/608A569149F80A19C0A9DCB976100A99/'.
[2020.02.22-12.22.45:347][  0]LogXGEController: Cannot use XGE Controller as Incredibuild is not installed on this machine.
[2020.02.22-12.22.45:348][  0]LogShaderCompilers: Cannot use XGE Shader Compiler as Incredibuild is not installed on this machine.
[2020.02.22-12.22.45:348][  0]LogShaderCompilers: Display: Using Local Shader Compiler.
[2020.02.22-12.22.45:923][  0]LogDerivedDataCache: Display: Max Cache Size: 512 MB
[2020.02.22-12.22.45:970][  0]LogDerivedDataCache: Loaded boot cache 0.05s 71MB C:/Users/khreb/AppData/Local/UnrealEngine/4.21/DerivedDataCache/Boot.ddc.
[2020.02.22-12.22.45:971][  0]LogDerivedDataCache: Display: Loaded Boot cache: C:/Users/khreb/AppData/Local/UnrealEngine/4.21/DerivedDataCache/Boot.ddc
[2020.02.22-12.22.45:971][  0]LogDerivedDataCache: FDerivedDataBackendGraph:  Pak pak cache file ../../../../../../Users/khreb/Documents/GitHub/Team-8-BIOMIX/DerivedDataCache/DDC.ddp not found, will not use a pak cache.
[2020.02.22-12.22.45:971][  0]LogDerivedDataCache: Unable to find inner node Pak for hierarchical cache Hierarchy.
[2020.02.22-12.22.45:971][  0]LogDerivedDataCache: FDerivedDataBackendGraph:  CompressedPak pak cache file ../../../../../../Users/khreb/Documents/GitHub/Team-8-BIOMIX/DerivedDataCache/Compressed.ddp not found, will not use a pak cache.
[2020.02.22-12.22.45:971][  0]LogDerivedDataCache: Unable to find inner node CompressedPak for hierarchical cache Hierarchy.
[2020.02.22-12.22.45:988][  0]LogDerivedDataCache: Display: Pak cache opened for reading ../../../Engine/DerivedDataCache/Compressed.ddp.
[2020.02.22-12.22.45:988][  0]LogDerivedDataCache: FDerivedDataBackendGraph:  EnterprisePak pak cache file ../../../Enterprise/DerivedDataCache/Compressed.ddp not found, will not use a pak cache.
[2020.02.22-12.22.45:988][  0]LogDerivedDataCache: Unable to find inner node EnterprisePak for hierarchical cache Hierarchy.
[2020.02.22-12.22.46:000][  0]LogDerivedDataCache: Using Local data cache path C:/Users/khreb/AppData/Local/UnrealEngine/Common/DerivedDataCache: Writable
[2020.02.22-12.22.46:000][  0]LogDerivedDataCache: Shared data cache path not found in *engine.ini, will not use an Shared cache.
[2020.02.22-12.22.46:000][  0]LogDerivedDataCache: Unable to find inner node Shared for hierarchical cache Hierarchy.
[2020.02.22-12.22.46:025][  0]LogMaterial: Verifying Global Shaders for PCD3D_SM5
[2020.02.22-12.22.46:027][  0]LogSlate: Using FreeType 2.6.0
[2020.02.22-12.22.46:028][  0]LogSlate: SlateFontServices - WITH_FREETYPE: 1, WITH_HARFBUZZ: 1
[2020.02.22-12.22.46:124][  0]LogAssetRegistry: FAssetRegistry took 0.0380 seconds to start up
[2020.02.22-12.22.46:553][  0]LogInit: Selected Device Profile: [Windows]
[2020.02.22-12.22.46:717][  0]LogSimplygon: Simplygon DLL not present - disabling.
[2020.02.22-12.22.46:721][  0]LogMeshReduction: Using SimplygonSwarm for distributed automatic mesh merging
[2020.02.22-12.22.46:721][  0]LogMeshReduction: Using ProxyLODMeshReduction for automatic mesh merging
[2020.02.22-12.22.46:721][  0]LogMeshReduction: Using QuadricMeshReduction for automatic static mesh reduction
[2020.02.22-12.22.46:721][  0]LogMeshReduction: No automatic skeletal mesh reduction module available
[2020.02.22-12.22.46:735][  0]LogNetVersion: MyProject 1.0.0, NetCL: 4541578, EngineNetVer: 5, GameNetVer: 0 (Checksum: 1637960414)
[2020.02.22-12.22.47:374][  0]LogPackageLocalizationCache: Processed 11 localized package path(s) for 2 prioritized culture(s) in 0.159886 seconds
[2020.02.22-12.22.47:383][  0]LogUObjectArray: 39775 objects as part of root set at end of initial load.
[2020.02.22-12.22.47:383][  0]LogUObjectAllocator: 6914656 out of 0 bytes used by permanent object pool.
[2020.02.22-12.22.47:383][  0]LogUObjectArray: CloseDisregardForGC: 0/0 objects in disregard for GC pool
[2020.02.22-12.22.48:293][  0]LogTcpMessaging: Initializing TcpMessaging bridge
[2020.02.22-12.22.48:307][  0]LogUdpMessaging: Initializing bridge on interface 0.0.0.0:0 to multicast group 230.0.0.1:6666.
[2020.02.22-12.22.49:003][  0]SourceControl: Source control is disabled
[2020.02.22-12.22.49:003][  0]SourceControl: Source control is disabled
[2020.02.22-12.22.49:004][  0]SourceControl: Source control is disabled
[2020.02.22-12.22.49:005][  0]SourceControl: Source control is disabled
[2020.02.22-12.22.49:198][  0]LogAndroidPermission: UAndroidPermissionCallbackProxy::GetInstance
[2020.02.22-12.22.49:687][  0]LogOcInput: OculusInput pre-init called
[2020.02.22-12.22.49:828][  0]LogEngine: Initializing Engine...
[2020.02.22-12.22.49:829][  0]LogHMD: Failed to initialize OpenVR with code 110
[2020.02.22-12.22.49:831][  0]LogStats: UGameplayTagsManager::ConstructGameplayTagTree: ImportINI prefixes -  0.000 s
[2020.02.22-12.22.49:831][  0]LogStats: UGameplayTagsManager::ConstructGameplayTagTree: Construct from data asset -  0.000 s
[2020.02.22-12.22.49:831][  0]LogStats: UGameplayTagsManager::ConstructGameplayTagTree: ImportINI -  0.000 s
[2020.02.22-12.22.49:831][  0]LogStats: UGameplayTagsManager::ConstructGameplayTagTree: GameplayTagTreeChangedEvent.Broadcast -  0.000 s
[2020.02.22-12.22.50:058][  0]LogInit: Initializing FReadOnlyCVARCache
[2020.02.22-12.22.50:074][  0]LogAIModule: Creating AISystem for world Untitled
[2020.02.22-12.22.50:115][  0]LogInit: XAudio2 using 'Digital Output (AMD High Definition Audio Device)' : 6 channels at 48 kHz using 16 bits per sample (channel mask 0x3f)
[2020.02.22-12.22.50:186][  0]LogInit: FAudioDevice initialized.
[2020.02.22-12.22.50:186][  0]LogNetVersion: Set ProjectVersion to 1.0.0.0. Version Checksum will be recalculated on next use.
[2020.02.22-12.22.50:254][  0]LogDerivedDataCache: Saved boot cache 0.07s 71MB C:/Users/khreb/AppData/Local/UnrealEngine/4.21/DerivedDataCache/Boot.ddc.
[2020.02.22-12.22.50:262][  0]LogInit: Texture streaming: Enabled
[2020.02.22-12.22.50:284][  0]LogEngineSessionManager: EngineSessionManager initialized
[2020.02.22-12.22.50:306][  0]LogInit: Transaction tracking system initialized
[2020.02.22-12.22.50:333][  0]BlueprintLog: New page: Editor Load
[2020.02.22-12.22.50:424][  0]LocalizationService: Localization service is disabled
[2020.02.22-12.22.50:948][  0]LogFileCache: Scanning file cache for directory 'C:/Users/khreb/Documents/GitHub/Team-8-BIOMIX/Content/' took 0.02s
[2020.02.22-12.22.50:948][  0]LogCook: Display: Max memory allowance for cook 16384mb min free memory 0mb
[2020.02.22-12.22.50:948][  0]LogCook: Display: Mobile HDR setting 1
[2020.02.22-12.22.50:948][  0]LogGameplayTags: Display: UGameplayTagsManager::DoneAddingNativeTags. DelegateIsBound: 0
[2020.02.22-12.22.50:948][  0]LogStats: UGameplayTagsManager::ConstructGameplayTagTree: ImportINI prefixes -  0.000 s
[2020.02.22-12.22.50:948][  0]LogStats: UGameplayTagsManager::ConstructGameplayTagTree: Construct from data asset -  0.000 s
[2020.02.22-12.22.50:948][  0]LogStats: UGameplayTagsManager::ConstructGameplayTagTree: ImportINI -  0.000 s
[2020.02.22-12.22.50:948][  0]LogStats: UGameplayTagsManager::ConstructGameplayTagTree: GameplayTagTreeChangedEvent.Broadcast -  0.000 s
[2020.02.22-12.22.51:108][  0]SourceControl: Source control is disabled
[2020.02.22-12.22.51:109][  0]Cmd: MAP LOAD FILE="../../../../../../Users/khreb/Documents/GitHub/Team-8-BIOMIX/Content/SynthvaniaContent/Levels/SideScrollerExampleMap.umap" TEMPLATE=0 SHOWPROGRESS=1 FEATURELEVEL=3
[2020.02.22-12.22.51:109][  0]LightingResults: New page: Lighting Build
[2020.02.22-12.22.51:112][  0]MapCheck: New page: Map Check
[2020.02.22-12.22.51:112][  0]LightingResults: New page: Lighting Build
[2020.02.22-12.22.51:318][  0]LogEnum: Warning: Enum name collision: 'Enum_Elements::NewEnumerator0' is in both '/Game/SynthvaniaContent/Blueprints/Enums/Enum_Elements.Enum_Elements' and '/Game/SideScrollerBP/Blueprints/Enum_Elements.Enum_Elements'
[2020.02.22-12.22.51:318][  0]LogEnum: Warning: Enum name collision: 'Enum_Elements::NewEnumerator1' is in both '/Game/SynthvaniaContent/Blueprints/Enums/Enum_Elements.Enum_Elements' and '/Game/SideScrollerBP/Blueprints/Enum_Elements.Enum_Elements'
[2020.02.22-12.22.51:318][  0]LogEnum: Warning: Enum name collision: 'Enum_Elements::NewEnumerator2' is in both '/Game/SynthvaniaContent/Blueprints/Enums/Enum_Elements.Enum_Elements' and '/Game/SideScrollerBP/Blueprints/Enum_Elements.Enum_Elements'
[2020.02.22-12.22.51:318][  0]LogEnum: Warning: Enum name collision: 'Enum_Elements::NewEnumerator3' is in both '/Game/SynthvaniaContent/Blueprints/Enums/Enum_Elements.Enum_Elements' and '/Game/SideScrollerBP/Blueprints/Enum_Elements.Enum_Elements'
[2020.02.22-12.22.51:318][  0]LogEnum: Warning: Enum name collision: 'Enum_Elements::Enum_MAX' is in both '/Game/SynthvaniaContent/Blueprints/Enums/Enum_Elements.Enum_Elements' and '/Game/SideScrollerBP/Blueprints/Enum_Elements.Enum_Elements'
[2020.02.22-12.22.51:401][  0]LogEnum: Warning: Enum name collision: 'Enum_Elements::NewEnumerator0' is in both '/Game/SynthvaniaContent/Blueprints/Enums/Enum_Elements.Enum_Elements' and '/Game/SideScrollerBP/Blueprints/Enum_Elements.Enum_Elements'
[2020.02.22-12.22.51:401][  0]LogEnum: Warning: Enum name collision: 'Enum_Elements::NewEnumerator1' is in both '/Game/SynthvaniaContent/Blueprints/Enums/Enum_Elements.Enum_Elements' and '/Game/SideScrollerBP/Blueprints/Enum_Elements.Enum_Elements'
[2020.02.22-12.22.51:401][  0]LogEnum: Warning: Enum name collision: 'Enum_Elements::NewEnumerator2' is in both '/Game/SynthvaniaContent/Blueprints/Enums/Enum_Elements.Enum_Elements' and '/Game/SideScrollerBP/Blueprints/Enum_Elements.Enum_Elements'
[2020.02.22-12.22.51:401][  0]LogEnum: Warning: Enum name collision: 'Enum_Elements::NewEnumerator3' is in both '/Game/SynthvaniaContent/Blueprints/Enums/Enum_Elements.Enum_Elements' and '/Game/SideScrollerBP/Blueprints/Enum_Elements.Enum_Elements'
[2020.02.22-12.22.51:751][  0]LogMaterial: Display: Missing cached shader map for material Lightning, compiling. 
[2020.02.22-12.22.51:937][  0]LogShaderCompilers: Display: Shaders left to compile 19
[2020.02.22-12.22.51:937][  0]LogShaderCompilers: Display: Shaders left to compile 9
[2020.02.22-12.22.51:937][  0]LogMaterial: Display: Missing cached shader map for material CubeMaterial, compiling. 
[2020.02.22-12.22.52:204][  0]LogShaderCompilers: Display: Shaders left to compile 59
[2020.02.22-12.22.52:204][  0]LogShaderCompilers: Display: Shaders left to compile 49
[2020.02.22-12.22.52:204][  0]LogShaderCompilers: Display: Shaders left to compile 39
[2020.02.22-12.22.52:204][  0]LogShaderCompilers: Display: Shaders left to compile 29
[2020.02.22-12.22.52:204][  0]LogShaderCompilers: Display: Shaders left to compile 19
[2020.02.22-12.22.52:204][  0]LogShaderCompilers: Display: Shaders left to compile 9
[2020.02.22-12.22.52:204][  0]LogMaterial: Display: Missing cached shader map for material M_Afterimage_UE4Man_Body, compiling. 
[2020.02.22-12.22.52:626][  0]LogShaderCompilers: Display: Shaders left to compile 167
[2020.02.22-12.22.52:626][  0]LogShaderCompilers: Display: Shaders left to compile 157
[2020.02.22-12.22.52:626][  0]LogShaderCompilers: Display: Shaders left to compile 147
[2020.02.22-12.22.52:626][  0]LogShaderCompilers: Display: Shaders left to compile 137
[2020.02.22-12.22.52:626][  0]LogShaderCompilers: Display: Shaders left to compile 127
[2020.02.22-12.22.52:713][  0]LogAIModule: Creating AISystem for world SideScrollerExampleMap
[2020.02.22-12.22.52:750][  0]LogEditorServer: Finished looking for orphan Actors (0.000 secs)
[2020.02.22-12.22.52:793][  0]Cmd: MAP CHECKDEP NOCLEARLOG
[2020.02.22-12.22.52:794][  0]MapCheck: Map check complete: 0 Error(s), 0 Warning(s), took 0.277ms to complete.
[2020.02.22-12.22.52:794][  0]LogFileHelpers: Loading map 'SideScrollerExampleMap' took 1.685
[2020.02.22-12.22.52:936][  0]LogSlate: Updating window title bar state: overlay mode, drag disabled, window buttons hidden, title bar hidden
[2020.02.22-12.22.52:955][  0]LogSlate: Updating window title bar state: overlay mode, drag disabled, window buttons hidden, title bar hidden
[2020.02.22-12.22.52:972][  0]LogSlate: Updating window title bar state: overlay mode, drag disabled, window buttons hidden, title bar hidden
[2020.02.22-12.22.52:987][  0]LogSlate: Updating window title bar state: overlay mode, drag disabled, window buttons hidden, title bar hidden
[2020.02.22-12.22.52:999][  0]LogCollectionManager: Loaded 0 collections in 0.003063 seconds
[2020.02.22-12.22.53:048][  0]LogFileCache: Scanning file cache for directory 'C:/Users/khreb/Documents/GitHub/Team-8-BIOMIX/Saved/Collections/' took 0.01s
[2020.02.22-12.22.53:048][  0]LogFileCache: Scanning file cache for directory 'C:/Users/khreb/Documents/GitHub/Team-8-BIOMIX/Content/Developers/khreb/Collections/' took 0.01s
[2020.02.22-12.22.53:048][  0]LogFileCache: Scanning file cache for directory 'C:/Users/khreb/Documents/GitHub/Team-8-BIOMIX/Content/Collections/' took 0.01s
[2020.02.22-12.22.53:048][  0]LogCollectionManager: Rebuilt the GUID cache for 0 collections in 0.000001 seconds
[2020.02.22-12.22.53:068][  0]LogContentBrowser: Native class hierarchy populated in 0.0193 seconds. Added 2651 classes and 620 folders.
[2020.02.22-12.22.53:081][  0]LogContentBrowser: Native class hierarchy updated for 'WidgetCarousel' in 0.0005 seconds. Added 0 classes and 0 folders.
[2020.02.22-12.22.53:083][  0]LogPakFile: Registered encryption key '00000000000000000000000000000000': 0 pak files mounted, 0 remain pending
[2020.02.22-12.22.53:084][  0]LogPakFile: Registered encryption key '00000000000000000000000000000000': 0 pak files mounted, 0 remain pending
[2020.02.22-12.22.53:085][  0]LogPakFile: Registered encryption key '00000000000000000000000000000000': 0 pak files mounted, 0 remain pending
[2020.02.22-12.22.53:086][  0]LogPakFile: Registered encryption key '00000000000000000000000000000000': 0 pak files mounted, 0 remain pending
[2020.02.22-12.22.53:087][  0]LogPakFile: Registered encryption key '00000000000000000000000000000000': 0 pak files mounted, 0 remain pending
[2020.02.22-12.22.53:088][  0]LogPakFile: Registered encryption key '00000000000000000000000000000000': 0 pak files mounted, 0 remain pending
[2020.02.22-12.22.53:089][  0]LogPakFile: Registered encryption key '00000000000000000000000000000000': 0 pak files mounted, 0 remain pending
[2020.02.22-12.22.53:090][  0]LogPakFile: Registered encryption key '00000000000000000000000000000000': 0 pak files mounted, 0 remain pending
[2020.02.22-12.22.53:091][  0]LogPakFile: Registered encryption key '00000000000000000000000000000000': 0 pak files mounted, 0 remain pending
[2020.02.22-12.22.53:092][  0]LogPakFile: Registered encryption key '00000000000000000000000000000000': 0 pak files mounted, 0 remain pending
[2020.02.22-12.22.53:093][  0]LogPakFile: Registered encryption key '00000000000000000000000000000000': 0 pak files mounted, 0 remain pending
[2020.02.22-12.22.53:094][  0]LogPakFile: Registered encryption key '00000000000000000000000000000000': 0 pak files mounted, 0 remain pending
[2020.02.22-12.22.53:095][  0]LogPakFile: Registered encryption key '00000000000000000000000000000000': 0 pak files mounted, 0 remain pending
[2020.02.22-12.22.53:096][  0]LogPakFile: Registered encryption key '00000000000000000000000000000000': 0 pak files mounted, 0 remain pending
[2020.02.22-12.22.53:097][  0]LogPakFile: Registered encryption key '00000000000000000000000000000000': 0 pak files mounted, 0 remain pending
[2020.02.22-12.22.53:098][  0]LogPakFile: Registered encryption key '00000000000000000000000000000000': 0 pak files mounted, 0 remain pending
[2020.02.22-12.22.53:099][  0]LogPakFile: Registered encryption key '00000000000000000000000000000000': 0 pak files mounted, 0 remain pending
[2020.02.22-12.22.53:100][  0]LogPakFile: Registered encryption key '00000000000000000000000000000000': 0 pak files mounted, 0 remain pending
[2020.02.22-12.22.53:101][  0]LogPakFile: Registered encryption key '00000000000000000000000000000000': 0 pak files mounted, 0 remain pending
[2020.02.22-12.22.53:102][  0]LogPakFile: Registered encryption key '00000000000000000000000000000000': 0 pak files mounted, 0 remain pending
[2020.02.22-12.22.53:103][  0]LogPakFile: Registered encryption key '00000000000000000000000000000000': 0 pak files mounted, 0 remain pending
[2020.02.22-12.22.53:104][  0]LogPakFile: Registered encryption key '00000000000000000000000000000000': 0 pak files mounted, 0 remain pending
[2020.02.22-12.22.53:105][  0]LogPakFile: Registered encryption key '00000000000000000000000000000000': 0 pak files mounted, 0 remain pending
[2020.02.22-12.22.53:106][  0]LogPakFile: Registered encryption key '00000000000000000000000000000000': 0 pak files mounted, 0 remain pending
[2020.02.22-12.22.53:107][  0]LogPakFile: Registered encryption key '00000000000000000000000000000000': 0 pak files mounted, 0 remain pending
[2020.02.22-12.22.53:108][  0]LogPakFile: Registered encryption key '00000000000000000000000000000000': 0 pak files mounted, 0 remain pending
[2020.02.22-12.22.53:163][  0]LogContentBrowser: Native class hierarchy updated for 'AddContentDialog' in 0.0005 seconds. Added 0 classes and 0 folders.
[2020.02.22-12.22.53:174][  0]LogContentBrowser: Native class hierarchy updated for 'SceneOutliner' in 0.0007 seconds. Added 1 classes and 2 folders.
[2020.02.22-12.22.53:326][  0]LogSlate: Took 0.000395 seconds to synchronously load lazily loaded font '../../../Engine/Content/Slate/Fonts/Roboto-Regular.ttf' (155K)
[2020.02.22-12.22.53:331][  0]LogSlate: Took 0.000292 seconds to synchronously load lazily loaded font '../../../Engine/Content/Slate/Fonts/Roboto-Bold.ttf' (160K)
[2020.02.22-12.22.53:338][  0]LogSlate: Took 0.000256 seconds to synchronously load lazily loaded font '../../../Engine/Content/Editor/Slate/Fonts/FontAwesome.ttf' (139K)
[2020.02.22-12.22.53:465][  0]LogRenderer: Reallocating scene render targets to support 1852x872 Format 10 NumSamples 1 (Frame:1).
[2020.02.22-12.22.53:833][  0]LogContentBrowser: Native class hierarchy updated for 'HierarchicalLODOutliner' in 0.0005 seconds. Added 0 classes and 0 folders.
[2020.02.22-12.22.53:833][  0]LogLoad: (Engine Initialization) Total time: 12.57 seconds
[2020.02.22-12.22.53:833][  0]LogLoad: (Engine Initialization) Total Blueprint compile time: 0.00 seconds
[2020.02.22-12.22.53:905][  0]LogContentStreaming: Texture pool size now 1000 MB
[2020.02.22-12.22.54:100][  1]LogRenderer: Reallocating scene render targets to support 1852x884 Format 10 NumSamples 1 (Frame:2).
[2020.02.22-12.22.54:783][  6]LogShaderCompilers: Display: Shaders left to compile 117
[2020.02.22-12.22.54:979][  8]LogShaderCompilers: Display: Shaders left to compile 107
[2020.02.22-12.22.55:286][  8]LogShaderCompilers: Display: Shaders left to compile 97
[2020.02.22-12.22.55:286][  8]LogShaderCompilers: Display: Shaders left to compile 87
[2020.02.22-12.22.55:286][  8]LogSlate: Took 0.000320 seconds to synchronously load lazily loaded font '../../../Engine/Content/Slate/Fonts/Roboto-Light.ttf' (167K)
[2020.02.22-12.22.55:445][  9]LogAssetRegistry: Asset discovery search completed in 9.3448 seconds
[2020.02.22-12.22.55:450][  9]LogCollectionManager: Rebuilt the object cache for 0 collections in 0.000001 seconds (found 0 objects)
[2020.02.22-12.22.55:450][  9]LogCollectionManager: Fixed up redirectors for 0 collections in 0.000343 seconds (updated 0 objects)
[2020.02.22-12.22.55:936][ 20]LogShaderCompilers: Display: Shaders left to compile 77
[2020.02.22-12.22.56:184][ 29]LogShaderCompilers: Display: Shaders left to compile 67
[2020.02.22-12.22.56:586][ 42]LogShaderCompilers: Display: Shaders left to compile 57
[2020.02.22-12.22.56:586][ 42]LogShaderCompilers: Display: Shaders left to compile 47
[2020.02.22-12.22.57:219][ 65]LogShaderCompilers: Display: Shaders left to compile 37
[2020.02.22-12.22.57:249][ 66]LogShaderCompilers: Display: Shaders left to compile 27
[2020.02.22-12.22.57:802][ 88]LogShaderCompilers: Display: Shaders left to compile 17
[2020.02.22-12.22.58:717][123]LogShaderCompilers: Display: Shaders left to compile 7
[2020.02.22-12.24.23:414][564]LogSlate: FSceneViewport::OnFocusLost() reason 0
[2020.02.22-12.24.28:321][  9]LogAssetEditorManager: Opening Asset editor for WidgetBlueprint /Game/SynthvaniaContent/Blueprints/Widgets/MainMenuWidget.MainMenuWidget
[2020.02.22-12.24.28:786][  9]LogContentBrowser: Native class hierarchy updated for 'BlueprintGraph' in 0.0006 seconds. Added 117 classes and 0 folders.
[2020.02.22-12.24.29:579][  9]LogSlate: Took 0.000223 seconds to synchronously load lazily loaded font '../../../Engine/Content/Slate/Fonts/Roboto-BoldCondensed.ttf' (158K)
[2020.02.22-12.24.48:788][434]LogSlate: Window 'MainMenuWidget*' being destroyed
[2020.02.22-12.26.13:301][116]BlueprintLog: New page: Compile MainMenuWidget
[2020.02.22-12.26.28:043][900]LogLinker: Can't find file '/Game/TwinStickBP/Widgets/Main_Menu'
[2020.02.22-12.26.28:043][900]LogLinker: Can't find file '/Game/TwinStickBP/Widgets/Main_Menu'
[2020.02.22-12.26.28:158][901]LogSlate: Took 0.000215 seconds to synchronously load lazily loaded font '../../../Engine/Content/Slate/Fonts/Roboto-Italic.ttf' (157K)
[2020.02.22-12.26.46:553][954]BlueprintLog: New page: Compile MainMenuWidget
[2020.02.22-12.26.46:578][954]LogBlueprint: Warning: [Compiler MainMenuWidget] Could not find a variable named "Quit" in 'MainMenuWidget_C'.
Make sure 'MainMenuWidget_C' has been compiled for  Get Quit
[2020.02.22-12.26.46:578][954]LogBlueprint: Warning: [Compiler MainMenuWidget] Could not find a variable named "Quit" in 'MainMenuWidget_C'.
Make sure 'MainMenuWidget_C' has been compiled for  Get Quit
[2020.02.22-12.26.46:578][954]LogBlueprint: Warning: [Compiler MainMenuWidget] Could not find a variable named "Controls" in 'MainMenuWidget_C'.
Make sure 'MainMenuWidget_C' has been compiled for  Get Controls
[2020.02.22-12.26.46:578][954]LogBlueprint: Warning: [Compiler MainMenuWidget] Could not find a variable named "Controls" in 'MainMenuWidget_C'.
Make sure 'MainMenuWidget_C' has been compiled for  Get Controls
[2020.02.22-12.26.46:578][954]LogBlueprint: Warning: [Compiler MainMenuWidget] Could not find a variable named "Quit" in 'MainMenuWidget_C'.
Make sure 'MainMenuWidget_C' has been compiled for  Get Quit
[2020.02.22-12.26.46:578][954]LogBlueprint: Warning: [Compiler MainMenuWidget] Could not find a variable named "Controls" in 'MainMenuWidget_C'.
Make sure 'MainMenuWidget_C' has been compiled for  Get Controls
[2020.02.22-12.26.46:578][954]LogBlueprint: Warning: [Compiler MainMenuWidget] Could not find a variable named "Quit" in 'MainMenuWidget_C'.
Make sure 'MainMenuWidget_C' has been compiled for  Get Quit
[2020.02.22-12.26.46:578][954]LogBlueprint: Warning: [Compiler MainMenuWidget] Could not find a variable named "Quit" in 'MainMenuWidget_C'.
Make sure 'MainMenuWidget_C' has been compiled for  Get Quit
[2020.02.22-12.26.46:578][954]LogBlueprint: Warning: [Compiler MainMenuWidget] Could not find a variable named "Controls" in 'MainMenuWidget_C'.
Make sure 'MainMenuWidget_C' has been compiled for  Get Controls
[2020.02.22-12.26.46:579][954]LogBlueprint: Warning: [Compiler MainMenuWidget] Could not find a variable named "Controls" in 'MainMenuWidget_C'.
Make sure 'MainMenuWidget_C' has been compiled for  Get Controls
[2020.02.22-12.26.46:579][954]LogBlueprint: Warning: [Compiler MainMenuWidget] Could not find a variable named "Quit" in 'MainMenuWidget_C'.
Make sure 'MainMenuWidget_C' has been compiled for  Get Quit
[2020.02.22-12.26.46:579][954]LogBlueprint: Warning: [Compiler MainMenuWidget] Could not find a variable named "Controls" in 'MainMenuWidget_C'.
Make sure 'MainMenuWidget_C' has been compiled for  Get Controls
[2020.02.22-12.26.46:580][954]LogBlueprint: Error: [Compiler MainMenuWidget] The property associated with  Controls  could not be found in '/Game/SynthvaniaContent/Blueprints/Widgets/MainMenuWidget.MainMenuWidget_C'
[2020.02.22-12.26.46:580][954]LogBlueprint: Error: [Compiler MainMenuWidget] The property associated with  Quit  could not be found in '/Game/SynthvaniaContent/Blueprints/Widgets/MainMenuWidget.MainMenuWidget_C'
[2020.02.22-12.26.46:580][954]LogBlueprint: Error: [Compiler MainMenuWidget] The property associated with  Controls  could not be found in '/Game/SynthvaniaContent/Blueprints/Widgets/MainMenuWidget.MainMenuWidget_C'
[2020.02.22-12.26.46:580][954]LogBlueprint: Error: [Compiler MainMenuWidget] The property associated with  Controls  could not be found in '/Game/SynthvaniaContent/Blueprints/Widgets/MainMenuWidget.MainMenuWidget_C'
[2020.02.22-12.26.46:580][954]LogBlueprint: Error: [Compiler MainMenuWidget] The property associated with  Quit  could not be found in '/Game/SynthvaniaContent/Blueprints/Widgets/MainMenuWidget.MainMenuWidget_C'
[2020.02.22-12.26.46:580][954]LogBlueprint: Error: [Compiler MainMenuWidget] The property associated with  Quit  could not be found in '/Game/SynthvaniaContent/Blueprints/Widgets/MainMenuWidget.MainMenuWidget_C'
[2020.02.22-12.26.46:580][954]LogBlueprint: Error: [Compiler MainMenuWidget] The property associated with  Controls  could not be found in '/Game/SynthvaniaContent/Blueprints/Widgets/MainMenuWidget.MainMenuWidget_C'
[2020.02.22-12.26.46:580][954]LogBlueprint: Error: [Compiler MainMenuWidget] The property associated with  Quit  could not be found in '/Game/SynthvaniaContent/Blueprints/Widgets/MainMenuWidget.MainMenuWidget_C'
[2020.02.22-12.26.46:580][954]LogBlueprint: Error: [Compiler MainMenuWidget] The property associated with  Controls  could not be found in '/Game/SynthvaniaContent/Blueprints/Widgets/MainMenuWidget.MainMenuWidget_C'
[2020.02.22-12.26.46:580][954]LogBlueprint: Error: [Compiler MainMenuWidget] The property associated with  Controls  could not be found in '/Game/SynthvaniaContent/Blueprints/Widgets/MainMenuWidget.MainMenuWidget_C'
[2020.02.22-12.26.46:580][954]LogBlueprint: Error: [Compiler MainMenuWidget] The property associated with  Quit  could not be found in '/Game/SynthvaniaContent/Blueprints/Widgets/MainMenuWidget.MainMenuWidget_C'
[2020.02.22-12.26.46:580][954]LogBlueprint: Error: [Compiler MainMenuWidget] The property associated with  Quit  could not be found in '/Game/SynthvaniaContent/Blueprints/Widgets/MainMenuWidget.MainMenuWidget_C'
[2020.02.22-12.26.46:625][954]LogBlueprint: Warning: [Compiler MainMenuWidget] [0245.37] Compile of MainMenuWidget failed. 12 Fatal Issue(s) 12 Warning(s) [in 72 ms] (/Game/SynthvaniaContent/Blueprints/Widgets/MainMenuWidget.MainMenuWidget)
[2020.02.22-12.27.13:746][133]LogEditorTransaction: Undo Delete current selection
[2020.02.22-12.29.09:894][366]BlueprintLog: New page: Compile MainMenuWidget
[2020.02.22-12.29.12:372][623]LogTemp: Repeating last play command: Selected Viewport
[2020.02.22-12.29.12:409][623]LogBlueprintUserMessages: Early PlayInEditor Detection: Level '/Game/SynthvaniaContent/Levels/SideScrollerExampleMap.SideScrollerExampleMap:PersistentLevel' has LevelScriptBlueprint '/Game/SynthvaniaContent/Levels/SideScrollerExampleMap.SideScrollerExampleMap:PersistentLevel.SideScrollerExampleMap' with GeneratedClass '/Game/SynthvaniaContent/Levels/SideScrollerExampleMap.SideScrollerExampleMap_C' with ClassGeneratedBy '/Game/SynthvaniaContent/Levels/SideScrollerExampleMap.SideScrollerExampleMap:PersistentLevel.SideScrollerExampleMap'
[2020.02.22-12.29.12:409][623]LogPlayLevel: PlayLevel: No blueprints needed recompiling
[2020.02.22-12.29.12:409][623]PIE: New page: PIE session: SideScrollerExampleMap (22 Feb 2020 12:29:12)
[2020.02.22-12.29.12:422][623]LogLinker: Warning: Can't find file '/Game/SideScrollerBP/Blueprints/BP_Instance'
[2020.02.22-12.29.12:422][623]LogLinker: Warning: Can't find file '/Game/SideScrollerBP/Blueprints/BP_Instance'
[2020.02.22-12.29.12:422][623]LogUObjectGlobals: Warning: Failed to find object 'Class /Game/SideScrollerBP/Blueprints/BP_Instance.BP_Instance_C'
[2020.02.22-12.29.12:422][623]LogPlayLevel: Creating play world package: /Game/SynthvaniaContent/Levels/UEDPIE_0_SideScrollerExampleMap
[2020.02.22-12.29.12:437][623]LogPlayLevel: PIE: StaticDuplicateObject took: (0.014987s)
[2020.02.22-12.29.12:438][623]LogAIModule: Creating AISystem for world SideScrollerExampleMap
[2020.02.22-12.29.12:438][623]LogPlayLevel: PIE: World Init took: (0.000711s)
[2020.02.22-12.29.12:438][623]LogPlayLevel: PIE: Created PIE world by copying editor world from /Game/SynthvaniaContent/Levels/SideScrollerExampleMap.SideScrollerExampleMap to /Game/SynthvaniaContent/Levels/UEDPIE_0_SideScrollerExampleMap.SideScrollerExampleMap (0.015969s)
[2020.02.22-12.29.12:494][623]LogInit: XAudio2 using 'Digital Output (AMD High Definition Audio Device)' : 6 channels at 48 kHz using 16 bits per sample (channel mask 0x3f)
[2020.02.22-12.29.12:555][623]LogInit: FAudioDevice initialized.
[2020.02.22-12.29.12:566][623]LogSlate: Updating window title bar state: overlay mode, drag disabled, window buttons hidden, title bar hidden
[2020.02.22-12.29.12:615][623]LogLinker: Warning: Can't find file '/Game/SideScrollerBP/Blueprints/SideScrollerGameMode'
[2020.02.22-12.29.12:615][623]LogLinker: Warning: Can't find file '/Game/SideScrollerBP/Blueprints/SideScrollerGameMode'
[2020.02.22-12.29.12:615][623]LogUObjectGlobals: Warning: Failed to find object 'Class /Game/SideScrollerBP/Blueprints/SideScrollerGameMode.SideScrollerGameMode_C'
[2020.02.22-12.29.12:615][623]LogLoad: Game class is 'GameModeBase'
[2020.02.22-12.29.12:618][623]LogWorld: Bringing World /Game/SynthvaniaContent/Levels/UEDPIE_0_SideScrollerExampleMap.SideScrollerExampleMap up for play (max tick rate 0) at 2020.02.22-12.29.12
[2020.02.22-12.29.12:619][623]LogWorld: Bringing up level for play took: 0.003619
[2020.02.22-12.29.12:641][623]LogContentBrowser: Native class hierarchy updated for 'MovieSceneCapture' in 0.0004 seconds. Added 20 classes and 0 folders.
[2020.02.22-12.29.12:647][623]PIE: Play in editor start time for /Game/SynthvaniaContent/Levels/UEDPIE_0_SideScrollerExampleMap 0.606
[2020.02.22-12.29.12:647][623]LogBlueprintUserMessages: Late PlayInEditor Detection: Level '/Game/SynthvaniaContent/Levels/SideScrollerExampleMap.SideScrollerExampleMap:PersistentLevel' has LevelScriptBlueprint '/Game/SynthvaniaContent/Levels/SideScrollerExampleMap.SideScrollerExampleMap:PersistentLevel.SideScrollerExampleMap' with GeneratedClass '/Game/SynthvaniaContent/Levels/SideScrollerExampleMap.SideScrollerExampleMap_C' with ClassGeneratedBy '/Game/SynthvaniaContent/Levels/SideScrollerExampleMap.SideScrollerExampleMap:PersistentLevel.SideScrollerExampleMap'
[2020.02.22-12.29.36:017][ 37]LogBlueprintUserMessages: Early EndPlayMap Detection: Level '/Game/SynthvaniaContent/Levels/SideScrollerExampleMap.SideScrollerExampleMap:PersistentLevel' has LevelScriptBlueprint '/Game/SynthvaniaContent/Levels/SideScrollerExampleMap.SideScrollerExampleMap:PersistentLevel.SideScrollerExampleMap' with GeneratedClass '/Game/SynthvaniaContent/Levels/SideScrollerExampleMap.SideScrollerExampleMap_C' with ClassGeneratedBy '/Game/SynthvaniaContent/Levels/SideScrollerExampleMap.SideScrollerExampleMap:PersistentLevel.SideScrollerExampleMap'
[2020.02.22-12.29.36:017][ 37]LogSlate: Updating window title bar state: overlay mode, drag disabled, window buttons hidden, title bar hidden
[2020.02.22-12.29.36:045][ 37]LogSlate: Window 'MyProject Game Preview Standalone (64-bit/PCD3D_SM5)' being destroyed
[2020.02.22-12.29.36:079][ 37]LogPlayLevel: Display: Shutting down PIE online subsystems
[2020.02.22-12.29.36:080][ 37]LogBlueprintUserMessages: Late EndPlayMap Detection: Level '/Game/SynthvaniaContent/Levels/SideScrollerExampleMap.SideScrollerExampleMap:PersistentLevel' has LevelScriptBlueprint '/Game/SynthvaniaContent/Levels/SideScrollerExampleMap.SideScrollerExampleMap:PersistentLevel.SideScrollerExampleMap' with GeneratedClass '/Game/SynthvaniaContent/Levels/SideScrollerExampleMap.SideScrollerExampleMap_C' with ClassGeneratedBy '/Game/SynthvaniaContent/Levels/SideScrollerExampleMap.SideScrollerExampleMap:PersistentLevel.SideScrollerExampleMap'
[2020.02.22-12.29.36:138][ 38]LogPlayLevel: Display: Destroying online subsystem :Context_6
[2020.02.22-12.31.02:042][605]LogAIModule: Creating AISystem for world MainMenu
[2020.02.22-12.31.09:577][450]LogAssetEditorManager: Opening Asset editor for World /Game/SynthvaniaContent/Levels/MainMenu.MainMenu
[2020.02.22-12.31.11:032][450]LogSlate: Window 'Save Content' being destroyed
[2020.02.22-12.31.11:102][450]LogSavePackage: Moving '../../../../../../Users/khreb/Documents/GitHub/Team-8-BIOMIX/Saved/MainMenuWidget8288F9874F3AE71A26624EAA63D1FC17.tmp' to '../../../../../../Users/khreb/Documents/GitHub/Team-8-BIOMIX/Content/SynthvaniaContent/Blueprints/Widgets/MainMenuWidget.uasset'
[2020.02.22-12.31.11:111][450]Cmd: MAP LOAD FILE="../../../../../../Users/khreb/Documents/GitHub/Team-8-BIOMIX/Content/SynthvaniaContent/Levels/MainMenu.umap" TEMPLATE=0 SHOWPROGRESS=1 FEATURELEVEL=3
[2020.02.22-12.31.11:111][450]LightingResults: New page: Lighting Build
[2020.02.22-12.31.11:112][450]LoadErrors: New page: Loading map: MainMenu.umap
[2020.02.22-12.31.11:113][450]MapCheck: New page: Map Check
[2020.02.22-12.31.11:113][450]LightingResults: New page: Lighting Build
[2020.02.22-12.31.11:210][450]LogEditorServer: Finished looking for orphan Actors (0.000 secs)
[2020.02.22-12.31.11:295][450]Cmd: MAP CHECKDEP NOCLEARLOG
[2020.02.22-12.31.11:295][450]MapCheck: Map check complete: 0 Error(s), 0 Warning(s), took 0.163ms to complete.
[2020.02.22-12.31.11:297][450]LogFileHelpers: Loading map 'MainMenu' took 0.187
[2020.02.22-12.31.12:834][617]LogTemp: Repeating last play command: Selected Viewport
[2020.02.22-12.31.12:862][617]LogBlueprintUserMessages: Early PlayInEditor Detection: Level '/Game/SynthvaniaContent/Levels/MainMenu.MainMenu:PersistentLevel' has LevelScriptBlueprint '/Game/SynthvaniaContent/Levels/MainMenu.MainMenu:PersistentLevel.MainMenu' with GeneratedClass '/Game/SynthvaniaContent/Levels/MainMenu.MainMenu_C' with ClassGeneratedBy '/Game/SynthvaniaContent/Levels/MainMenu.MainMenu:PersistentLevel.MainMenu'
[2020.02.22-12.31.12:863][617]LogPlayLevel: PlayLevel: No blueprints needed recompiling
[2020.02.22-12.31.12:863][617]PIE: New page: PIE session: MainMenu (22 Feb 2020 12:31:12)
[2020.02.22-12.31.12:863][617]LogPlayLevel: Creating play world package: /Game/SynthvaniaContent/Levels/UEDPIE_0_MainMenu
[2020.02.22-12.31.12:864][617]LogPlayLevel: PIE: StaticDuplicateObject took: (0.000766s)
[2020.02.22-12.31.12:864][617]LogAIModule: Creating AISystem for world MainMenu
[2020.02.22-12.31.12:865][617]LogPlayLevel: PIE: World Init took: (0.000527s)
[2020.02.22-12.31.12:865][617]LogPlayLevel: PIE: Created PIE world by copying editor world from /Game/SynthvaniaContent/Levels/MainMenu.MainMenu to /Game/SynthvaniaContent/Levels/UEDPIE_0_MainMenu.MainMenu (0.001512s)
[2020.02.22-12.31.12:921][617]LogInit: XAudio2 using 'Digital Output (AMD High Definition Audio Device)' : 6 channels at 48 kHz using 16 bits per sample (channel mask 0x3f)
[2020.02.22-12.31.12:983][617]LogInit: FAudioDevice initialized.
[2020.02.22-12.31.13:018][617]LogLoad: Game class is 'MainMenuMode_C'
[2020.02.22-12.31.13:018][617]LogWorld: Bringing World /Game/SynthvaniaContent/Levels/UEDPIE_0_MainMenu.MainMenu up for play (max tick rate 0) at 2020.02.22-12.31.13
[2020.02.22-12.31.13:019][617]LogWorld: Bringing up level for play took: 0.000326
[2020.02.22-12.31.13:032][617]PIE: Play in editor start time for /Game/SynthvaniaContent/Levels/UEDPIE_0_MainMenu 0.992
[2020.02.22-12.31.13:033][617]LogBlueprintUserMessages: Late PlayInEditor Detection: Level '/Game/SynthvaniaContent/Levels/MainMenu.MainMenu:PersistentLevel' has LevelScriptBlueprint '/Game/SynthvaniaContent/Levels/MainMenu.MainMenu:PersistentLevel.MainMenu' with GeneratedClass '/Game/SynthvaniaContent/Levels/MainMenu.MainMenu_C' with ClassGeneratedBy '/Game/SynthvaniaContent/Levels/MainMenu.MainMenu:PersistentLevel.MainMenu'
[2020.02.22-12.31.19:257][363]LogNet: Browse: /Game/SynthvaniaContent/Levels/SideScrollerExampleMap
[2020.02.22-12.31.19:258][363]LogLoad: LoadMap: /Game/SynthvaniaContent/Levels/SideScrollerExampleMap
[2020.02.22-12.31.19:328][363]LogAIModule: Creating AISystem for world SideScrollerExampleMap
[2020.02.22-12.31.19:329][363]LogLoad: Game class is 'GameModeBase'
[2020.02.22-12.31.19:338][363]LogWorld: Bringing World /Game/SynthvaniaContent/Levels/UEDPIE_0_SideScrollerExampleMap.SideScrollerExampleMap up for play (max tick rate 0) at 2020.02.22-12.31.19
[2020.02.22-12.31.19:338][363]LogWorld: Bringing up level for play took: 0.008828
[2020.02.22-12.31.19:340][363]LogLoad: Took 0.081600 seconds to LoadMap(/Game/SynthvaniaContent/Levels/SideScrollerExampleMap)
[2020.02.22-12.31.20:665][519]LogBlueprintUserMessages: Early EndPlayMap Detection: Level '/Game/SynthvaniaContent/Levels/MainMenu.MainMenu:PersistentLevel' has LevelScriptBlueprint '/Game/SynthvaniaContent/Levels/MainMenu.MainMenu:PersistentLevel.MainMenu' with GeneratedClass '/Game/SynthvaniaContent/Levels/MainMenu.MainMenu_C' with ClassGeneratedBy '/Game/SynthvaniaContent/Levels/MainMenu.MainMenu:PersistentLevel.MainMenu'
[2020.02.22-12.31.20:666][519]LogSlate: Updating window title bar state: overlay mode, drag disabled, window buttons hidden, title bar hidden
[2020.02.22-12.31.20:701][519]LogPlayLevel: Display: Shutting down PIE online subsystems
[2020.02.22-12.31.20:702][519]LogBlueprintUserMessages: Late EndPlayMap Detection: Level '/Game/SynthvaniaContent/Levels/MainMenu.MainMenu:PersistentLevel' has LevelScriptBlueprint '/Game/SynthvaniaContent/Levels/MainMenu.MainMenu:PersistentLevel.MainMenu' with GeneratedClass '/Game/SynthvaniaContent/Levels/MainMenu.MainMenu_C' with ClassGeneratedBy '/Game/SynthvaniaContent/Levels/MainMenu.MainMenu:PersistentLevel.MainMenu'
[2020.02.22-12.31.20:733][519]LogSlate: Updating window title bar state: overlay mode, drag disabled, window buttons hidden, title bar hidden
[2020.02.22-12.31.20:767][521]LogPlayLevel: Display: Destroying online subsystem :Context_8
[2020.02.22-12.31.22:326][704]LogSlate: FSceneViewport::OnFocusLost() reason 2
